WARNING - 2023-03-09 06:03:40 --> [DEPRECATED] Creation of dynamic property App\Controllers\Credentials::$credentials_model is deprecated in APPPATH\Controllers\Credentials.php on line 9.
 1 SYSTEMPATH\CodeIgniter.php(906): App\Controllers\Credentials->__construct()
 2 SYSTEMPATH\CodeIgniter.php(490): CodeIgniter\CodeIgniter->createController()
 3 SYSTEMPATH\CodeIgniter.php(368): CodeIgniter\CodeIgniter->handleRequest(null, Object(Config\Cache), false)
 4 FCPATH\index.php(67): CodeIgniter\CodeIgniter->run()
INFO - 2023-03-09 06:03:40 --> Session: Class initialized using 'CodeIgniter\Session\Handlers\FileHandler' driver.
WARNING - 2023-03-09 06:03:40 --> [DEPRECATED] Creation of dynamic property App\Controllers\Credentials::$session is deprecated in APPPATH\Controllers\Credentials.php on line 10.
 1 SYSTEMPATH\CodeIgniter.php(906): App\Controllers\Credentials->__construct()
 2 SYSTEMPATH\CodeIgniter.php(490): CodeIgniter\CodeIgniter->createController()
 3 SYSTEMPATH\CodeIgniter.php(368): CodeIgniter\CodeIgniter->handleRequest(null, Object(Config\Cache), false)
 4 FCPATH\index.php(67): CodeIgniter\CodeIgniter->run()
WARNING - 2023-03-09 06:04:02 --> [DEPRECATED] Creation of dynamic property App\Controllers\Credentials::$credentials_model is deprecated in APPPATH\Controllers\Credentials.php on line 9.
 1 SYSTEMPATH\CodeIgniter.php(906): App\Controllers\Credentials->__construct()
 2 SYSTEMPATH\CodeIgniter.php(490): CodeIgniter\CodeIgniter->createController()
 3 SYSTEMPATH\CodeIgniter.php(368): CodeIgniter\CodeIgniter->handleRequest(null, Object(Config\Cache), false)
 4 FCPATH\index.php(67): CodeIgniter\CodeIgniter->run()
INFO - 2023-03-09 06:04:02 --> Session: Class initialized using 'CodeIgniter\Session\Handlers\FileHandler' driver.
WARNING - 2023-03-09 06:04:02 --> [DEPRECATED] Creation of dynamic property App\Controllers\Credentials::$session is deprecated in APPPATH\Controllers\Credentials.php on line 10.
 1 SYSTEMPATH\CodeIgniter.php(906): App\Controllers\Credentials->__construct()
 2 SYSTEMPATH\CodeIgniter.php(490): CodeIgniter\CodeIgniter->createController()
 3 SYSTEMPATH\CodeIgniter.php(368): CodeIgniter\CodeIgniter->handleRequest(null, Object(Config\Cache), false)
 4 FCPATH\index.php(67): CodeIgniter\CodeIgniter->run()
WARNING - 2023-03-09 06:04:03 --> [DEPRECATED] Creation of dynamic property App\Controllers\Credentials::$credentials_model is deprecated in APPPATH\Controllers\Credentials.php on line 9.
 1 SYSTEMPATH\CodeIgniter.php(906): App\Controllers\Credentials->__construct()
 2 SYSTEMPATH\CodeIgniter.php(490): CodeIgniter\CodeIgniter->createController()
 3 SYSTEMPATH\CodeIgniter.php(368): CodeIgniter\CodeIgniter->handleRequest(null, Object(Config\Cache), false)
 4 FCPATH\index.php(67): CodeIgniter\CodeIgniter->run()
INFO - 2023-03-09 06:04:03 --> Session: Class initialized using 'CodeIgniter\Session\Handlers\FileHandler' driver.
WARNING - 2023-03-09 06:04:03 --> [DEPRECATED] Creation of dynamic property App\Controllers\Credentials::$session is deprecated in APPPATH\Controllers\Credentials.php on line 10.
 1 SYSTEMPATH\CodeIgniter.php(906): App\Controllers\Credentials->__construct()
 2 SYSTEMPATH\CodeIgniter.php(490): CodeIgniter\CodeIgniter->createController()
 3 SYSTEMPATH\CodeIgniter.php(368): CodeIgniter\CodeIgniter->handleRequest(null, Object(Config\Cache), false)
 4 FCPATH\index.php(67): CodeIgniter\CodeIgniter->run()
WARNING - 2023-03-09 06:04:31 --> [DEPRECATED] Creation of dynamic property App\Controllers\Organization::$organization_model is deprecated in APPPATH\Controllers\Organization.php on line 9.
 1 SYSTEMPATH\CodeIgniter.php(906): App\Controllers\Organization->__construct()
 2 SYSTEMPATH\CodeIgniter.php(490): CodeIgniter\CodeIgniter->createController()
 3 SYSTEMPATH\CodeIgniter.php(368): CodeIgniter\CodeIgniter->handleRequest(null, Object(Config\Cache), false)
 4 FCPATH\index.php(67): CodeIgniter\CodeIgniter->run()
INFO - 2023-03-09 06:04:31 --> Session: Class initialized using 'CodeIgniter\Session\Handlers\FileHandler' driver.
WARNING - 2023-03-09 06:04:31 --> [DEPRECATED] Creation of dynamic property App\Controllers\Organization::$session is deprecated in APPPATH\Controllers\Organization.php on line 10.
 1 SYSTEMPATH\CodeIgniter.php(906): App\Controllers\Organization->__construct()
 2 SYSTEMPATH\CodeIgniter.php(490): CodeIgniter\CodeIgniter->createController()
 3 SYSTEMPATH\CodeIgniter.php(368): CodeIgniter\CodeIgniter->handleRequest(null, Object(Config\Cache), false)
 4 FCPATH\index.php(67): CodeIgniter\CodeIgniter->run()
WARNING - 2023-03-09 06:04:34 --> [DEPRECATED] Creation of dynamic property App\Controllers\Credentials::$credentials_model is deprecated in APPPATH\Controllers\Credentials.php on line 9.
 1 SYSTEMPATH\CodeIgniter.php(906): App\Controllers\Credentials->__construct()
 2 SYSTEMPATH\CodeIgniter.php(490): CodeIgniter\CodeIgniter->createController()
 3 SYSTEMPATH\CodeIgniter.php(368): CodeIgniter\CodeIgniter->handleRequest(null, Object(Config\Cache), false)
 4 FCPATH\index.php(67): CodeIgniter\CodeIgniter->run()
INFO - 2023-03-09 06:04:34 --> Session: Class initialized using 'CodeIgniter\Session\Handlers\FileHandler' driver.
WARNING - 2023-03-09 06:04:34 --> [DEPRECATED] Creation of dynamic property App\Controllers\Credentials::$session is deprecated in APPPATH\Controllers\Credentials.php on line 10.
 1 SYSTEMPATH\CodeIgniter.php(906): App\Controllers\Credentials->__construct()
 2 SYSTEMPATH\CodeIgniter.php(490): CodeIgniter\CodeIgniter->createController()
 3 SYSTEMPATH\CodeIgniter.php(368): CodeIgniter\CodeIgniter->handleRequest(null, Object(Config\Cache), false)
 4 FCPATH\index.php(67): CodeIgniter\CodeIgniter->run()
WARNING - 2023-03-09 06:07:14 --> [DEPRECATED] Creation of dynamic property App\Controllers\Credentials::$credentials_model is deprecated in APPPATH\Controllers\Credentials.php on line 9.
 1 SYSTEMPATH\CodeIgniter.php(906): App\Controllers\Credentials->__construct()
 2 SYSTEMPATH\CodeIgniter.php(490): CodeIgniter\CodeIgniter->createController()
 3 SYSTEMPATH\CodeIgniter.php(368): CodeIgniter\CodeIgniter->handleRequest(null, Object(Config\Cache), false)
 4 FCPATH\index.php(67): CodeIgniter\CodeIgniter->run()
INFO - 2023-03-09 06:07:14 --> Session: Class initialized using 'CodeIgniter\Session\Handlers\FileHandler' driver.
WARNING - 2023-03-09 06:07:14 --> [DEPRECATED] Creation of dynamic property App\Controllers\Credentials::$session is deprecated in APPPATH\Controllers\Credentials.php on line 10.
 1 SYSTEMPATH\CodeIgniter.php(906): App\Controllers\Credentials->__construct()
 2 SYSTEMPATH\CodeIgniter.php(490): CodeIgniter\CodeIgniter->createController()
 3 SYSTEMPATH\CodeIgniter.php(368): CodeIgniter\CodeIgniter->handleRequest(null, Object(Config\Cache), false)
 4 FCPATH\index.php(67): CodeIgniter\CodeIgniter->run()
WARNING - 2023-03-09 06:07:27 --> [DEPRECATED] Creation of dynamic property App\Controllers\Credentials::$credentials_model is deprecated in APPPATH\Controllers\Credentials.php on line 9.
 1 SYSTEMPATH\CodeIgniter.php(906): App\Controllers\Credentials->__construct()
 2 SYSTEMPATH\CodeIgniter.php(490): CodeIgniter\CodeIgniter->createController()
 3 SYSTEMPATH\CodeIgniter.php(368): CodeIgniter\CodeIgniter->handleRequest(null, Object(Config\Cache), false)
 4 FCPATH\index.php(67): CodeIgniter\CodeIgniter->run()
INFO - 2023-03-09 06:07:27 --> Session: Class initialized using 'CodeIgniter\Session\Handlers\FileHandler' driver.
WARNING - 2023-03-09 06:07:27 --> [DEPRECATED] Creation of dynamic property App\Controllers\Credentials::$session is deprecated in APPPATH\Controllers\Credentials.php on line 10.
 1 SYSTEMPATH\CodeIgniter.php(906): App\Controllers\Credentials->__construct()
 2 SYSTEMPATH\CodeIgniter.php(490): CodeIgniter\CodeIgniter->createController()
 3 SYSTEMPATH\CodeIgniter.php(368): CodeIgniter\CodeIgniter->handleRequest(null, Object(Config\Cache), false)
 4 FCPATH\index.php(67): CodeIgniter\CodeIgniter->run()
WARNING - 2023-03-09 06:07:27 --> [DEPRECATED] Creation of dynamic property App\Controllers\Credentials::$credentials_model is deprecated in APPPATH\Controllers\Credentials.php on line 9.
 1 SYSTEMPATH\CodeIgniter.php(906): App\Controllers\Credentials->__construct()
 2 SYSTEMPATH\CodeIgniter.php(490): CodeIgniter\CodeIgniter->createController()
 3 SYSTEMPATH\CodeIgniter.php(368): CodeIgniter\CodeIgniter->handleRequest(null, Object(Config\Cache), false)
 4 FCPATH\index.php(67): CodeIgniter\CodeIgniter->run()
INFO - 2023-03-09 06:07:27 --> Session: Class initialized using 'CodeIgniter\Session\Handlers\FileHandler' driver.
WARNING - 2023-03-09 06:07:27 --> [DEPRECATED] Creation of dynamic property App\Controllers\Credentials::$session is deprecated in APPPATH\Controllers\Credentials.php on line 10.
 1 SYSTEMPATH\CodeIgniter.php(906): App\Controllers\Credentials->__construct()
 2 SYSTEMPATH\CodeIgniter.php(490): CodeIgniter\CodeIgniter->createController()
 3 SYSTEMPATH\CodeIgniter.php(368): CodeIgniter\CodeIgniter->handleRequest(null, Object(Config\Cache), false)
 4 FCPATH\index.php(67): CodeIgniter\CodeIgniter->run()
WARNING - 2023-03-09 06:07:41 --> [DEPRECATED] Creation of dynamic property App\Controllers\Organization::$organization_model is deprecated in APPPATH\Controllers\Organization.php on line 9.
 1 SYSTEMPATH\CodeIgniter.php(906): App\Controllers\Organization->__construct()
 2 SYSTEMPATH\CodeIgniter.php(490): CodeIgniter\CodeIgniter->createController()
 3 SYSTEMPATH\CodeIgniter.php(368): CodeIgniter\CodeIgniter->handleRequest(null, Object(Config\Cache), false)
 4 FCPATH\index.php(67): CodeIgniter\CodeIgniter->run()
INFO - 2023-03-09 06:07:41 --> Session: Class initialized using 'CodeIgniter\Session\Handlers\FileHandler' driver.
WARNING - 2023-03-09 06:07:41 --> [DEPRECATED] Creation of dynamic property App\Controllers\Organization::$session is deprecated in APPPATH\Controllers\Organization.php on line 10.
 1 SYSTEMPATH\CodeIgniter.php(906): App\Controllers\Organization->__construct()
 2 SYSTEMPATH\CodeIgniter.php(490): CodeIgniter\CodeIgniter->createController()
 3 SYSTEMPATH\CodeIgniter.php(368): CodeIgniter\CodeIgniter->handleRequest(null, Object(Config\Cache), false)
 4 FCPATH\index.php(67): CodeIgniter\CodeIgniter->run()
WARNING - 2023-03-09 06:07:44 --> [DEPRECATED] Creation of dynamic property App\Controllers\Credentials::$credentials_model is deprecated in APPPATH\Controllers\Credentials.php on line 9.
 1 SYSTEMPATH\CodeIgniter.php(906): App\Controllers\Credentials->__construct()
 2 SYSTEMPATH\CodeIgniter.php(490): CodeIgniter\CodeIgniter->createController()
 3 SYSTEMPATH\CodeIgniter.php(368): CodeIgniter\CodeIgniter->handleRequest(null, Object(Config\Cache), false)
 4 FCPATH\index.php(67): CodeIgniter\CodeIgniter->run()
INFO - 2023-03-09 06:07:44 --> Session: Class initialized using 'CodeIgniter\Session\Handlers\FileHandler' driver.
WARNING - 2023-03-09 06:07:44 --> [DEPRECATED] Creation of dynamic property App\Controllers\Credentials::$session is deprecated in APPPATH\Controllers\Credentials.php on line 10.
 1 SYSTEMPATH\CodeIgniter.php(906): App\Controllers\Credentials->__construct()
 2 SYSTEMPATH\CodeIgniter.php(490): CodeIgniter\CodeIgniter->createController()
 3 SYSTEMPATH\CodeIgniter.php(368): CodeIgniter\CodeIgniter->handleRequest(null, Object(Config\Cache), false)
 4 FCPATH\index.php(67): CodeIgniter\CodeIgniter->run()
WARNING - 2023-03-09 06:07:45 --> [DEPRECATED] Creation of dynamic property App\Controllers\Organization::$organization_model is deprecated in APPPATH\Controllers\Organization.php on line 9.
 1 SYSTEMPATH\CodeIgniter.php(906): App\Controllers\Organization->__construct()
 2 SYSTEMPATH\CodeIgniter.php(490): CodeIgniter\CodeIgniter->createController()
 3 SYSTEMPATH\CodeIgniter.php(368): CodeIgniter\CodeIgniter->handleRequest(null, Object(Config\Cache), false)
 4 FCPATH\index.php(67): CodeIgniter\CodeIgniter->run()
INFO - 2023-03-09 06:07:45 --> Session: Class initialized using 'CodeIgniter\Session\Handlers\FileHandler' driver.
WARNING - 2023-03-09 06:07:45 --> [DEPRECATED] Creation of dynamic property App\Controllers\Organization::$session is deprecated in APPPATH\Controllers\Organization.php on line 10.
 1 SYSTEMPATH\CodeIgniter.php(906): App\Controllers\Organization->__construct()
 2 SYSTEMPATH\CodeIgniter.php(490): CodeIgniter\CodeIgniter->createController()
 3 SYSTEMPATH\CodeIgniter.php(368): CodeIgniter\CodeIgniter->handleRequest(null, Object(Config\Cache), false)
 4 FCPATH\index.php(67): CodeIgniter\CodeIgniter->run()
WARNING - 2023-03-09 06:07:47 --> [DEPRECATED] Creation of dynamic property App\Controllers\Organization::$organization_model is deprecated in APPPATH\Controllers\Organization.php on line 9.
 1 SYSTEMPATH\CodeIgniter.php(906): App\Controllers\Organization->__construct()
 2 SYSTEMPATH\CodeIgniter.php(490): CodeIgniter\CodeIgniter->createController()
 3 SYSTEMPATH\CodeIgniter.php(368): CodeIgniter\CodeIgniter->handleRequest(null, Object(Config\Cache), false)
 4 FCPATH\index.php(67): CodeIgniter\CodeIgniter->run()
INFO - 2023-03-09 06:07:47 --> Session: Class initialized using 'CodeIgniter\Session\Handlers\FileHandler' driver.
WARNING - 2023-03-09 06:07:47 --> [DEPRECATED] Creation of dynamic property App\Controllers\Organization::$session is deprecated in APPPATH\Controllers\Organization.php on line 10.
 1 SYSTEMPATH\CodeIgniter.php(906): App\Controllers\Organization->__construct()
 2 SYSTEMPATH\CodeIgniter.php(490): CodeIgniter\CodeIgniter->createController()
 3 SYSTEMPATH\CodeIgniter.php(368): CodeIgniter\CodeIgniter->handleRequest(null, Object(Config\Cache), false)
 4 FCPATH\index.php(67): CodeIgniter\CodeIgniter->run()
WARNING - 2023-03-09 06:07:49 --> [DEPRECATED] Creation of dynamic property App\Controllers\Credentials::$credentials_model is deprecated in APPPATH\Controllers\Credentials.php on line 9.
 1 SYSTEMPATH\CodeIgniter.php(906): App\Controllers\Credentials->__construct()
 2 SYSTEMPATH\CodeIgniter.php(490): CodeIgniter\CodeIgniter->createController()
 3 SYSTEMPATH\CodeIgniter.php(368): CodeIgniter\CodeIgniter->handleRequest(null, Object(Config\Cache), false)
 4 FCPATH\index.php(67): CodeIgniter\CodeIgniter->run()
INFO - 2023-03-09 06:07:49 --> Session: Class initialized using 'CodeIgniter\Session\Handlers\FileHandler' driver.
WARNING - 2023-03-09 06:07:49 --> [DEPRECATED] Creation of dynamic property App\Controllers\Credentials::$session is deprecated in APPPATH\Controllers\Credentials.php on line 10.
 1 SYSTEMPATH\CodeIgniter.php(906): App\Controllers\Credentials->__construct()
 2 SYSTEMPATH\CodeIgniter.php(490): CodeIgniter\CodeIgniter->createController()
 3 SYSTEMPATH\CodeIgniter.php(368): CodeIgniter\CodeIgniter->handleRequest(null, Object(Config\Cache), false)
 4 FCPATH\index.php(67): CodeIgniter\CodeIgniter->run()
WARNING - 2023-03-09 06:07:51 --> [DEPRECATED] Creation of dynamic property App\Controllers\Credentials::$credentials_model is deprecated in APPPATH\Controllers\Credentials.php on line 9.
 1 SYSTEMPATH\CodeIgniter.php(906): App\Controllers\Credentials->__construct()
 2 SYSTEMPATH\CodeIgniter.php(490): CodeIgniter\CodeIgniter->createController()
 3 SYSTEMPATH\CodeIgniter.php(368): CodeIgniter\CodeIgniter->handleRequest(null, Object(Config\Cache), false)
 4 FCPATH\index.php(67): CodeIgniter\CodeIgniter->run()
INFO - 2023-03-09 06:07:51 --> Session: Class initialized using 'CodeIgniter\Session\Handlers\FileHandler' driver.
WARNING - 2023-03-09 06:07:51 --> [DEPRECATED] Creation of dynamic property App\Controllers\Credentials::$session is deprecated in APPPATH\Controllers\Credentials.php on line 10.
 1 SYSTEMPATH\CodeIgniter.php(906): App\Controllers\Credentials->__construct()
 2 SYSTEMPATH\CodeIgniter.php(490): CodeIgniter\CodeIgniter->createController()
 3 SYSTEMPATH\CodeIgniter.php(368): CodeIgniter\CodeIgniter->handleRequest(null, Object(Config\Cache), false)
 4 FCPATH\index.php(67): CodeIgniter\CodeIgniter->run()
WARNING - 2023-03-09 06:08:23 --> [DEPRECATED] Creation of dynamic property App\Controllers\Credentials::$credentials_model is deprecated in APPPATH\Controllers\Credentials.php on line 9.
 1 SYSTEMPATH\CodeIgniter.php(906): App\Controllers\Credentials->__construct()
 2 SYSTEMPATH\CodeIgniter.php(490): CodeIgniter\CodeIgniter->createController()
 3 SYSTEMPATH\CodeIgniter.php(368): CodeIgniter\CodeIgniter->handleRequest(null, Object(Config\Cache), false)
 4 FCPATH\index.php(67): CodeIgniter\CodeIgniter->run()
INFO - 2023-03-09 06:08:23 --> Session: Class initialized using 'CodeIgniter\Session\Handlers\FileHandler' driver.
WARNING - 2023-03-09 06:08:23 --> [DEPRECATED] Creation of dynamic property App\Controllers\Credentials::$session is deprecated in APPPATH\Controllers\Credentials.php on line 10.
 1 SYSTEMPATH\CodeIgniter.php(906): App\Controllers\Credentials->__construct()
 2 SYSTEMPATH\CodeIgniter.php(490): CodeIgniter\CodeIgniter->createController()
 3 SYSTEMPATH\CodeIgniter.php(368): CodeIgniter\CodeIgniter->handleRequest(null, Object(Config\Cache), false)
 4 FCPATH\index.php(67): CodeIgniter\CodeIgniter->run()
WARNING - 2023-03-09 06:18:41 --> [DEPRECATED] Creation of dynamic property App\Controllers\Credentials::$credentials_model is deprecated in APPPATH\Controllers\Credentials.php on line 9.
 1 SYSTEMPATH\CodeIgniter.php(906): App\Controllers\Credentials->__construct()
 2 SYSTEMPATH\CodeIgniter.php(490): CodeIgniter\CodeIgniter->createController()
 3 SYSTEMPATH\CodeIgniter.php(368): CodeIgniter\CodeIgniter->handleRequest(null, Object(Config\Cache), false)
 4 FCPATH\index.php(67): CodeIgniter\CodeIgniter->run()
INFO - 2023-03-09 06:18:41 --> Session: Class initialized using 'CodeIgniter\Session\Handlers\FileHandler' driver.
WARNING - 2023-03-09 06:18:41 --> [DEPRECATED] Creation of dynamic property App\Controllers\Credentials::$session is deprecated in APPPATH\Controllers\Credentials.php on line 10.
 1 SYSTEMPATH\CodeIgniter.php(906): App\Controllers\Credentials->__construct()
 2 SYSTEMPATH\CodeIgniter.php(490): CodeIgniter\CodeIgniter->createController()
 3 SYSTEMPATH\CodeIgniter.php(368): CodeIgniter\CodeIgniter->handleRequest(null, Object(Config\Cache), false)
 4 FCPATH\index.php(67): CodeIgniter\CodeIgniter->run()
WARNING - 2023-03-09 06:31:28 --> [DEPRECATED] Creation of dynamic property App\Controllers\Credentials::$credentials_model is deprecated in APPPATH\Controllers\Credentials.php on line 9.
 1 SYSTEMPATH\CodeIgniter.php(906): App\Controllers\Credentials->__construct()
 2 SYSTEMPATH\CodeIgniter.php(490): CodeIgniter\CodeIgniter->createController()
 3 SYSTEMPATH\CodeIgniter.php(368): CodeIgniter\CodeIgniter->handleRequest(null, Object(Config\Cache), false)
 4 FCPATH\index.php(67): CodeIgniter\CodeIgniter->run()
INFO - 2023-03-09 06:31:28 --> Session: Class initialized using 'CodeIgniter\Session\Handlers\FileHandler' driver.
WARNING - 2023-03-09 06:31:28 --> [DEPRECATED] Creation of dynamic property App\Controllers\Credentials::$session is deprecated in APPPATH\Controllers\Credentials.php on line 10.
 1 SYSTEMPATH\CodeIgniter.php(906): App\Controllers\Credentials->__construct()
 2 SYSTEMPATH\CodeIgniter.php(490): CodeIgniter\CodeIgniter->createController()
 3 SYSTEMPATH\CodeIgniter.php(368): CodeIgniter\CodeIgniter->handleRequest(null, Object(Config\Cache), false)
 4 FCPATH\index.php(67): CodeIgniter\CodeIgniter->run()
WARNING - 2023-03-09 06:31:28 --> [DEPRECATED] Creation of dynamic property App\Controllers\Credentials::$credentials_model is deprecated in APPPATH\Controllers\Credentials.php on line 9.
 1 SYSTEMPATH\CodeIgniter.php(906): App\Controllers\Credentials->__construct()
 2 SYSTEMPATH\CodeIgniter.php(490): CodeIgniter\CodeIgniter->createController()
 3 SYSTEMPATH\CodeIgniter.php(368): CodeIgniter\CodeIgniter->handleRequest(null, Object(Config\Cache), false)
 4 FCPATH\index.php(67): CodeIgniter\CodeIgniter->run()
INFO - 2023-03-09 06:31:28 --> Session: Class initialized using 'CodeIgniter\Session\Handlers\FileHandler' driver.
WARNING - 2023-03-09 06:31:28 --> [DEPRECATED] Creation of dynamic property App\Controllers\Credentials::$session is deprecated in APPPATH\Controllers\Credentials.php on line 10.
 1 SYSTEMPATH\CodeIgniter.php(906): App\Controllers\Credentials->__construct()
 2 SYSTEMPATH\CodeIgniter.php(490): CodeIgniter\CodeIgniter->createController()
 3 SYSTEMPATH\CodeIgniter.php(368): CodeIgniter\CodeIgniter->handleRequest(null, Object(Config\Cache), false)
 4 FCPATH\index.php(67): CodeIgniter\CodeIgniter->run()
WARNING - 2023-03-09 06:43:56 --> [DEPRECATED] Creation of dynamic property App\Controllers\Organization::$organization_model is deprecated in APPPATH\Controllers\Organization.php on line 9.
 1 SYSTEMPATH\CodeIgniter.php(906): App\Controllers\Organization->__construct()
 2 SYSTEMPATH\CodeIgniter.php(490): CodeIgniter\CodeIgniter->createController()
 3 SYSTEMPATH\CodeIgniter.php(368): CodeIgniter\CodeIgniter->handleRequest(null, Object(Config\Cache), false)
 4 FCPATH\index.php(67): CodeIgniter\CodeIgniter->run()
INFO - 2023-03-09 06:43:56 --> Session: Class initialized using 'CodeIgniter\Session\Handlers\FileHandler' driver.
WARNING - 2023-03-09 06:43:56 --> [DEPRECATED] Creation of dynamic property App\Controllers\Organization::$session is deprecated in APPPATH\Controllers\Organization.php on line 10.
 1 SYSTEMPATH\CodeIgniter.php(906): App\Controllers\Organization->__construct()
 2 SYSTEMPATH\CodeIgniter.php(490): CodeIgniter\CodeIgniter->createController()
 3 SYSTEMPATH\CodeIgniter.php(368): CodeIgniter\CodeIgniter->handleRequest(null, Object(Config\Cache), false)
 4 FCPATH\index.php(67): CodeIgniter\CodeIgniter->run()
WARNING - 2023-03-09 06:44:10 --> [DEPRECATED] Creation of dynamic property App\Controllers\Credentials::$credentials_model is deprecated in APPPATH\Controllers\Credentials.php on line 9.
 1 SYSTEMPATH\CodeIgniter.php(906): App\Controllers\Credentials->__construct()
 2 SYSTEMPATH\CodeIgniter.php(490): CodeIgniter\CodeIgniter->createController()
 3 SYSTEMPATH\CodeIgniter.php(368): CodeIgniter\CodeIgniter->handleRequest(null, Object(Config\Cache), false)
 4 FCPATH\index.php(67): CodeIgniter\CodeIgniter->run()
INFO - 2023-03-09 06:44:10 --> Session: Class initialized using 'CodeIgniter\Session\Handlers\FileHandler' driver.
WARNING - 2023-03-09 06:44:10 --> [DEPRECATED] Creation of dynamic property App\Controllers\Credentials::$session is deprecated in APPPATH\Controllers\Credentials.php on line 10.
 1 SYSTEMPATH\CodeIgniter.php(906): App\Controllers\Credentials->__construct()
 2 SYSTEMPATH\CodeIgniter.php(490): CodeIgniter\CodeIgniter->createController()
 3 SYSTEMPATH\CodeIgniter.php(368): CodeIgniter\CodeIgniter->handleRequest(null, Object(Config\Cache), false)
 4 FCPATH\index.php(67): CodeIgniter\CodeIgniter->run()
WARNING - 2023-03-09 07:00:58 --> [DEPRECATED] Creation of dynamic property App\Controllers\Credentials::$credentials_model is deprecated in APPPATH\Controllers\Credentials.php on line 9.
 1 SYSTEMPATH\CodeIgniter.php(906): App\Controllers\Credentials->__construct()
 2 SYSTEMPATH\CodeIgniter.php(490): CodeIgniter\CodeIgniter->createController()
 3 SYSTEMPATH\CodeIgniter.php(368): CodeIgniter\CodeIgniter->handleRequest(null, Object(Config\Cache), false)
 4 FCPATH\index.php(67): CodeIgniter\CodeIgniter->run()
INFO - 2023-03-09 07:00:58 --> Session: Class initialized using 'CodeIgniter\Session\Handlers\FileHandler' driver.
WARNING - 2023-03-09 07:00:58 --> [DEPRECATED] Creation of dynamic property App\Controllers\Credentials::$session is deprecated in APPPATH\Controllers\Credentials.php on line 10.
 1 SYSTEMPATH\CodeIgniter.php(906): App\Controllers\Credentials->__construct()
 2 SYSTEMPATH\CodeIgniter.php(490): CodeIgniter\CodeIgniter->createController()
 3 SYSTEMPATH\CodeIgniter.php(368): CodeIgniter\CodeIgniter->handleRequest(null, Object(Config\Cache), false)
 4 FCPATH\index.php(67): CodeIgniter\CodeIgniter->run()
WARNING - 2023-03-09 07:32:35 --> [DEPRECATED] Creation of dynamic property App\Controllers\Credentials::$credentials_model is deprecated in APPPATH\Controllers\Credentials.php on line 9.
 1 SYSTEMPATH\CodeIgniter.php(906): App\Controllers\Credentials->__construct()
 2 SYSTEMPATH\CodeIgniter.php(490): CodeIgniter\CodeIgniter->createController()
 3 SYSTEMPATH\CodeIgniter.php(368): CodeIgniter\CodeIgniter->handleRequest(null, Object(Config\Cache), false)
 4 FCPATH\index.php(67): CodeIgniter\CodeIgniter->run()
INFO - 2023-03-09 07:32:35 --> Session: Class initialized using 'CodeIgniter\Session\Handlers\FileHandler' driver.
WARNING - 2023-03-09 07:32:35 --> [DEPRECATED] Creation of dynamic property App\Controllers\Credentials::$session is deprecated in APPPATH\Controllers\Credentials.php on line 10.
 1 SYSTEMPATH\CodeIgniter.php(906): App\Controllers\Credentials->__construct()
 2 SYSTEMPATH\CodeIgniter.php(490): CodeIgniter\CodeIgniter->createController()
 3 SYSTEMPATH\CodeIgniter.php(368): CodeIgniter\CodeIgniter->handleRequest(null, Object(Config\Cache), false)
 4 FCPATH\index.php(67): CodeIgniter\CodeIgniter->run()
WARNING - 2023-03-09 07:42:02 --> [DEPRECATED] Creation of dynamic property App\Controllers\Credentials::$credentials_model is deprecated in APPPATH\Controllers\Credentials.php on line 9.
 1 SYSTEMPATH\CodeIgniter.php(906): App\Controllers\Credentials->__construct()
 2 SYSTEMPATH\CodeIgniter.php(490): CodeIgniter\CodeIgniter->createController()
 3 SYSTEMPATH\CodeIgniter.php(368): CodeIgniter\CodeIgniter->handleRequest(null, Object(Config\Cache), false)
 4 FCPATH\index.php(67): CodeIgniter\CodeIgniter->run()
INFO - 2023-03-09 07:42:02 --> Session: Class initialized using 'CodeIgniter\Session\Handlers\FileHandler' driver.
WARNING - 2023-03-09 07:42:02 --> [DEPRECATED] Creation of dynamic property App\Controllers\Credentials::$session is deprecated in APPPATH\Controllers\Credentials.php on line 10.
 1 SYSTEMPATH\CodeIgniter.php(906): App\Controllers\Credentials->__construct()
 2 SYSTEMPATH\CodeIgniter.php(490): CodeIgniter\CodeIgniter->createController()
 3 SYSTEMPATH\CodeIgniter.php(368): CodeIgniter\CodeIgniter->handleRequest(null, Object(Config\Cache), false)
 4 FCPATH\index.php(67): CodeIgniter\CodeIgniter->run()
