WARNING - 2023-03-03 17:22:47 --> [DEPRECATED] Creation of dynamic property App\Controllers\Credentials::$credentials_model is deprecated in APPPATH\Controllers\Credentials.php on line 9.
 1 SYSTEMPATH\CodeIgniter.php(906): App\Controllers\Credentials->__construct()
 2 SYSTEMPATH\CodeIgniter.php(490): CodeIgniter\CodeIgniter->createController()
 3 SYSTEMPATH\CodeIgniter.php(368): CodeIgniter\CodeIgniter->handleRequest(null, Object(Config\Cache), false)
 4 FCPATH\index.php(67): CodeIgniter\CodeIgniter->run()
WARNING - 2023-03-03 17:23:22 --> [DEPRECATED] Creation of dynamic property App\Controllers\Credentials::$credentials_model is deprecated in APPPATH\Controllers\Credentials.php on line 9.
 1 SYSTEMPATH\CodeIgniter.php(906): App\Controllers\Credentials->__construct()
 2 SYSTEMPATH\CodeIgniter.php(490): CodeIgniter\CodeIgniter->createController()
 3 SYSTEMPATH\CodeIgniter.php(368): CodeIgniter\CodeIgniter->handleRequest(null, Object(Config\Cache), false)
 4 FCPATH\index.php(67): CodeIgniter\CodeIgniter->run()
CRITICAL - 2023-03-03 17:23:22 --> Array to string conversion
in APPPATH\Models\Credentials_model.php on line 18.
 1 APPPATH\Models\Credentials_model.php(18): CodeIgniter\Debug\Exceptions->errorHandler(2, 'Array to string conversion', 'APPPATH\\Models\\Credentials_model.php', 18)
 2 APPPATH\Controllers\Credentials.php(30): App\Models\Credentials_model->register_user([...])
 3 SYSTEMPATH\CodeIgniter.php(934): App\Controllers\Credentials->register()
 4 SYSTEMPATH\CodeIgniter.php(499): CodeIgniter\CodeIgniter->runController(Object(App\Controllers\Credentials))
 5 SYSTEMPATH\CodeIgniter.php(368): CodeIgniter\CodeIgniter->handleRequest(null, Object(Config\Cache), false)
 6 FCPATH\index.php(67): CodeIgniter\CodeIgniter->run()
WARNING - 2023-03-03 17:24:10 --> [DEPRECATED] Creation of dynamic property App\Controllers\Credentials::$credentials_model is deprecated in APPPATH\Controllers\Credentials.php on line 9.
 1 SYSTEMPATH\CodeIgniter.php(906): App\Controllers\Credentials->__construct()
 2 SYSTEMPATH\CodeIgniter.php(490): CodeIgniter\CodeIgniter->createController()
 3 SYSTEMPATH\CodeIgniter.php(368): CodeIgniter\CodeIgniter->handleRequest(null, Object(Config\Cache), false)
 4 FCPATH\index.php(67): CodeIgniter\CodeIgniter->run()
WARNING - 2023-03-03 17:24:33 --> [DEPRECATED] Creation of dynamic property App\Controllers\Credentials::$credentials_model is deprecated in APPPATH\Controllers\Credentials.php on line 9.
 1 SYSTEMPATH\CodeIgniter.php(906): App\Controllers\Credentials->__construct()
 2 SYSTEMPATH\CodeIgniter.php(490): CodeIgniter\CodeIgniter->createController()
 3 SYSTEMPATH\CodeIgniter.php(368): CodeIgniter\CodeIgniter->handleRequest(null, Object(Config\Cache), false)
 4 FCPATH\index.php(67): CodeIgniter\CodeIgniter->run()
WARNING - 2023-03-03 17:24:51 --> [DEPRECATED] Creation of dynamic property App\Controllers\Credentials::$credentials_model is deprecated in APPPATH\Controllers\Credentials.php on line 9.
 1 SYSTEMPATH\CodeIgniter.php(906): App\Controllers\Credentials->__construct()
 2 SYSTEMPATH\CodeIgniter.php(490): CodeIgniter\CodeIgniter->createController()
 3 SYSTEMPATH\CodeIgniter.php(368): CodeIgniter\CodeIgniter->handleRequest(null, Object(Config\Cache), false)
 4 FCPATH\index.php(67): CodeIgniter\CodeIgniter->run()
WARNING - 2023-03-03 17:25:19 --> [DEPRECATED] Creation of dynamic property App\Controllers\Credentials::$credentials_model is deprecated in APPPATH\Controllers\Credentials.php on line 9.
 1 SYSTEMPATH\CodeIgniter.php(906): App\Controllers\Credentials->__construct()
 2 SYSTEMPATH\CodeIgniter.php(490): CodeIgniter\CodeIgniter->createController()
 3 SYSTEMPATH\CodeIgniter.php(368): CodeIgniter\CodeIgniter->handleRequest(null, Object(Config\Cache), false)
 4 FCPATH\index.php(67): CodeIgniter\CodeIgniter->run()
WARNING - 2023-03-03 17:25:26 --> [DEPRECATED] Creation of dynamic property App\Controllers\Credentials::$credentials_model is deprecated in APPPATH\Controllers\Credentials.php on line 9.
 1 SYSTEMPATH\CodeIgniter.php(906): App\Controllers\Credentials->__construct()
 2 SYSTEMPATH\CodeIgniter.php(490): CodeIgniter\CodeIgniter->createController()
 3 SYSTEMPATH\CodeIgniter.php(368): CodeIgniter\CodeIgniter->handleRequest(null, Object(Config\Cache), false)
 4 FCPATH\index.php(67): CodeIgniter\CodeIgniter->run()
CRITICAL - 2023-03-03 17:26:39 --> syntax error, unexpected string content "", expecting "-" or identifier or variable or number
in APPPATH\Models\Credentials_model.php on line 19.
 1 SYSTEMPATH\Autoloader\Autoloader.php(289): CodeIgniter\Autoloader\Autoloader->includeFile('APPPATH\\Models\\Credentials_model.php')
 2 SYSTEMPATH\Autoloader\Autoloader.php(267): CodeIgniter\Autoloader\Autoloader->loadInNamespace('App\\Models\\Credentials_model')
 3 APPPATH\Controllers\Credentials.php(9): CodeIgniter\Autoloader\Autoloader->loadClass('App\\Models\\Credentials_model')
 4 SYSTEMPATH\CodeIgniter.php(906): App\Controllers\Credentials->__construct()
 5 SYSTEMPATH\CodeIgniter.php(490): CodeIgniter\CodeIgniter->createController()
 6 SYSTEMPATH\CodeIgniter.php(368): CodeIgniter\CodeIgniter->handleRequest(null, Object(Config\Cache), false)
 7 FCPATH\index.php(67): CodeIgniter\CodeIgniter->run()
WARNING - 2023-03-03 17:28:50 --> [DEPRECATED] Creation of dynamic property App\Controllers\Credentials::$credentials_model is deprecated in APPPATH\Controllers\Credentials.php on line 9.
 1 SYSTEMPATH\CodeIgniter.php(906): App\Controllers\Credentials->__construct()
 2 SYSTEMPATH\CodeIgniter.php(490): CodeIgniter\CodeIgniter->createController()
 3 SYSTEMPATH\CodeIgniter.php(368): CodeIgniter\CodeIgniter->handleRequest(null, Object(Config\Cache), false)
 4 FCPATH\index.php(67): CodeIgniter\CodeIgniter->run()
CRITICAL - 2023-03-03 17:28:50 --> Undefined constant "App\Models\username"
in APPPATH\Models\Credentials_model.php on line 19.
 1 APPPATH\Controllers\Credentials.php(32): App\Models\Credentials_model->register_user([...])
 2 SYSTEMPATH\CodeIgniter.php(934): App\Controllers\Credentials->register()
 3 SYSTEMPATH\CodeIgniter.php(499): CodeIgniter\CodeIgniter->runController(Object(App\Controllers\Credentials))
 4 SYSTEMPATH\CodeIgniter.php(368): CodeIgniter\CodeIgniter->handleRequest(null, Object(Config\Cache), false)
 5 FCPATH\index.php(67): CodeIgniter\CodeIgniter->run()
WARNING - 2023-03-03 17:29:52 --> [DEPRECATED] Creation of dynamic property App\Controllers\Credentials::$credentials_model is deprecated in APPPATH\Controllers\Credentials.php on line 9.
 1 SYSTEMPATH\CodeIgniter.php(906): App\Controllers\Credentials->__construct()
 2 SYSTEMPATH\CodeIgniter.php(490): CodeIgniter\CodeIgniter->createController()
 3 SYSTEMPATH\CodeIgniter.php(368): CodeIgniter\CodeIgniter->handleRequest(null, Object(Config\Cache), false)
 4 FCPATH\index.php(67): CodeIgniter\CodeIgniter->run()
CRITICAL - 2023-03-03 17:29:52 --> Undefined constant "App\Models\username"
in APPPATH\Models\Credentials_model.php on line 19.
 1 APPPATH\Controllers\Credentials.php(32): App\Models\Credentials_model->register_user([...])
 2 SYSTEMPATH\CodeIgniter.php(934): App\Controllers\Credentials->register()
 3 SYSTEMPATH\CodeIgniter.php(499): CodeIgniter\CodeIgniter->runController(Object(App\Controllers\Credentials))
 4 SYSTEMPATH\CodeIgniter.php(368): CodeIgniter\CodeIgniter->handleRequest(null, Object(Config\Cache), false)
 5 FCPATH\index.php(67): CodeIgniter\CodeIgniter->run()
WARNING - 2023-03-03 17:31:01 --> [DEPRECATED] Creation of dynamic property App\Controllers\Credentials::$credentials_model is deprecated in APPPATH\Controllers\Credentials.php on line 9.
 1 SYSTEMPATH\CodeIgniter.php(906): App\Controllers\Credentials->__construct()
 2 SYSTEMPATH\CodeIgniter.php(490): CodeIgniter\CodeIgniter->createController()
 3 SYSTEMPATH\CodeIgniter.php(368): CodeIgniter\CodeIgniter->handleRequest(null, Object(Config\Cache), false)
 4 FCPATH\index.php(67): CodeIgniter\CodeIgniter->run()
CRITICAL - 2023-03-03 17:31:01 --> Undefined array key "hash"
in APPPATH\Models\Credentials_model.php on line 21.
 1 APPPATH\Models\Credentials_model.php(21): CodeIgniter\Debug\Exceptions->errorHandler(2, 'Undefined array key "hash"', 'APPPATH\\Models\\Credentials_model.php', 21)
 2 APPPATH\Controllers\Credentials.php(32): App\Models\Credentials_model->register_user([...])
 3 SYSTEMPATH\CodeIgniter.php(934): App\Controllers\Credentials->register()
 4 SYSTEMPATH\CodeIgniter.php(499): CodeIgniter\CodeIgniter->runController(Object(App\Controllers\Credentials))
 5 SYSTEMPATH\CodeIgniter.php(368): CodeIgniter\CodeIgniter->handleRequest(null, Object(Config\Cache), false)
 6 FCPATH\index.php(67): CodeIgniter\CodeIgniter->run()
WARNING - 2023-03-03 17:31:26 --> [DEPRECATED] Creation of dynamic property App\Controllers\Credentials::$credentials_model is deprecated in APPPATH\Controllers\Credentials.php on line 9.
 1 SYSTEMPATH\CodeIgniter.php(906): App\Controllers\Credentials->__construct()
 2 SYSTEMPATH\CodeIgniter.php(490): CodeIgniter\CodeIgniter->createController()
 3 SYSTEMPATH\CodeIgniter.php(368): CodeIgniter\CodeIgniter->handleRequest(null, Object(Config\Cache), false)
 4 FCPATH\index.php(67): CodeIgniter\CodeIgniter->run()
WARNING - 2023-03-03 17:32:07 --> [DEPRECATED] Creation of dynamic property App\Controllers\Credentials::$credentials_model is deprecated in APPPATH\Controllers\Credentials.php on line 9.
 1 SYSTEMPATH\CodeIgniter.php(906): App\Controllers\Credentials->__construct()
 2 SYSTEMPATH\CodeIgniter.php(490): CodeIgniter\CodeIgniter->createController()
 3 SYSTEMPATH\CodeIgniter.php(368): CodeIgniter\CodeIgniter->handleRequest(null, Object(Config\Cache), false)
 4 FCPATH\index.php(67): CodeIgniter\CodeIgniter->run()
WARNING - 2023-03-03 17:32:15 --> [DEPRECATED] Creation of dynamic property App\Controllers\Credentials::$credentials_model is deprecated in APPPATH\Controllers\Credentials.php on line 9.
 1 SYSTEMPATH\CodeIgniter.php(906): App\Controllers\Credentials->__construct()
 2 SYSTEMPATH\CodeIgniter.php(490): CodeIgniter\CodeIgniter->createController()
 3 SYSTEMPATH\CodeIgniter.php(368): CodeIgniter\CodeIgniter->handleRequest(null, Object(Config\Cache), false)
 4 FCPATH\index.php(67): CodeIgniter\CodeIgniter->run()
CRITICAL - 2023-03-03 17:32:15 --> Call to a member function check() on null
in APPPATH\Controllers\Credentials.php on line 20.
 1 SYSTEMPATH\CodeIgniter.php(934): App\Controllers\Credentials->login_check()
 2 SYSTEMPATH\CodeIgniter.php(499): CodeIgniter\CodeIgniter->runController(Object(App\Controllers\Credentials))
 3 SYSTEMPATH\CodeIgniter.php(368): CodeIgniter\CodeIgniter->handleRequest(null, Object(Config\Cache), false)
 4 FCPATH\index.php(67): CodeIgniter\CodeIgniter->run()
WARNING - 2023-03-03 17:33:36 --> [DEPRECATED] Creation of dynamic property App\Controllers\Credentials::$credentials_model is deprecated in APPPATH\Controllers\Credentials.php on line 9.
 1 SYSTEMPATH\CodeIgniter.php(906): App\Controllers\Credentials->__construct()
 2 SYSTEMPATH\CodeIgniter.php(490): CodeIgniter\CodeIgniter->createController()
 3 SYSTEMPATH\CodeIgniter.php(368): CodeIgniter\CodeIgniter->handleRequest(null, Object(Config\Cache), false)
 4 FCPATH\index.php(67): CodeIgniter\CodeIgniter->run()
WARNING - 2023-03-03 17:33:38 --> [DEPRECATED] Creation of dynamic property App\Controllers\Credentials::$credentials_model is deprecated in APPPATH\Controllers\Credentials.php on line 9.
 1 SYSTEMPATH\CodeIgniter.php(906): App\Controllers\Credentials->__construct()
 2 SYSTEMPATH\CodeIgniter.php(490): CodeIgniter\CodeIgniter->createController()
 3 SYSTEMPATH\CodeIgniter.php(368): CodeIgniter\CodeIgniter->handleRequest(null, Object(Config\Cache), false)
 4 FCPATH\index.php(67): CodeIgniter\CodeIgniter->run()
WARNING - 2023-03-03 17:34:01 --> [DEPRECATED] Creation of dynamic property App\Controllers\Credentials::$credentials_model is deprecated in APPPATH\Controllers\Credentials.php on line 9.
 1 SYSTEMPATH\CodeIgniter.php(906): App\Controllers\Credentials->__construct()
 2 SYSTEMPATH\CodeIgniter.php(490): CodeIgniter\CodeIgniter->createController()
 3 SYSTEMPATH\CodeIgniter.php(368): CodeIgniter\CodeIgniter->handleRequest(null, Object(Config\Cache), false)
 4 FCPATH\index.php(67): CodeIgniter\CodeIgniter->run()
WARNING - 2023-03-03 17:34:14 --> [DEPRECATED] Creation of dynamic property App\Controllers\Credentials::$credentials_model is deprecated in APPPATH\Controllers\Credentials.php on line 9.
 1 SYSTEMPATH\CodeIgniter.php(906): App\Controllers\Credentials->__construct()
 2 SYSTEMPATH\CodeIgniter.php(490): CodeIgniter\CodeIgniter->createController()
 3 SYSTEMPATH\CodeIgniter.php(368): CodeIgniter\CodeIgniter->handleRequest(null, Object(Config\Cache), false)
 4 FCPATH\index.php(67): CodeIgniter\CodeIgniter->run()
WARNING - 2023-03-03 17:34:17 --> [DEPRECATED] Creation of dynamic property App\Controllers\Credentials::$credentials_model is deprecated in APPPATH\Controllers\Credentials.php on line 9.
 1 SYSTEMPATH\CodeIgniter.php(906): App\Controllers\Credentials->__construct()
 2 SYSTEMPATH\CodeIgniter.php(490): CodeIgniter\CodeIgniter->createController()
 3 SYSTEMPATH\CodeIgniter.php(368): CodeIgniter\CodeIgniter->handleRequest(null, Object(Config\Cache), false)
 4 FCPATH\index.php(67): CodeIgniter\CodeIgniter->run()
WARNING - 2023-03-03 17:34:55 --> [DEPRECATED] Creation of dynamic property App\Controllers\Credentials::$credentials_model is deprecated in APPPATH\Controllers\Credentials.php on line 9.
 1 SYSTEMPATH\CodeIgniter.php(906): App\Controllers\Credentials->__construct()
 2 SYSTEMPATH\CodeIgniter.php(490): CodeIgniter\CodeIgniter->createController()
 3 SYSTEMPATH\CodeIgniter.php(368): CodeIgniter\CodeIgniter->handleRequest(null, Object(Config\Cache), false)
 4 FCPATH\index.php(67): CodeIgniter\CodeIgniter->run()
WARNING - 2023-03-03 17:35:09 --> [DEPRECATED] Creation of dynamic property App\Controllers\Credentials::$credentials_model is deprecated in APPPATH\Controllers\Credentials.php on line 9.
 1 SYSTEMPATH\CodeIgniter.php(906): App\Controllers\Credentials->__construct()
 2 SYSTEMPATH\CodeIgniter.php(490): CodeIgniter\CodeIgniter->createController()
 3 SYSTEMPATH\CodeIgniter.php(368): CodeIgniter\CodeIgniter->handleRequest(null, Object(Config\Cache), false)
 4 FCPATH\index.php(67): CodeIgniter\CodeIgniter->run()
CRITICAL - 2023-03-03 17:35:09 --> Cannot use object of type stdClass as array
in APPPATH\Controllers\Credentials.php on line 22.
 1 SYSTEMPATH\CodeIgniter.php(934): App\Controllers\Credentials->login_check()
 2 SYSTEMPATH\CodeIgniter.php(499): CodeIgniter\CodeIgniter->runController(Object(App\Controllers\Credentials))
 3 SYSTEMPATH\CodeIgniter.php(368): CodeIgniter\CodeIgniter->handleRequest(null, Object(Config\Cache), false)
 4 FCPATH\index.php(67): CodeIgniter\CodeIgniter->run()
WARNING - 2023-03-03 17:35:11 --> [DEPRECATED] Creation of dynamic property App\Controllers\Credentials::$credentials_model is deprecated in APPPATH\Controllers\Credentials.php on line 9.
 1 SYSTEMPATH\CodeIgniter.php(906): App\Controllers\Credentials->__construct()
 2 SYSTEMPATH\CodeIgniter.php(490): CodeIgniter\CodeIgniter->createController()
 3 SYSTEMPATH\CodeIgniter.php(368): CodeIgniter\CodeIgniter->handleRequest(null, Object(Config\Cache), false)
 4 FCPATH\index.php(67): CodeIgniter\CodeIgniter->run()
WARNING - 2023-03-03 17:35:16 --> [DEPRECATED] Creation of dynamic property App\Controllers\Credentials::$credentials_model is deprecated in APPPATH\Controllers\Credentials.php on line 9.
 1 SYSTEMPATH\CodeIgniter.php(906): App\Controllers\Credentials->__construct()
 2 SYSTEMPATH\CodeIgniter.php(490): CodeIgniter\CodeIgniter->createController()
 3 SYSTEMPATH\CodeIgniter.php(368): CodeIgniter\CodeIgniter->handleRequest(null, Object(Config\Cache), false)
 4 FCPATH\index.php(67): CodeIgniter\CodeIgniter->run()
CRITICAL - 2023-03-03 17:35:16 --> Cannot use object of type stdClass as array
in APPPATH\Controllers\Credentials.php on line 22.
 1 SYSTEMPATH\CodeIgniter.php(934): App\Controllers\Credentials->login_check()
 2 SYSTEMPATH\CodeIgniter.php(499): CodeIgniter\CodeIgniter->runController(Object(App\Controllers\Credentials))
 3 SYSTEMPATH\CodeIgniter.php(368): CodeIgniter\CodeIgniter->handleRequest(null, Object(Config\Cache), false)
 4 FCPATH\index.php(67): CodeIgniter\CodeIgniter->run()
WARNING - 2023-03-03 17:35:24 --> [DEPRECATED] Creation of dynamic property App\Controllers\Credentials::$credentials_model is deprecated in APPPATH\Controllers\Credentials.php on line 9.
 1 SYSTEMPATH\CodeIgniter.php(906): App\Controllers\Credentials->__construct()
 2 SYSTEMPATH\CodeIgniter.php(490): CodeIgniter\CodeIgniter->createController()
 3 SYSTEMPATH\CodeIgniter.php(368): CodeIgniter\CodeIgniter->handleRequest(null, Object(Config\Cache), false)
 4 FCPATH\index.php(67): CodeIgniter\CodeIgniter->run()
WARNING - 2023-03-03 17:36:10 --> [DEPRECATED] Creation of dynamic property App\Controllers\Credentials::$credentials_model is deprecated in APPPATH\Controllers\Credentials.php on line 9.
 1 SYSTEMPATH\CodeIgniter.php(906): App\Controllers\Credentials->__construct()
 2 SYSTEMPATH\CodeIgniter.php(490): CodeIgniter\CodeIgniter->createController()
 3 SYSTEMPATH\CodeIgniter.php(368): CodeIgniter\CodeIgniter->handleRequest(null, Object(Config\Cache), false)
 4 FCPATH\index.php(67): CodeIgniter\CodeIgniter->run()
WARNING - 2023-03-03 17:36:28 --> [DEPRECATED] Creation of dynamic property App\Controllers\Credentials::$credentials_model is deprecated in APPPATH\Controllers\Credentials.php on line 9.
 1 SYSTEMPATH\CodeIgniter.php(906): App\Controllers\Credentials->__construct()
 2 SYSTEMPATH\CodeIgniter.php(490): CodeIgniter\CodeIgniter->createController()
 3 SYSTEMPATH\CodeIgniter.php(368): CodeIgniter\CodeIgniter->handleRequest(null, Object(Config\Cache), false)
 4 FCPATH\index.php(67): CodeIgniter\CodeIgniter->run()
CRITICAL - 2023-03-03 17:36:28 --> Call to a member function check() on null
in APPPATH\Controllers\Credentials.php on line 23.
 1 SYSTEMPATH\CodeIgniter.php(934): App\Controllers\Credentials->login_check()
 2 SYSTEMPATH\CodeIgniter.php(499): CodeIgniter\CodeIgniter->runController(Object(App\Controllers\Credentials))
 3 SYSTEMPATH\CodeIgniter.php(368): CodeIgniter\CodeIgniter->handleRequest(null, Object(Config\Cache), false)
 4 FCPATH\index.php(67): CodeIgniter\CodeIgniter->run()
WARNING - 2023-03-03 17:40:49 --> [DEPRECATED] Creation of dynamic property App\Controllers\Credentials::$credentials_model is deprecated in APPPATH\Controllers\Credentials.php on line 9.
 1 SYSTEMPATH\CodeIgniter.php(906): App\Controllers\Credentials->__construct()
 2 SYSTEMPATH\CodeIgniter.php(490): CodeIgniter\CodeIgniter->createController()
 3 SYSTEMPATH\CodeIgniter.php(368): CodeIgniter\CodeIgniter->handleRequest(null, Object(Config\Cache), false)
 4 FCPATH\index.php(67): CodeIgniter\CodeIgniter->run()
CRITICAL - 2023-03-03 17:40:49 --> Call to a member function check() on null
in APPPATH\Controllers\Credentials.php on line 23.
 1 SYSTEMPATH\CodeIgniter.php(934): App\Controllers\Credentials->login_check()
 2 SYSTEMPATH\CodeIgniter.php(499): CodeIgniter\CodeIgniter->runController(Object(App\Controllers\Credentials))
 3 SYSTEMPATH\CodeIgniter.php(368): CodeIgniter\CodeIgniter->handleRequest(null, Object(Config\Cache), false)
 4 FCPATH\index.php(67): CodeIgniter\CodeIgniter->run()
WARNING - 2023-03-03 17:41:01 --> [DEPRECATED] Creation of dynamic property App\Controllers\Credentials::$credentials_model is deprecated in APPPATH\Controllers\Credentials.php on line 9.
 1 SYSTEMPATH\CodeIgniter.php(906): App\Controllers\Credentials->__construct()
 2 SYSTEMPATH\CodeIgniter.php(490): CodeIgniter\CodeIgniter->createController()
 3 SYSTEMPATH\CodeIgniter.php(368): CodeIgniter\CodeIgniter->handleRequest(null, Object(Config\Cache), false)
 4 FCPATH\index.php(67): CodeIgniter\CodeIgniter->run()
CRITICAL - 2023-03-03 17:41:01 --> Call to undefined method stdClass::check()
in APPPATH\Controllers\Credentials.php on line 23.
 1 SYSTEMPATH\CodeIgniter.php(934): App\Controllers\Credentials->login_check()
 2 SYSTEMPATH\CodeIgniter.php(499): CodeIgniter\CodeIgniter->runController(Object(App\Controllers\Credentials))
 3 SYSTEMPATH\CodeIgniter.php(368): CodeIgniter\CodeIgniter->handleRequest(null, Object(Config\Cache), false)
 4 FCPATH\index.php(67): CodeIgniter\CodeIgniter->run()
CRITICAL - 2023-03-03 17:41:17 --> syntax error, unexpected identifier "encryption", expecting variable or "$"
in APPPATH\Controllers\Credentials.php on line 18.
 1 SYSTEMPATH\Autoloader\Autoloader.php(289): CodeIgniter\Autoloader\Autoloader->includeFile('APPPATH\\Controllers\\Credentials.php')
 2 SYSTEMPATH\Autoloader\Autoloader.php(267): CodeIgniter\Autoloader\Autoloader->loadInNamespace('App\\Controllers\\Credentials')
 3 [internal function]: CodeIgniter\Autoloader\Autoloader->loadClass('App\\Controllers\\Credentials')
 4 SYSTEMPATH\CodeIgniter.php(892): class_exists('\\App\\Controllers\\Credentials', true)
 5 SYSTEMPATH\CodeIgniter.php(486): CodeIgniter\CodeIgniter->startController()
 6 SYSTEMPATH\CodeIgniter.php(368): CodeIgniter\CodeIgniter->handleRequest(null, Object(Config\Cache), false)
 7 FCPATH\index.php(67): CodeIgniter\CodeIgniter->run()
WARNING - 2023-03-03 17:41:30 --> [DEPRECATED] Creation of dynamic property App\Controllers\Credentials::$credentials_model is deprecated in APPPATH\Controllers\Credentials.php on line 9.
 1 SYSTEMPATH\CodeIgniter.php(906): App\Controllers\Credentials->__construct()
 2 SYSTEMPATH\CodeIgniter.php(490): CodeIgniter\CodeIgniter->createController()
 3 SYSTEMPATH\CodeIgniter.php(368): CodeIgniter\CodeIgniter->handleRequest(null, Object(Config\Cache), false)
 4 FCPATH\index.php(67): CodeIgniter\CodeIgniter->run()
CRITICAL - 2023-03-03 17:41:30 --> Call to a member function check() on null
in APPPATH\Controllers\Credentials.php on line 22.
 1 SYSTEMPATH\CodeIgniter.php(934): App\Controllers\Credentials->login_check()
 2 SYSTEMPATH\CodeIgniter.php(499): CodeIgniter\CodeIgniter->runController(Object(App\Controllers\Credentials))
 3 SYSTEMPATH\CodeIgniter.php(368): CodeIgniter\CodeIgniter->handleRequest(null, Object(Config\Cache), false)
 4 FCPATH\index.php(67): CodeIgniter\CodeIgniter->run()
WARNING - 2023-03-03 17:43:33 --> [DEPRECATED] Creation of dynamic property App\Controllers\Credentials::$credentials_model is deprecated in APPPATH\Controllers\Credentials.php on line 9.
 1 SYSTEMPATH\CodeIgniter.php(906): App\Controllers\Credentials->__construct()
 2 SYSTEMPATH\CodeIgniter.php(490): CodeIgniter\CodeIgniter->createController()
 3 SYSTEMPATH\CodeIgniter.php(368): CodeIgniter\CodeIgniter->handleRequest(null, Object(Config\Cache), false)
 4 FCPATH\index.php(67): CodeIgniter\CodeIgniter->run()
WARNING - 2023-03-03 17:43:37 --> [DEPRECATED] Creation of dynamic property App\Controllers\Credentials::$credentials_model is deprecated in APPPATH\Controllers\Credentials.php on line 9.
 1 SYSTEMPATH\CodeIgniter.php(906): App\Controllers\Credentials->__construct()
 2 SYSTEMPATH\CodeIgniter.php(490): CodeIgniter\CodeIgniter->createController()
 3 SYSTEMPATH\CodeIgniter.php(368): CodeIgniter\CodeIgniter->handleRequest(null, Object(Config\Cache), false)
 4 FCPATH\index.php(67): CodeIgniter\CodeIgniter->run()
WARNING - 2023-03-03 17:43:39 --> [DEPRECATED] Creation of dynamic property App\Controllers\Credentials::$credentials_model is deprecated in APPPATH\Controllers\Credentials.php on line 9.
 1 SYSTEMPATH\CodeIgniter.php(906): App\Controllers\Credentials->__construct()
 2 SYSTEMPATH\CodeIgniter.php(490): CodeIgniter\CodeIgniter->createController()
 3 SYSTEMPATH\CodeIgniter.php(368): CodeIgniter\CodeIgniter->handleRequest(null, Object(Config\Cache), false)
 4 FCPATH\index.php(67): CodeIgniter\CodeIgniter->run()
WARNING - 2023-03-03 17:43:41 --> [DEPRECATED] Creation of dynamic property App\Controllers\Credentials::$credentials_model is deprecated in APPPATH\Controllers\Credentials.php on line 9.
 1 SYSTEMPATH\CodeIgniter.php(906): App\Controllers\Credentials->__construct()
 2 SYSTEMPATH\CodeIgniter.php(490): CodeIgniter\CodeIgniter->createController()
 3 SYSTEMPATH\CodeIgniter.php(368): CodeIgniter\CodeIgniter->handleRequest(null, Object(Config\Cache), false)
 4 FCPATH\index.php(67): CodeIgniter\CodeIgniter->run()
WARNING - 2023-03-03 17:43:43 --> [DEPRECATED] Creation of dynamic property App\Controllers\Credentials::$credentials_model is deprecated in APPPATH\Controllers\Credentials.php on line 9.
 1 SYSTEMPATH\CodeIgniter.php(906): App\Controllers\Credentials->__construct()
 2 SYSTEMPATH\CodeIgniter.php(490): CodeIgniter\CodeIgniter->createController()
 3 SYSTEMPATH\CodeIgniter.php(368): CodeIgniter\CodeIgniter->handleRequest(null, Object(Config\Cache), false)
 4 FCPATH\index.php(67): CodeIgniter\CodeIgniter->run()
WARNING - 2023-03-03 17:43:45 --> [DEPRECATED] Creation of dynamic property App\Controllers\Credentials::$credentials_model is deprecated in APPPATH\Controllers\Credentials.php on line 9.
 1 SYSTEMPATH\CodeIgniter.php(906): App\Controllers\Credentials->__construct()
 2 SYSTEMPATH\CodeIgniter.php(490): CodeIgniter\CodeIgniter->createController()
 3 SYSTEMPATH\CodeIgniter.php(368): CodeIgniter\CodeIgniter->handleRequest(null, Object(Config\Cache), false)
 4 FCPATH\index.php(67): CodeIgniter\CodeIgniter->run()
WARNING - 2023-03-03 17:43:47 --> [DEPRECATED] Creation of dynamic property App\Controllers\Credentials::$credentials_model is deprecated in APPPATH\Controllers\Credentials.php on line 9.
 1 SYSTEMPATH\CodeIgniter.php(906): App\Controllers\Credentials->__construct()
 2 SYSTEMPATH\CodeIgniter.php(490): CodeIgniter\CodeIgniter->createController()
 3 SYSTEMPATH\CodeIgniter.php(368): CodeIgniter\CodeIgniter->handleRequest(null, Object(Config\Cache), false)
 4 FCPATH\index.php(67): CodeIgniter\CodeIgniter->run()
WARNING - 2023-03-03 17:43:48 --> [DEPRECATED] Creation of dynamic property App\Controllers\Credentials::$credentials_model is deprecated in APPPATH\Controllers\Credentials.php on line 9.
 1 SYSTEMPATH\CodeIgniter.php(906): App\Controllers\Credentials->__construct()
 2 SYSTEMPATH\CodeIgniter.php(490): CodeIgniter\CodeIgniter->createController()
 3 SYSTEMPATH\CodeIgniter.php(368): CodeIgniter\CodeIgniter->handleRequest(null, Object(Config\Cache), false)
 4 FCPATH\index.php(67): CodeIgniter\CodeIgniter->run()
WARNING - 2023-03-03 17:43:58 --> [DEPRECATED] Creation of dynamic property App\Controllers\Credentials::$credentials_model is deprecated in APPPATH\Controllers\Credentials.php on line 9.
 1 SYSTEMPATH\CodeIgniter.php(906): App\Controllers\Credentials->__construct()
 2 SYSTEMPATH\CodeIgniter.php(490): CodeIgniter\CodeIgniter->createController()
 3 SYSTEMPATH\CodeIgniter.php(368): CodeIgniter\CodeIgniter->handleRequest(null, Object(Config\Cache), false)
 4 FCPATH\index.php(67): CodeIgniter\CodeIgniter->run()
WARNING - 2023-03-03 17:43:59 --> [DEPRECATED] Creation of dynamic property App\Controllers\Credentials::$credentials_model is deprecated in APPPATH\Controllers\Credentials.php on line 9.
 1 SYSTEMPATH\CodeIgniter.php(906): App\Controllers\Credentials->__construct()
 2 SYSTEMPATH\CodeIgniter.php(490): CodeIgniter\CodeIgniter->createController()
 3 SYSTEMPATH\CodeIgniter.php(368): CodeIgniter\CodeIgniter->handleRequest(null, Object(Config\Cache), false)
 4 FCPATH\index.php(67): CodeIgniter\CodeIgniter->run()
WARNING - 2023-03-03 17:44:30 --> [DEPRECATED] Creation of dynamic property App\Controllers\Credentials::$credentials_model is deprecated in APPPATH\Controllers\Credentials.php on line 9.
 1 SYSTEMPATH\CodeIgniter.php(906): App\Controllers\Credentials->__construct()
 2 SYSTEMPATH\CodeIgniter.php(490): CodeIgniter\CodeIgniter->createController()
 3 SYSTEMPATH\CodeIgniter.php(368): CodeIgniter\CodeIgniter->handleRequest(null, Object(Config\Cache), false)
 4 FCPATH\index.php(67): CodeIgniter\CodeIgniter->run()
WARNING - 2023-03-03 17:44:31 --> [DEPRECATED] Creation of dynamic property App\Controllers\Credentials::$credentials_model is deprecated in APPPATH\Controllers\Credentials.php on line 9.
 1 SYSTEMPATH\CodeIgniter.php(906): App\Controllers\Credentials->__construct()
 2 SYSTEMPATH\CodeIgniter.php(490): CodeIgniter\CodeIgniter->createController()
 3 SYSTEMPATH\CodeIgniter.php(368): CodeIgniter\CodeIgniter->handleRequest(null, Object(Config\Cache), false)
 4 FCPATH\index.php(67): CodeIgniter\CodeIgniter->run()
