WARNING - 2023-03-21 06:51:51 --> [DEPRECATED] Creation of dynamic property App\Controllers\Credentials::$credentials_model is deprecated in APPPATH\Controllers\Credentials.php on line 9.
 1 SYSTEMPATH\CodeIgniter.php(906): App\Controllers\Credentials->__construct()
 2 SYSTEMPATH\CodeIgniter.php(490): CodeIgniter\CodeIgniter->createController()
 3 SYSTEMPATH\CodeIgniter.php(368): CodeIgniter\CodeIgniter->handleRequest(null, Object(Config\Cache), false)
 4 FCPATH\index.php(67): CodeIgniter\CodeIgniter->run()
INFO - 2023-03-21 06:51:51 --> Session: Class initialized using 'CodeIgniter\Session\Handlers\FileHandler' driver.
WARNING - 2023-03-21 06:51:51 --> [DEPRECATED] Creation of dynamic property App\Controllers\Credentials::$session is deprecated in APPPATH\Controllers\Credentials.php on line 10.
 1 SYSTEMPATH\CodeIgniter.php(906): App\Controllers\Credentials->__construct()
 2 SYSTEMPATH\CodeIgniter.php(490): CodeIgniter\CodeIgniter->createController()
 3 SYSTEMPATH\CodeIgniter.php(368): CodeIgniter\CodeIgniter->handleRequest(null, Object(Config\Cache), false)
 4 FCPATH\index.php(67): CodeIgniter\CodeIgniter->run()
WARNING - 2023-03-21 06:51:51 --> [DEPRECATED] Creation of dynamic property App\Controllers\Credentials::$credentials_model is deprecated in APPPATH\Controllers\Credentials.php on line 9.
 1 SYSTEMPATH\CodeIgniter.php(906): App\Controllers\Credentials->__construct()
 2 SYSTEMPATH\CodeIgniter.php(490): CodeIgniter\CodeIgniter->createController()
 3 SYSTEMPATH\CodeIgniter.php(368): CodeIgniter\CodeIgniter->handleRequest(null, Object(Config\Cache), false)
 4 FCPATH\index.php(67): CodeIgniter\CodeIgniter->run()
INFO - 2023-03-21 06:51:51 --> Session: Class initialized using 'CodeIgniter\Session\Handlers\FileHandler' driver.
WARNING - 2023-03-21 06:51:51 --> [DEPRECATED] Creation of dynamic property App\Controllers\Credentials::$session is deprecated in APPPATH\Controllers\Credentials.php on line 10.
 1 SYSTEMPATH\CodeIgniter.php(906): App\Controllers\Credentials->__construct()
 2 SYSTEMPATH\CodeIgniter.php(490): CodeIgniter\CodeIgniter->createController()
 3 SYSTEMPATH\CodeIgniter.php(368): CodeIgniter\CodeIgniter->handleRequest(null, Object(Config\Cache), false)
 4 FCPATH\index.php(67): CodeIgniter\CodeIgniter->run()
CRITICAL - 2023-03-21 06:51:52 --> The route for "http://110.227.204.147/databliss/login" cannot be found.
in SYSTEMPATH\HTTP\RedirectResponse.php on line 60.
 1 SYSTEMPATH\HTTP\RedirectResponse.php(60): CodeIgniter\HTTP\Exceptions\HTTPException::forInvalidRedirectRoute('http://110.227.204.147/databliss/login')
 2 SYSTEMPATH\Common.php(880): CodeIgniter\HTTP\RedirectResponse->route(false)
 3 APPPATH\Controllers\Credentials.php(56): redirect('http://110.227.204.147/databliss/login')
 4 SYSTEMPATH\CodeIgniter.php(934): App\Controllers\Credentials->organization_verify('priyansh')
 5 SYSTEMPATH\CodeIgniter.php(499): CodeIgniter\CodeIgniter->runController(Object(App\Controllers\Credentials))
 6 SYSTEMPATH\CodeIgniter.php(368): CodeIgniter\CodeIgniter->handleRequest(null, Object(Config\Cache), false)
 7 FCPATH\index.php(67): CodeIgniter\CodeIgniter->run()
WARNING - 2023-03-21 10:37:50 --> [DEPRECATED] Creation of dynamic property App\Controllers\Credentials::$credentials_model is deprecated in APPPATH\Controllers\Credentials.php on line 9.
 1 SYSTEMPATH\CodeIgniter.php(906): App\Controllers\Credentials->__construct()
 2 SYSTEMPATH\CodeIgniter.php(490): CodeIgniter\CodeIgniter->createController()
 3 SYSTEMPATH\CodeIgniter.php(368): CodeIgniter\CodeIgniter->handleRequest(null, Object(Config\Cache), false)
 4 FCPATH\index.php(67): CodeIgniter\CodeIgniter->run()
INFO - 2023-03-21 10:37:50 --> Session: Class initialized using 'CodeIgniter\Session\Handlers\FileHandler' driver.
WARNING - 2023-03-21 10:37:50 --> [DEPRECATED] Creation of dynamic property App\Controllers\Credentials::$session is deprecated in APPPATH\Controllers\Credentials.php on line 10.
 1 SYSTEMPATH\CodeIgniter.php(906): App\Controllers\Credentials->__construct()
 2 SYSTEMPATH\CodeIgniter.php(490): CodeIgniter\CodeIgniter->createController()
 3 SYSTEMPATH\CodeIgniter.php(368): CodeIgniter\CodeIgniter->handleRequest(null, Object(Config\Cache), false)
 4 FCPATH\index.php(67): CodeIgniter\CodeIgniter->run()
WARNING - 2023-03-21 10:37:53 --> [DEPRECATED] Creation of dynamic property App\Controllers\Credentials::$credentials_model is deprecated in APPPATH\Controllers\Credentials.php on line 9.
 1 SYSTEMPATH\CodeIgniter.php(906): App\Controllers\Credentials->__construct()
 2 SYSTEMPATH\CodeIgniter.php(490): CodeIgniter\CodeIgniter->createController()
 3 SYSTEMPATH\CodeIgniter.php(368): CodeIgniter\CodeIgniter->handleRequest(null, Object(Config\Cache), false)
 4 FCPATH\index.php(67): CodeIgniter\CodeIgniter->run()
INFO - 2023-03-21 10:37:53 --> Session: Class initialized using 'CodeIgniter\Session\Handlers\FileHandler' driver.
WARNING - 2023-03-21 10:37:53 --> [DEPRECATED] Creation of dynamic property App\Controllers\Credentials::$session is deprecated in APPPATH\Controllers\Credentials.php on line 10.
 1 SYSTEMPATH\CodeIgniter.php(906): App\Controllers\Credentials->__construct()
 2 SYSTEMPATH\CodeIgniter.php(490): CodeIgniter\CodeIgniter->createController()
 3 SYSTEMPATH\CodeIgniter.php(368): CodeIgniter\CodeIgniter->handleRequest(null, Object(Config\Cache), false)
 4 FCPATH\index.php(67): CodeIgniter\CodeIgniter->run()
WARNING - 2023-03-21 10:37:53 --> [DEPRECATED] Creation of dynamic property App\Controllers\Credentials::$credentials_model is deprecated in APPPATH\Controllers\Credentials.php on line 9.
 1 SYSTEMPATH\CodeIgniter.php(906): App\Controllers\Credentials->__construct()
 2 SYSTEMPATH\CodeIgniter.php(490): CodeIgniter\CodeIgniter->createController()
 3 SYSTEMPATH\CodeIgniter.php(368): CodeIgniter\CodeIgniter->handleRequest(null, Object(Config\Cache), false)
 4 FCPATH\index.php(67): CodeIgniter\CodeIgniter->run()
INFO - 2023-03-21 10:37:53 --> Session: Class initialized using 'CodeIgniter\Session\Handlers\FileHandler' driver.
WARNING - 2023-03-21 10:37:53 --> [DEPRECATED] Creation of dynamic property App\Controllers\Credentials::$session is deprecated in APPPATH\Controllers\Credentials.php on line 10.
 1 SYSTEMPATH\CodeIgniter.php(906): App\Controllers\Credentials->__construct()
 2 SYSTEMPATH\CodeIgniter.php(490): CodeIgniter\CodeIgniter->createController()
 3 SYSTEMPATH\CodeIgniter.php(368): CodeIgniter\CodeIgniter->handleRequest(null, Object(Config\Cache), false)
 4 FCPATH\index.php(67): CodeIgniter\CodeIgniter->run()
WARNING - 2023-03-21 10:37:55 --> [DEPRECATED] Creation of dynamic property App\Controllers\Organization::$organization_model is deprecated in APPPATH\Controllers\Organization.php on line 9.
 1 SYSTEMPATH\CodeIgniter.php(906): App\Controllers\Organization->__construct()
 2 SYSTEMPATH\CodeIgniter.php(490): CodeIgniter\CodeIgniter->createController()
 3 SYSTEMPATH\CodeIgniter.php(368): CodeIgniter\CodeIgniter->handleRequest(null, Object(Config\Cache), false)
 4 FCPATH\index.php(67): CodeIgniter\CodeIgniter->run()
INFO - 2023-03-21 10:37:55 --> Session: Class initialized using 'CodeIgniter\Session\Handlers\FileHandler' driver.
WARNING - 2023-03-21 10:37:55 --> [DEPRECATED] Creation of dynamic property App\Controllers\Organization::$session is deprecated in APPPATH\Controllers\Organization.php on line 10.
 1 SYSTEMPATH\CodeIgniter.php(906): App\Controllers\Organization->__construct()
 2 SYSTEMPATH\CodeIgniter.php(490): CodeIgniter\CodeIgniter->createController()
 3 SYSTEMPATH\CodeIgniter.php(368): CodeIgniter\CodeIgniter->handleRequest(null, Object(Config\Cache), false)
 4 FCPATH\index.php(67): CodeIgniter\CodeIgniter->run()
WARNING - 2023-03-21 10:37:55 --> [DEPRECATED] Creation of dynamic property App\Controllers\Organization::$organization_model is deprecated in APPPATH\Controllers\Organization.php on line 9.
 1 SYSTEMPATH\CodeIgniter.php(906): App\Controllers\Organization->__construct()
 2 SYSTEMPATH\CodeIgniter.php(490): CodeIgniter\CodeIgniter->createController()
 3 SYSTEMPATH\CodeIgniter.php(368): CodeIgniter\CodeIgniter->handleRequest(null, Object(Config\Cache), false)
 4 FCPATH\index.php(67): CodeIgniter\CodeIgniter->run()
INFO - 2023-03-21 10:37:55 --> Session: Class initialized using 'CodeIgniter\Session\Handlers\FileHandler' driver.
WARNING - 2023-03-21 10:37:55 --> [DEPRECATED] Creation of dynamic property App\Controllers\Organization::$session is deprecated in APPPATH\Controllers\Organization.php on line 10.
 1 SYSTEMPATH\CodeIgniter.php(906): App\Controllers\Organization->__construct()
 2 SYSTEMPATH\CodeIgniter.php(490): CodeIgniter\CodeIgniter->createController()
 3 SYSTEMPATH\CodeIgniter.php(368): CodeIgniter\CodeIgniter->handleRequest(null, Object(Config\Cache), false)
 4 FCPATH\index.php(67): CodeIgniter\CodeIgniter->run()
WARNING - 2023-03-21 10:37:57 --> [DEPRECATED] Creation of dynamic property App\Controllers\Owner::$credentials_model is deprecated in APPPATH\Controllers\Owner.php on line 11.
 1 SYSTEMPATH\CodeIgniter.php(906): App\Controllers\Owner->__construct()
 2 SYSTEMPATH\CodeIgniter.php(490): CodeIgniter\CodeIgniter->createController()
 3 SYSTEMPATH\CodeIgniter.php(368): CodeIgniter\CodeIgniter->handleRequest(null, Object(Config\Cache), false)
 4 FCPATH\index.php(67): CodeIgniter\CodeIgniter->run()
WARNING - 2023-03-21 10:37:57 --> [DEPRECATED] Creation of dynamic property App\Controllers\Owner::$Organization_model is deprecated in APPPATH\Controllers\Owner.php on line 12.
 1 SYSTEMPATH\CodeIgniter.php(906): App\Controllers\Owner->__construct()
 2 SYSTEMPATH\CodeIgniter.php(490): CodeIgniter\CodeIgniter->createController()
 3 SYSTEMPATH\CodeIgniter.php(368): CodeIgniter\CodeIgniter->handleRequest(null, Object(Config\Cache), false)
 4 FCPATH\index.php(67): CodeIgniter\CodeIgniter->run()
INFO - 2023-03-21 10:37:57 --> Session: Class initialized using 'CodeIgniter\Session\Handlers\FileHandler' driver.
WARNING - 2023-03-21 10:37:57 --> [DEPRECATED] Creation of dynamic property App\Controllers\Owner::$session is deprecated in APPPATH\Controllers\Owner.php on line 13.
 1 SYSTEMPATH\CodeIgniter.php(906): App\Controllers\Owner->__construct()
 2 SYSTEMPATH\CodeIgniter.php(490): CodeIgniter\CodeIgniter->createController()
 3 SYSTEMPATH\CodeIgniter.php(368): CodeIgniter\CodeIgniter->handleRequest(null, Object(Config\Cache), false)
 4 FCPATH\index.php(67): CodeIgniter\CodeIgniter->run()
WARNING - 2023-03-21 10:37:58 --> [DEPRECATED] Creation of dynamic property App\Controllers\Owner::$credentials_model is deprecated in APPPATH\Controllers\Owner.php on line 11.
 1 SYSTEMPATH\CodeIgniter.php(906): App\Controllers\Owner->__construct()
 2 SYSTEMPATH\CodeIgniter.php(490): CodeIgniter\CodeIgniter->createController()
 3 SYSTEMPATH\CodeIgniter.php(368): CodeIgniter\CodeIgniter->handleRequest(null, Object(Config\Cache), false)
 4 FCPATH\index.php(67): CodeIgniter\CodeIgniter->run()
WARNING - 2023-03-21 10:37:58 --> [DEPRECATED] Creation of dynamic property App\Controllers\Owner::$Organization_model is deprecated in APPPATH\Controllers\Owner.php on line 12.
 1 SYSTEMPATH\CodeIgniter.php(906): App\Controllers\Owner->__construct()
 2 SYSTEMPATH\CodeIgniter.php(490): CodeIgniter\CodeIgniter->createController()
 3 SYSTEMPATH\CodeIgniter.php(368): CodeIgniter\CodeIgniter->handleRequest(null, Object(Config\Cache), false)
 4 FCPATH\index.php(67): CodeIgniter\CodeIgniter->run()
INFO - 2023-03-21 10:37:58 --> Session: Class initialized using 'CodeIgniter\Session\Handlers\FileHandler' driver.
WARNING - 2023-03-21 10:37:58 --> [DEPRECATED] Creation of dynamic property App\Controllers\Owner::$session is deprecated in APPPATH\Controllers\Owner.php on line 13.
 1 SYSTEMPATH\CodeIgniter.php(906): App\Controllers\Owner->__construct()
 2 SYSTEMPATH\CodeIgniter.php(490): CodeIgniter\CodeIgniter->createController()
 3 SYSTEMPATH\CodeIgniter.php(368): CodeIgniter\CodeIgniter->handleRequest(null, Object(Config\Cache), false)
 4 FCPATH\index.php(67): CodeIgniter\CodeIgniter->run()
WARNING - 2023-03-21 10:37:59 --> [DEPRECATED] Creation of dynamic property App\Controllers\Owner::$credentials_model is deprecated in APPPATH\Controllers\Owner.php on line 11.
 1 SYSTEMPATH\CodeIgniter.php(906): App\Controllers\Owner->__construct()
 2 SYSTEMPATH\CodeIgniter.php(490): CodeIgniter\CodeIgniter->createController()
 3 SYSTEMPATH\CodeIgniter.php(368): CodeIgniter\CodeIgniter->handleRequest(null, Object(Config\Cache), false)
 4 FCPATH\index.php(67): CodeIgniter\CodeIgniter->run()
WARNING - 2023-03-21 10:37:59 --> [DEPRECATED] Creation of dynamic property App\Controllers\Owner::$Organization_model is deprecated in APPPATH\Controllers\Owner.php on line 12.
 1 SYSTEMPATH\CodeIgniter.php(906): App\Controllers\Owner->__construct()
 2 SYSTEMPATH\CodeIgniter.php(490): CodeIgniter\CodeIgniter->createController()
 3 SYSTEMPATH\CodeIgniter.php(368): CodeIgniter\CodeIgniter->handleRequest(null, Object(Config\Cache), false)
 4 FCPATH\index.php(67): CodeIgniter\CodeIgniter->run()
INFO - 2023-03-21 10:37:59 --> Session: Class initialized using 'CodeIgniter\Session\Handlers\FileHandler' driver.
WARNING - 2023-03-21 10:37:59 --> [DEPRECATED] Creation of dynamic property App\Controllers\Owner::$session is deprecated in APPPATH\Controllers\Owner.php on line 13.
 1 SYSTEMPATH\CodeIgniter.php(906): App\Controllers\Owner->__construct()
 2 SYSTEMPATH\CodeIgniter.php(490): CodeIgniter\CodeIgniter->createController()
 3 SYSTEMPATH\CodeIgniter.php(368): CodeIgniter\CodeIgniter->handleRequest(null, Object(Config\Cache), false)
 4 FCPATH\index.php(67): CodeIgniter\CodeIgniter->run()
WARNING - 2023-03-21 10:38:00 --> [DEPRECATED] Creation of dynamic property App\Controllers\Owner::$credentials_model is deprecated in APPPATH\Controllers\Owner.php on line 11.
 1 SYSTEMPATH\CodeIgniter.php(906): App\Controllers\Owner->__construct()
 2 SYSTEMPATH\CodeIgniter.php(490): CodeIgniter\CodeIgniter->createController()
 3 SYSTEMPATH\CodeIgniter.php(368): CodeIgniter\CodeIgniter->handleRequest(null, Object(Config\Cache), false)
 4 FCPATH\index.php(67): CodeIgniter\CodeIgniter->run()
WARNING - 2023-03-21 10:38:00 --> [DEPRECATED] Creation of dynamic property App\Controllers\Owner::$Organization_model is deprecated in APPPATH\Controllers\Owner.php on line 12.
 1 SYSTEMPATH\CodeIgniter.php(906): App\Controllers\Owner->__construct()
 2 SYSTEMPATH\CodeIgniter.php(490): CodeIgniter\CodeIgniter->createController()
 3 SYSTEMPATH\CodeIgniter.php(368): CodeIgniter\CodeIgniter->handleRequest(null, Object(Config\Cache), false)
 4 FCPATH\index.php(67): CodeIgniter\CodeIgniter->run()
INFO - 2023-03-21 10:38:00 --> Session: Class initialized using 'CodeIgniter\Session\Handlers\FileHandler' driver.
WARNING - 2023-03-21 10:38:00 --> [DEPRECATED] Creation of dynamic property App\Controllers\Owner::$session is deprecated in APPPATH\Controllers\Owner.php on line 13.
 1 SYSTEMPATH\CodeIgniter.php(906): App\Controllers\Owner->__construct()
 2 SYSTEMPATH\CodeIgniter.php(490): CodeIgniter\CodeIgniter->createController()
 3 SYSTEMPATH\CodeIgniter.php(368): CodeIgniter\CodeIgniter->handleRequest(null, Object(Config\Cache), false)
 4 FCPATH\index.php(67): CodeIgniter\CodeIgniter->run()
CRITICAL - 2023-03-21 10:38:00 --> Undefined variable $data2
in APPPATH\Controllers\Owner.php on line 92.
 1 APPPATH\Controllers\Owner.php(92): CodeIgniter\Debug\Exceptions->errorHandler(2, 'Undefined variable $data2', 'APPPATH\\Controllers\\Owner.php', 92)
 2 SYSTEMPATH\CodeIgniter.php(934): App\Controllers\Owner->terminate_employee_list()
 3 SYSTEMPATH\CodeIgniter.php(499): CodeIgniter\CodeIgniter->runController(Object(App\Controllers\Owner))
 4 SYSTEMPATH\CodeIgniter.php(368): CodeIgniter\CodeIgniter->handleRequest(null, Object(Config\Cache), false)
 5 FCPATH\index.php(67): CodeIgniter\CodeIgniter->run()
WARNING - 2023-03-21 10:38:14 --> [DEPRECATED] Creation of dynamic property App\Controllers\Owner::$credentials_model is deprecated in APPPATH\Controllers\Owner.php on line 11.
 1 SYSTEMPATH\CodeIgniter.php(906): App\Controllers\Owner->__construct()
 2 SYSTEMPATH\CodeIgniter.php(490): CodeIgniter\CodeIgniter->createController()
 3 SYSTEMPATH\CodeIgniter.php(368): CodeIgniter\CodeIgniter->handleRequest(null, Object(Config\Cache), false)
 4 FCPATH\index.php(67): CodeIgniter\CodeIgniter->run()
WARNING - 2023-03-21 10:38:14 --> [DEPRECATED] Creation of dynamic property App\Controllers\Owner::$Organization_model is deprecated in APPPATH\Controllers\Owner.php on line 12.
 1 SYSTEMPATH\CodeIgniter.php(906): App\Controllers\Owner->__construct()
 2 SYSTEMPATH\CodeIgniter.php(490): CodeIgniter\CodeIgniter->createController()
 3 SYSTEMPATH\CodeIgniter.php(368): CodeIgniter\CodeIgniter->handleRequest(null, Object(Config\Cache), false)
 4 FCPATH\index.php(67): CodeIgniter\CodeIgniter->run()
INFO - 2023-03-21 10:38:14 --> Session: Class initialized using 'CodeIgniter\Session\Handlers\FileHandler' driver.
WARNING - 2023-03-21 10:38:14 --> [DEPRECATED] Creation of dynamic property App\Controllers\Owner::$session is deprecated in APPPATH\Controllers\Owner.php on line 13.
 1 SYSTEMPATH\CodeIgniter.php(906): App\Controllers\Owner->__construct()
 2 SYSTEMPATH\CodeIgniter.php(490): CodeIgniter\CodeIgniter->createController()
 3 SYSTEMPATH\CodeIgniter.php(368): CodeIgniter\CodeIgniter->handleRequest(null, Object(Config\Cache), false)
 4 FCPATH\index.php(67): CodeIgniter\CodeIgniter->run()
WARNING - 2023-03-21 10:38:15 --> [DEPRECATED] Creation of dynamic property App\Controllers\Owner::$credentials_model is deprecated in APPPATH\Controllers\Owner.php on line 11.
 1 SYSTEMPATH\CodeIgniter.php(906): App\Controllers\Owner->__construct()
 2 SYSTEMPATH\CodeIgniter.php(490): CodeIgniter\CodeIgniter->createController()
 3 SYSTEMPATH\CodeIgniter.php(368): CodeIgniter\CodeIgniter->handleRequest(null, Object(Config\Cache), false)
 4 FCPATH\index.php(67): CodeIgniter\CodeIgniter->run()
WARNING - 2023-03-21 10:38:15 --> [DEPRECATED] Creation of dynamic property App\Controllers\Owner::$Organization_model is deprecated in APPPATH\Controllers\Owner.php on line 12.
 1 SYSTEMPATH\CodeIgniter.php(906): App\Controllers\Owner->__construct()
 2 SYSTEMPATH\CodeIgniter.php(490): CodeIgniter\CodeIgniter->createController()
 3 SYSTEMPATH\CodeIgniter.php(368): CodeIgniter\CodeIgniter->handleRequest(null, Object(Config\Cache), false)
 4 FCPATH\index.php(67): CodeIgniter\CodeIgniter->run()
INFO - 2023-03-21 10:38:15 --> Session: Class initialized using 'CodeIgniter\Session\Handlers\FileHandler' driver.
WARNING - 2023-03-21 10:38:15 --> [DEPRECATED] Creation of dynamic property App\Controllers\Owner::$session is deprecated in APPPATH\Controllers\Owner.php on line 13.
 1 SYSTEMPATH\CodeIgniter.php(906): App\Controllers\Owner->__construct()
 2 SYSTEMPATH\CodeIgniter.php(490): CodeIgniter\CodeIgniter->createController()
 3 SYSTEMPATH\CodeIgniter.php(368): CodeIgniter\CodeIgniter->handleRequest(null, Object(Config\Cache), false)
 4 FCPATH\index.php(67): CodeIgniter\CodeIgniter->run()
WARNING - 2023-03-21 10:38:16 --> [DEPRECATED] Creation of dynamic property App\Controllers\Owner::$credentials_model is deprecated in APPPATH\Controllers\Owner.php on line 11.
 1 SYSTEMPATH\CodeIgniter.php(906): App\Controllers\Owner->__construct()
 2 SYSTEMPATH\CodeIgniter.php(490): CodeIgniter\CodeIgniter->createController()
 3 SYSTEMPATH\CodeIgniter.php(368): CodeIgniter\CodeIgniter->handleRequest(null, Object(Config\Cache), false)
 4 FCPATH\index.php(67): CodeIgniter\CodeIgniter->run()
WARNING - 2023-03-21 10:38:16 --> [DEPRECATED] Creation of dynamic property App\Controllers\Owner::$Organization_model is deprecated in APPPATH\Controllers\Owner.php on line 12.
 1 SYSTEMPATH\CodeIgniter.php(906): App\Controllers\Owner->__construct()
 2 SYSTEMPATH\CodeIgniter.php(490): CodeIgniter\CodeIgniter->createController()
 3 SYSTEMPATH\CodeIgniter.php(368): CodeIgniter\CodeIgniter->handleRequest(null, Object(Config\Cache), false)
 4 FCPATH\index.php(67): CodeIgniter\CodeIgniter->run()
INFO - 2023-03-21 10:38:16 --> Session: Class initialized using 'CodeIgniter\Session\Handlers\FileHandler' driver.
WARNING - 2023-03-21 10:38:16 --> [DEPRECATED] Creation of dynamic property App\Controllers\Owner::$session is deprecated in APPPATH\Controllers\Owner.php on line 13.
 1 SYSTEMPATH\CodeIgniter.php(906): App\Controllers\Owner->__construct()
 2 SYSTEMPATH\CodeIgniter.php(490): CodeIgniter\CodeIgniter->createController()
 3 SYSTEMPATH\CodeIgniter.php(368): CodeIgniter\CodeIgniter->handleRequest(null, Object(Config\Cache), false)
 4 FCPATH\index.php(67): CodeIgniter\CodeIgniter->run()
WARNING - 2023-03-21 10:38:18 --> [DEPRECATED] Creation of dynamic property App\Controllers\Owner::$credentials_model is deprecated in APPPATH\Controllers\Owner.php on line 11.
 1 SYSTEMPATH\CodeIgniter.php(906): App\Controllers\Owner->__construct()
 2 SYSTEMPATH\CodeIgniter.php(490): CodeIgniter\CodeIgniter->createController()
 3 SYSTEMPATH\CodeIgniter.php(368): CodeIgniter\CodeIgniter->handleRequest(null, Object(Config\Cache), false)
 4 FCPATH\index.php(67): CodeIgniter\CodeIgniter->run()
WARNING - 2023-03-21 10:38:18 --> [DEPRECATED] Creation of dynamic property App\Controllers\Owner::$Organization_model is deprecated in APPPATH\Controllers\Owner.php on line 12.
 1 SYSTEMPATH\CodeIgniter.php(906): App\Controllers\Owner->__construct()
 2 SYSTEMPATH\CodeIgniter.php(490): CodeIgniter\CodeIgniter->createController()
 3 SYSTEMPATH\CodeIgniter.php(368): CodeIgniter\CodeIgniter->handleRequest(null, Object(Config\Cache), false)
 4 FCPATH\index.php(67): CodeIgniter\CodeIgniter->run()
INFO - 2023-03-21 10:38:18 --> Session: Class initialized using 'CodeIgniter\Session\Handlers\FileHandler' driver.
WARNING - 2023-03-21 10:38:18 --> [DEPRECATED] Creation of dynamic property App\Controllers\Owner::$session is deprecated in APPPATH\Controllers\Owner.php on line 13.
 1 SYSTEMPATH\CodeIgniter.php(906): App\Controllers\Owner->__construct()
 2 SYSTEMPATH\CodeIgniter.php(490): CodeIgniter\CodeIgniter->createController()
 3 SYSTEMPATH\CodeIgniter.php(368): CodeIgniter\CodeIgniter->handleRequest(null, Object(Config\Cache), false)
 4 FCPATH\index.php(67): CodeIgniter\CodeIgniter->run()
WARNING - 2023-03-21 10:38:19 --> [DEPRECATED] Creation of dynamic property App\Controllers\Owner::$credentials_model is deprecated in APPPATH\Controllers\Owner.php on line 11.
 1 SYSTEMPATH\CodeIgniter.php(906): App\Controllers\Owner->__construct()
 2 SYSTEMPATH\CodeIgniter.php(490): CodeIgniter\CodeIgniter->createController()
 3 SYSTEMPATH\CodeIgniter.php(368): CodeIgniter\CodeIgniter->handleRequest(null, Object(Config\Cache), false)
 4 FCPATH\index.php(67): CodeIgniter\CodeIgniter->run()
WARNING - 2023-03-21 10:38:19 --> [DEPRECATED] Creation of dynamic property App\Controllers\Owner::$Organization_model is deprecated in APPPATH\Controllers\Owner.php on line 12.
 1 SYSTEMPATH\CodeIgniter.php(906): App\Controllers\Owner->__construct()
 2 SYSTEMPATH\CodeIgniter.php(490): CodeIgniter\CodeIgniter->createController()
 3 SYSTEMPATH\CodeIgniter.php(368): CodeIgniter\CodeIgniter->handleRequest(null, Object(Config\Cache), false)
 4 FCPATH\index.php(67): CodeIgniter\CodeIgniter->run()
INFO - 2023-03-21 10:38:19 --> Session: Class initialized using 'CodeIgniter\Session\Handlers\FileHandler' driver.
WARNING - 2023-03-21 10:38:19 --> [DEPRECATED] Creation of dynamic property App\Controllers\Owner::$session is deprecated in APPPATH\Controllers\Owner.php on line 13.
 1 SYSTEMPATH\CodeIgniter.php(906): App\Controllers\Owner->__construct()
 2 SYSTEMPATH\CodeIgniter.php(490): CodeIgniter\CodeIgniter->createController()
 3 SYSTEMPATH\CodeIgniter.php(368): CodeIgniter\CodeIgniter->handleRequest(null, Object(Config\Cache), false)
 4 FCPATH\index.php(67): CodeIgniter\CodeIgniter->run()
CRITICAL - 2023-03-21 10:38:19 --> Undefined variable $data2
in APPPATH\Controllers\Owner.php on line 92.
 1 APPPATH\Controllers\Owner.php(92): CodeIgniter\Debug\Exceptions->errorHandler(2, 'Undefined variable $data2', 'APPPATH\\Controllers\\Owner.php', 92)
 2 SYSTEMPATH\CodeIgniter.php(934): App\Controllers\Owner->terminate_employee_list()
 3 SYSTEMPATH\CodeIgniter.php(499): CodeIgniter\CodeIgniter->runController(Object(App\Controllers\Owner))
 4 SYSTEMPATH\CodeIgniter.php(368): CodeIgniter\CodeIgniter->handleRequest(null, Object(Config\Cache), false)
 5 FCPATH\index.php(67): CodeIgniter\CodeIgniter->run()
WARNING - 2023-03-21 10:38:55 --> [DEPRECATED] Creation of dynamic property App\Controllers\Owner::$credentials_model is deprecated in APPPATH\Controllers\Owner.php on line 11.
 1 SYSTEMPATH\CodeIgniter.php(906): App\Controllers\Owner->__construct()
 2 SYSTEMPATH\CodeIgniter.php(490): CodeIgniter\CodeIgniter->createController()
 3 SYSTEMPATH\CodeIgniter.php(368): CodeIgniter\CodeIgniter->handleRequest(null, Object(Config\Cache), false)
 4 FCPATH\index.php(67): CodeIgniter\CodeIgniter->run()
WARNING - 2023-03-21 10:38:55 --> [DEPRECATED] Creation of dynamic property App\Controllers\Owner::$Organization_model is deprecated in APPPATH\Controllers\Owner.php on line 12.
 1 SYSTEMPATH\CodeIgniter.php(906): App\Controllers\Owner->__construct()
 2 SYSTEMPATH\CodeIgniter.php(490): CodeIgniter\CodeIgniter->createController()
 3 SYSTEMPATH\CodeIgniter.php(368): CodeIgniter\CodeIgniter->handleRequest(null, Object(Config\Cache), false)
 4 FCPATH\index.php(67): CodeIgniter\CodeIgniter->run()
INFO - 2023-03-21 10:38:55 --> Session: Class initialized using 'CodeIgniter\Session\Handlers\FileHandler' driver.
WARNING - 2023-03-21 10:38:55 --> [DEPRECATED] Creation of dynamic property App\Controllers\Owner::$session is deprecated in APPPATH\Controllers\Owner.php on line 13.
 1 SYSTEMPATH\CodeIgniter.php(906): App\Controllers\Owner->__construct()
 2 SYSTEMPATH\CodeIgniter.php(490): CodeIgniter\CodeIgniter->createController()
 3 SYSTEMPATH\CodeIgniter.php(368): CodeIgniter\CodeIgniter->handleRequest(null, Object(Config\Cache), false)
 4 FCPATH\index.php(67): CodeIgniter\CodeIgniter->run()
WARNING - 2023-03-21 10:39:02 --> [DEPRECATED] Creation of dynamic property App\Controllers\Owner::$credentials_model is deprecated in APPPATH\Controllers\Owner.php on line 11.
 1 SYSTEMPATH\CodeIgniter.php(906): App\Controllers\Owner->__construct()
 2 SYSTEMPATH\CodeIgniter.php(490): CodeIgniter\CodeIgniter->createController()
 3 SYSTEMPATH\CodeIgniter.php(368): CodeIgniter\CodeIgniter->handleRequest(null, Object(Config\Cache), false)
 4 FCPATH\index.php(67): CodeIgniter\CodeIgniter->run()
WARNING - 2023-03-21 10:39:02 --> [DEPRECATED] Creation of dynamic property App\Controllers\Owner::$Organization_model is deprecated in APPPATH\Controllers\Owner.php on line 12.
 1 SYSTEMPATH\CodeIgniter.php(906): App\Controllers\Owner->__construct()
 2 SYSTEMPATH\CodeIgniter.php(490): CodeIgniter\CodeIgniter->createController()
 3 SYSTEMPATH\CodeIgniter.php(368): CodeIgniter\CodeIgniter->handleRequest(null, Object(Config\Cache), false)
 4 FCPATH\index.php(67): CodeIgniter\CodeIgniter->run()
INFO - 2023-03-21 10:39:02 --> Session: Class initialized using 'CodeIgniter\Session\Handlers\FileHandler' driver.
WARNING - 2023-03-21 10:39:02 --> [DEPRECATED] Creation of dynamic property App\Controllers\Owner::$session is deprecated in APPPATH\Controllers\Owner.php on line 13.
 1 SYSTEMPATH\CodeIgniter.php(906): App\Controllers\Owner->__construct()
 2 SYSTEMPATH\CodeIgniter.php(490): CodeIgniter\CodeIgniter->createController()
 3 SYSTEMPATH\CodeIgniter.php(368): CodeIgniter\CodeIgniter->handleRequest(null, Object(Config\Cache), false)
 4 FCPATH\index.php(67): CodeIgniter\CodeIgniter->run()
WARNING - 2023-03-21 10:39:03 --> [DEPRECATED] Creation of dynamic property App\Controllers\Owner::$credentials_model is deprecated in APPPATH\Controllers\Owner.php on line 11.
 1 SYSTEMPATH\CodeIgniter.php(906): App\Controllers\Owner->__construct()
 2 SYSTEMPATH\CodeIgniter.php(490): CodeIgniter\CodeIgniter->createController()
 3 SYSTEMPATH\CodeIgniter.php(368): CodeIgniter\CodeIgniter->handleRequest(null, Object(Config\Cache), false)
 4 FCPATH\index.php(67): CodeIgniter\CodeIgniter->run()
WARNING - 2023-03-21 10:39:03 --> [DEPRECATED] Creation of dynamic property App\Controllers\Owner::$Organization_model is deprecated in APPPATH\Controllers\Owner.php on line 12.
 1 SYSTEMPATH\CodeIgniter.php(906): App\Controllers\Owner->__construct()
 2 SYSTEMPATH\CodeIgniter.php(490): CodeIgniter\CodeIgniter->createController()
 3 SYSTEMPATH\CodeIgniter.php(368): CodeIgniter\CodeIgniter->handleRequest(null, Object(Config\Cache), false)
 4 FCPATH\index.php(67): CodeIgniter\CodeIgniter->run()
INFO - 2023-03-21 10:39:03 --> Session: Class initialized using 'CodeIgniter\Session\Handlers\FileHandler' driver.
WARNING - 2023-03-21 10:39:03 --> [DEPRECATED] Creation of dynamic property App\Controllers\Owner::$session is deprecated in APPPATH\Controllers\Owner.php on line 13.
 1 SYSTEMPATH\CodeIgniter.php(906): App\Controllers\Owner->__construct()
 2 SYSTEMPATH\CodeIgniter.php(490): CodeIgniter\CodeIgniter->createController()
 3 SYSTEMPATH\CodeIgniter.php(368): CodeIgniter\CodeIgniter->handleRequest(null, Object(Config\Cache), false)
 4 FCPATH\index.php(67): CodeIgniter\CodeIgniter->run()
WARNING - 2023-03-21 10:39:12 --> [DEPRECATED] Creation of dynamic property App\Controllers\Billing::$billing_model is deprecated in APPPATH\Controllers\Billing.php on line 8.
 1 SYSTEMPATH\CodeIgniter.php(906): App\Controllers\Billing->__construct()
 2 SYSTEMPATH\CodeIgniter.php(490): CodeIgniter\CodeIgniter->createController()
 3 SYSTEMPATH\CodeIgniter.php(368): CodeIgniter\CodeIgniter->handleRequest(null, Object(Config\Cache), false)
 4 FCPATH\index.php(67): CodeIgniter\CodeIgniter->run()
INFO - 2023-03-21 10:39:12 --> Session: Class initialized using 'CodeIgniter\Session\Handlers\FileHandler' driver.
WARNING - 2023-03-21 10:39:12 --> [DEPRECATED] Creation of dynamic property App\Controllers\Billing::$session is deprecated in APPPATH\Controllers\Billing.php on line 9.
 1 SYSTEMPATH\CodeIgniter.php(906): App\Controllers\Billing->__construct()
 2 SYSTEMPATH\CodeIgniter.php(490): CodeIgniter\CodeIgniter->createController()
 3 SYSTEMPATH\CodeIgniter.php(368): CodeIgniter\CodeIgniter->handleRequest(null, Object(Config\Cache), false)
 4 FCPATH\index.php(67): CodeIgniter\CodeIgniter->run()
WARNING - 2023-03-21 10:39:46 --> [DEPRECATED] Creation of dynamic property App\Controllers\Owner::$credentials_model is deprecated in APPPATH\Controllers\Owner.php on line 11.
 1 SYSTEMPATH\CodeIgniter.php(906): App\Controllers\Owner->__construct()
 2 SYSTEMPATH\CodeIgniter.php(490): CodeIgniter\CodeIgniter->createController()
 3 SYSTEMPATH\CodeIgniter.php(368): CodeIgniter\CodeIgniter->handleRequest(null, Object(Config\Cache), false)
 4 FCPATH\index.php(67): CodeIgniter\CodeIgniter->run()
WARNING - 2023-03-21 10:39:46 --> [DEPRECATED] Creation of dynamic property App\Controllers\Owner::$Organization_model is deprecated in APPPATH\Controllers\Owner.php on line 12.
 1 SYSTEMPATH\CodeIgniter.php(906): App\Controllers\Owner->__construct()
 2 SYSTEMPATH\CodeIgniter.php(490): CodeIgniter\CodeIgniter->createController()
 3 SYSTEMPATH\CodeIgniter.php(368): CodeIgniter\CodeIgniter->handleRequest(null, Object(Config\Cache), false)
 4 FCPATH\index.php(67): CodeIgniter\CodeIgniter->run()
INFO - 2023-03-21 10:39:46 --> Session: Class initialized using 'CodeIgniter\Session\Handlers\FileHandler' driver.
WARNING - 2023-03-21 10:39:46 --> [DEPRECATED] Creation of dynamic property App\Controllers\Owner::$session is deprecated in APPPATH\Controllers\Owner.php on line 13.
 1 SYSTEMPATH\CodeIgniter.php(906): App\Controllers\Owner->__construct()
 2 SYSTEMPATH\CodeIgniter.php(490): CodeIgniter\CodeIgniter->createController()
 3 SYSTEMPATH\CodeIgniter.php(368): CodeIgniter\CodeIgniter->handleRequest(null, Object(Config\Cache), false)
 4 FCPATH\index.php(67): CodeIgniter\CodeIgniter->run()
WARNING - 2023-03-21 10:39:47 --> [DEPRECATED] Creation of dynamic property App\Controllers\Owner::$credentials_model is deprecated in APPPATH\Controllers\Owner.php on line 11.
 1 SYSTEMPATH\CodeIgniter.php(906): App\Controllers\Owner->__construct()
 2 SYSTEMPATH\CodeIgniter.php(490): CodeIgniter\CodeIgniter->createController()
 3 SYSTEMPATH\CodeIgniter.php(368): CodeIgniter\CodeIgniter->handleRequest(null, Object(Config\Cache), false)
 4 FCPATH\index.php(67): CodeIgniter\CodeIgniter->run()
WARNING - 2023-03-21 10:39:47 --> [DEPRECATED] Creation of dynamic property App\Controllers\Owner::$Organization_model is deprecated in APPPATH\Controllers\Owner.php on line 12.
 1 SYSTEMPATH\CodeIgniter.php(906): App\Controllers\Owner->__construct()
 2 SYSTEMPATH\CodeIgniter.php(490): CodeIgniter\CodeIgniter->createController()
 3 SYSTEMPATH\CodeIgniter.php(368): CodeIgniter\CodeIgniter->handleRequest(null, Object(Config\Cache), false)
 4 FCPATH\index.php(67): CodeIgniter\CodeIgniter->run()
INFO - 2023-03-21 10:39:47 --> Session: Class initialized using 'CodeIgniter\Session\Handlers\FileHandler' driver.
WARNING - 2023-03-21 10:39:47 --> [DEPRECATED] Creation of dynamic property App\Controllers\Owner::$session is deprecated in APPPATH\Controllers\Owner.php on line 13.
 1 SYSTEMPATH\CodeIgniter.php(906): App\Controllers\Owner->__construct()
 2 SYSTEMPATH\CodeIgniter.php(490): CodeIgniter\CodeIgniter->createController()
 3 SYSTEMPATH\CodeIgniter.php(368): CodeIgniter\CodeIgniter->handleRequest(null, Object(Config\Cache), false)
 4 FCPATH\index.php(67): CodeIgniter\CodeIgniter->run()
WARNING - 2023-03-21 10:39:49 --> [DEPRECATED] Creation of dynamic property App\Controllers\Owner::$credentials_model is deprecated in APPPATH\Controllers\Owner.php on line 11.
 1 SYSTEMPATH\CodeIgniter.php(906): App\Controllers\Owner->__construct()
 2 SYSTEMPATH\CodeIgniter.php(490): CodeIgniter\CodeIgniter->createController()
 3 SYSTEMPATH\CodeIgniter.php(368): CodeIgniter\CodeIgniter->handleRequest(null, Object(Config\Cache), false)
 4 FCPATH\index.php(67): CodeIgniter\CodeIgniter->run()
WARNING - 2023-03-21 10:39:49 --> [DEPRECATED] Creation of dynamic property App\Controllers\Owner::$Organization_model is deprecated in APPPATH\Controllers\Owner.php on line 12.
 1 SYSTEMPATH\CodeIgniter.php(906): App\Controllers\Owner->__construct()
 2 SYSTEMPATH\CodeIgniter.php(490): CodeIgniter\CodeIgniter->createController()
 3 SYSTEMPATH\CodeIgniter.php(368): CodeIgniter\CodeIgniter->handleRequest(null, Object(Config\Cache), false)
 4 FCPATH\index.php(67): CodeIgniter\CodeIgniter->run()
INFO - 2023-03-21 10:39:49 --> Session: Class initialized using 'CodeIgniter\Session\Handlers\FileHandler' driver.
WARNING - 2023-03-21 10:39:49 --> [DEPRECATED] Creation of dynamic property App\Controllers\Owner::$session is deprecated in APPPATH\Controllers\Owner.php on line 13.
 1 SYSTEMPATH\CodeIgniter.php(906): App\Controllers\Owner->__construct()
 2 SYSTEMPATH\CodeIgniter.php(490): CodeIgniter\CodeIgniter->createController()
 3 SYSTEMPATH\CodeIgniter.php(368): CodeIgniter\CodeIgniter->handleRequest(null, Object(Config\Cache), false)
 4 FCPATH\index.php(67): CodeIgniter\CodeIgniter->run()
WARNING - 2023-03-21 10:40:03 --> [DEPRECATED] Creation of dynamic property App\Controllers\Owner::$credentials_model is deprecated in APPPATH\Controllers\Owner.php on line 11.
 1 SYSTEMPATH\CodeIgniter.php(906): App\Controllers\Owner->__construct()
 2 SYSTEMPATH\CodeIgniter.php(490): CodeIgniter\CodeIgniter->createController()
 3 SYSTEMPATH\CodeIgniter.php(368): CodeIgniter\CodeIgniter->handleRequest(null, Object(Config\Cache), false)
 4 FCPATH\index.php(67): CodeIgniter\CodeIgniter->run()
WARNING - 2023-03-21 10:40:03 --> [DEPRECATED] Creation of dynamic property App\Controllers\Owner::$Organization_model is deprecated in APPPATH\Controllers\Owner.php on line 12.
 1 SYSTEMPATH\CodeIgniter.php(906): App\Controllers\Owner->__construct()
 2 SYSTEMPATH\CodeIgniter.php(490): CodeIgniter\CodeIgniter->createController()
 3 SYSTEMPATH\CodeIgniter.php(368): CodeIgniter\CodeIgniter->handleRequest(null, Object(Config\Cache), false)
 4 FCPATH\index.php(67): CodeIgniter\CodeIgniter->run()
INFO - 2023-03-21 10:40:03 --> Session: Class initialized using 'CodeIgniter\Session\Handlers\FileHandler' driver.
WARNING - 2023-03-21 10:40:03 --> [DEPRECATED] Creation of dynamic property App\Controllers\Owner::$session is deprecated in APPPATH\Controllers\Owner.php on line 13.
 1 SYSTEMPATH\CodeIgniter.php(906): App\Controllers\Owner->__construct()
 2 SYSTEMPATH\CodeIgniter.php(490): CodeIgniter\CodeIgniter->createController()
 3 SYSTEMPATH\CodeIgniter.php(368): CodeIgniter\CodeIgniter->handleRequest(null, Object(Config\Cache), false)
 4 FCPATH\index.php(67): CodeIgniter\CodeIgniter->run()
WARNING - 2023-03-21 10:40:16 --> [DEPRECATED] Creation of dynamic property App\Controllers\Owner::$credentials_model is deprecated in APPPATH\Controllers\Owner.php on line 11.
 1 SYSTEMPATH\CodeIgniter.php(906): App\Controllers\Owner->__construct()
 2 SYSTEMPATH\CodeIgniter.php(490): CodeIgniter\CodeIgniter->createController()
 3 SYSTEMPATH\CodeIgniter.php(368): CodeIgniter\CodeIgniter->handleRequest(null, Object(Config\Cache), false)
 4 FCPATH\index.php(67): CodeIgniter\CodeIgniter->run()
WARNING - 2023-03-21 10:40:16 --> [DEPRECATED] Creation of dynamic property App\Controllers\Owner::$Organization_model is deprecated in APPPATH\Controllers\Owner.php on line 12.
 1 SYSTEMPATH\CodeIgniter.php(906): App\Controllers\Owner->__construct()
 2 SYSTEMPATH\CodeIgniter.php(490): CodeIgniter\CodeIgniter->createController()
 3 SYSTEMPATH\CodeIgniter.php(368): CodeIgniter\CodeIgniter->handleRequest(null, Object(Config\Cache), false)
 4 FCPATH\index.php(67): CodeIgniter\CodeIgniter->run()
INFO - 2023-03-21 10:40:16 --> Session: Class initialized using 'CodeIgniter\Session\Handlers\FileHandler' driver.
WARNING - 2023-03-21 10:40:16 --> [DEPRECATED] Creation of dynamic property App\Controllers\Owner::$session is deprecated in APPPATH\Controllers\Owner.php on line 13.
 1 SYSTEMPATH\CodeIgniter.php(906): App\Controllers\Owner->__construct()
 2 SYSTEMPATH\CodeIgniter.php(490): CodeIgniter\CodeIgniter->createController()
 3 SYSTEMPATH\CodeIgniter.php(368): CodeIgniter\CodeIgniter->handleRequest(null, Object(Config\Cache), false)
 4 FCPATH\index.php(67): CodeIgniter\CodeIgniter->run()
WARNING - 2023-03-21 10:40:28 --> [DEPRECATED] Creation of dynamic property App\Controllers\Owner::$credentials_model is deprecated in APPPATH\Controllers\Owner.php on line 11.
 1 SYSTEMPATH\CodeIgniter.php(906): App\Controllers\Owner->__construct()
 2 SYSTEMPATH\CodeIgniter.php(490): CodeIgniter\CodeIgniter->createController()
 3 SYSTEMPATH\CodeIgniter.php(368): CodeIgniter\CodeIgniter->handleRequest(null, Object(Config\Cache), false)
 4 FCPATH\index.php(67): CodeIgniter\CodeIgniter->run()
WARNING - 2023-03-21 10:40:28 --> [DEPRECATED] Creation of dynamic property App\Controllers\Owner::$Organization_model is deprecated in APPPATH\Controllers\Owner.php on line 12.
 1 SYSTEMPATH\CodeIgniter.php(906): App\Controllers\Owner->__construct()
 2 SYSTEMPATH\CodeIgniter.php(490): CodeIgniter\CodeIgniter->createController()
 3 SYSTEMPATH\CodeIgniter.php(368): CodeIgniter\CodeIgniter->handleRequest(null, Object(Config\Cache), false)
 4 FCPATH\index.php(67): CodeIgniter\CodeIgniter->run()
INFO - 2023-03-21 10:40:28 --> Session: Class initialized using 'CodeIgniter\Session\Handlers\FileHandler' driver.
WARNING - 2023-03-21 10:40:28 --> [DEPRECATED] Creation of dynamic property App\Controllers\Owner::$session is deprecated in APPPATH\Controllers\Owner.php on line 13.
 1 SYSTEMPATH\CodeIgniter.php(906): App\Controllers\Owner->__construct()
 2 SYSTEMPATH\CodeIgniter.php(490): CodeIgniter\CodeIgniter->createController()
 3 SYSTEMPATH\CodeIgniter.php(368): CodeIgniter\CodeIgniter->handleRequest(null, Object(Config\Cache), false)
 4 FCPATH\index.php(67): CodeIgniter\CodeIgniter->run()
WARNING - 2023-03-21 10:41:04 --> [DEPRECATED] Creation of dynamic property App\Controllers\Owner::$credentials_model is deprecated in APPPATH\Controllers\Owner.php on line 11.
 1 SYSTEMPATH\CodeIgniter.php(906): App\Controllers\Owner->__construct()
 2 SYSTEMPATH\CodeIgniter.php(490): CodeIgniter\CodeIgniter->createController()
 3 SYSTEMPATH\CodeIgniter.php(368): CodeIgniter\CodeIgniter->handleRequest(null, Object(Config\Cache), false)
 4 FCPATH\index.php(67): CodeIgniter\CodeIgniter->run()
WARNING - 2023-03-21 10:41:04 --> [DEPRECATED] Creation of dynamic property App\Controllers\Owner::$Organization_model is deprecated in APPPATH\Controllers\Owner.php on line 12.
 1 SYSTEMPATH\CodeIgniter.php(906): App\Controllers\Owner->__construct()
 2 SYSTEMPATH\CodeIgniter.php(490): CodeIgniter\CodeIgniter->createController()
 3 SYSTEMPATH\CodeIgniter.php(368): CodeIgniter\CodeIgniter->handleRequest(null, Object(Config\Cache), false)
 4 FCPATH\index.php(67): CodeIgniter\CodeIgniter->run()
INFO - 2023-03-21 10:41:04 --> Session: Class initialized using 'CodeIgniter\Session\Handlers\FileHandler' driver.
WARNING - 2023-03-21 10:41:04 --> [DEPRECATED] Creation of dynamic property App\Controllers\Owner::$session is deprecated in APPPATH\Controllers\Owner.php on line 13.
 1 SYSTEMPATH\CodeIgniter.php(906): App\Controllers\Owner->__construct()
 2 SYSTEMPATH\CodeIgniter.php(490): CodeIgniter\CodeIgniter->createController()
 3 SYSTEMPATH\CodeIgniter.php(368): CodeIgniter\CodeIgniter->handleRequest(null, Object(Config\Cache), false)
 4 FCPATH\index.php(67): CodeIgniter\CodeIgniter->run()
WARNING - 2023-03-21 10:41:12 --> [DEPRECATED] Creation of dynamic property App\Controllers\Owner::$credentials_model is deprecated in APPPATH\Controllers\Owner.php on line 11.
 1 SYSTEMPATH\CodeIgniter.php(906): App\Controllers\Owner->__construct()
 2 SYSTEMPATH\CodeIgniter.php(490): CodeIgniter\CodeIgniter->createController()
 3 SYSTEMPATH\CodeIgniter.php(368): CodeIgniter\CodeIgniter->handleRequest(null, Object(Config\Cache), false)
 4 FCPATH\index.php(67): CodeIgniter\CodeIgniter->run()
WARNING - 2023-03-21 10:41:12 --> [DEPRECATED] Creation of dynamic property App\Controllers\Owner::$Organization_model is deprecated in APPPATH\Controllers\Owner.php on line 12.
 1 SYSTEMPATH\CodeIgniter.php(906): App\Controllers\Owner->__construct()
 2 SYSTEMPATH\CodeIgniter.php(490): CodeIgniter\CodeIgniter->createController()
 3 SYSTEMPATH\CodeIgniter.php(368): CodeIgniter\CodeIgniter->handleRequest(null, Object(Config\Cache), false)
 4 FCPATH\index.php(67): CodeIgniter\CodeIgniter->run()
INFO - 2023-03-21 10:41:12 --> Session: Class initialized using 'CodeIgniter\Session\Handlers\FileHandler' driver.
WARNING - 2023-03-21 10:41:12 --> [DEPRECATED] Creation of dynamic property App\Controllers\Owner::$session is deprecated in APPPATH\Controllers\Owner.php on line 13.
 1 SYSTEMPATH\CodeIgniter.php(906): App\Controllers\Owner->__construct()
 2 SYSTEMPATH\CodeIgniter.php(490): CodeIgniter\CodeIgniter->createController()
 3 SYSTEMPATH\CodeIgniter.php(368): CodeIgniter\CodeIgniter->handleRequest(null, Object(Config\Cache), false)
 4 FCPATH\index.php(67): CodeIgniter\CodeIgniter->run()
WARNING - 2023-03-21 10:41:51 --> [DEPRECATED] Creation of dynamic property App\Controllers\Owner::$credentials_model is deprecated in APPPATH\Controllers\Owner.php on line 11.
 1 SYSTEMPATH\CodeIgniter.php(906): App\Controllers\Owner->__construct()
 2 SYSTEMPATH\CodeIgniter.php(490): CodeIgniter\CodeIgniter->createController()
 3 SYSTEMPATH\CodeIgniter.php(368): CodeIgniter\CodeIgniter->handleRequest(null, Object(Config\Cache), false)
 4 FCPATH\index.php(67): CodeIgniter\CodeIgniter->run()
WARNING - 2023-03-21 10:41:51 --> [DEPRECATED] Creation of dynamic property App\Controllers\Owner::$Organization_model is deprecated in APPPATH\Controllers\Owner.php on line 12.
 1 SYSTEMPATH\CodeIgniter.php(906): App\Controllers\Owner->__construct()
 2 SYSTEMPATH\CodeIgniter.php(490): CodeIgniter\CodeIgniter->createController()
 3 SYSTEMPATH\CodeIgniter.php(368): CodeIgniter\CodeIgniter->handleRequest(null, Object(Config\Cache), false)
 4 FCPATH\index.php(67): CodeIgniter\CodeIgniter->run()
INFO - 2023-03-21 10:41:51 --> Session: Class initialized using 'CodeIgniter\Session\Handlers\FileHandler' driver.
WARNING - 2023-03-21 10:41:51 --> [DEPRECATED] Creation of dynamic property App\Controllers\Owner::$session is deprecated in APPPATH\Controllers\Owner.php on line 13.
 1 SYSTEMPATH\CodeIgniter.php(906): App\Controllers\Owner->__construct()
 2 SYSTEMPATH\CodeIgniter.php(490): CodeIgniter\CodeIgniter->createController()
 3 SYSTEMPATH\CodeIgniter.php(368): CodeIgniter\CodeIgniter->handleRequest(null, Object(Config\Cache), false)
 4 FCPATH\index.php(67): CodeIgniter\CodeIgniter->run()
WARNING - 2023-03-21 10:41:52 --> [DEPRECATED] Creation of dynamic property App\Controllers\Owner::$credentials_model is deprecated in APPPATH\Controllers\Owner.php on line 11.
 1 SYSTEMPATH\CodeIgniter.php(906): App\Controllers\Owner->__construct()
 2 SYSTEMPATH\CodeIgniter.php(490): CodeIgniter\CodeIgniter->createController()
 3 SYSTEMPATH\CodeIgniter.php(368): CodeIgniter\CodeIgniter->handleRequest(null, Object(Config\Cache), false)
 4 FCPATH\index.php(67): CodeIgniter\CodeIgniter->run()
WARNING - 2023-03-21 10:41:52 --> [DEPRECATED] Creation of dynamic property App\Controllers\Owner::$Organization_model is deprecated in APPPATH\Controllers\Owner.php on line 12.
 1 SYSTEMPATH\CodeIgniter.php(906): App\Controllers\Owner->__construct()
 2 SYSTEMPATH\CodeIgniter.php(490): CodeIgniter\CodeIgniter->createController()
 3 SYSTEMPATH\CodeIgniter.php(368): CodeIgniter\CodeIgniter->handleRequest(null, Object(Config\Cache), false)
 4 FCPATH\index.php(67): CodeIgniter\CodeIgniter->run()
INFO - 2023-03-21 10:41:52 --> Session: Class initialized using 'CodeIgniter\Session\Handlers\FileHandler' driver.
WARNING - 2023-03-21 10:41:52 --> [DEPRECATED] Creation of dynamic property App\Controllers\Owner::$session is deprecated in APPPATH\Controllers\Owner.php on line 13.
 1 SYSTEMPATH\CodeIgniter.php(906): App\Controllers\Owner->__construct()
 2 SYSTEMPATH\CodeIgniter.php(490): CodeIgniter\CodeIgniter->createController()
 3 SYSTEMPATH\CodeIgniter.php(368): CodeIgniter\CodeIgniter->handleRequest(null, Object(Config\Cache), false)
 4 FCPATH\index.php(67): CodeIgniter\CodeIgniter->run()
WARNING - 2023-03-21 10:41:53 --> [DEPRECATED] Creation of dynamic property App\Controllers\Owner::$credentials_model is deprecated in APPPATH\Controllers\Owner.php on line 11.
 1 SYSTEMPATH\CodeIgniter.php(906): App\Controllers\Owner->__construct()
 2 SYSTEMPATH\CodeIgniter.php(490): CodeIgniter\CodeIgniter->createController()
 3 SYSTEMPATH\CodeIgniter.php(368): CodeIgniter\CodeIgniter->handleRequest(null, Object(Config\Cache), false)
 4 FCPATH\index.php(67): CodeIgniter\CodeIgniter->run()
WARNING - 2023-03-21 10:41:53 --> [DEPRECATED] Creation of dynamic property App\Controllers\Owner::$Organization_model is deprecated in APPPATH\Controllers\Owner.php on line 12.
 1 SYSTEMPATH\CodeIgniter.php(906): App\Controllers\Owner->__construct()
 2 SYSTEMPATH\CodeIgniter.php(490): CodeIgniter\CodeIgniter->createController()
 3 SYSTEMPATH\CodeIgniter.php(368): CodeIgniter\CodeIgniter->handleRequest(null, Object(Config\Cache), false)
 4 FCPATH\index.php(67): CodeIgniter\CodeIgniter->run()
INFO - 2023-03-21 10:41:53 --> Session: Class initialized using 'CodeIgniter\Session\Handlers\FileHandler' driver.
WARNING - 2023-03-21 10:41:53 --> [DEPRECATED] Creation of dynamic property App\Controllers\Owner::$session is deprecated in APPPATH\Controllers\Owner.php on line 13.
 1 SYSTEMPATH\CodeIgniter.php(906): App\Controllers\Owner->__construct()
 2 SYSTEMPATH\CodeIgniter.php(490): CodeIgniter\CodeIgniter->createController()
 3 SYSTEMPATH\CodeIgniter.php(368): CodeIgniter\CodeIgniter->handleRequest(null, Object(Config\Cache), false)
 4 FCPATH\index.php(67): CodeIgniter\CodeIgniter->run()
WARNING - 2023-03-21 10:41:54 --> [DEPRECATED] Creation of dynamic property App\Controllers\Owner::$credentials_model is deprecated in APPPATH\Controllers\Owner.php on line 11.
 1 SYSTEMPATH\CodeIgniter.php(906): App\Controllers\Owner->__construct()
 2 SYSTEMPATH\CodeIgniter.php(490): CodeIgniter\CodeIgniter->createController()
 3 SYSTEMPATH\CodeIgniter.php(368): CodeIgniter\CodeIgniter->handleRequest(null, Object(Config\Cache), false)
 4 FCPATH\index.php(67): CodeIgniter\CodeIgniter->run()
WARNING - 2023-03-21 10:41:54 --> [DEPRECATED] Creation of dynamic property App\Controllers\Owner::$Organization_model is deprecated in APPPATH\Controllers\Owner.php on line 12.
 1 SYSTEMPATH\CodeIgniter.php(906): App\Controllers\Owner->__construct()
 2 SYSTEMPATH\CodeIgniter.php(490): CodeIgniter\CodeIgniter->createController()
 3 SYSTEMPATH\CodeIgniter.php(368): CodeIgniter\CodeIgniter->handleRequest(null, Object(Config\Cache), false)
 4 FCPATH\index.php(67): CodeIgniter\CodeIgniter->run()
INFO - 2023-03-21 10:41:54 --> Session: Class initialized using 'CodeIgniter\Session\Handlers\FileHandler' driver.
WARNING - 2023-03-21 10:41:54 --> [DEPRECATED] Creation of dynamic property App\Controllers\Owner::$session is deprecated in APPPATH\Controllers\Owner.php on line 13.
 1 SYSTEMPATH\CodeIgniter.php(906): App\Controllers\Owner->__construct()
 2 SYSTEMPATH\CodeIgniter.php(490): CodeIgniter\CodeIgniter->createController()
 3 SYSTEMPATH\CodeIgniter.php(368): CodeIgniter\CodeIgniter->handleRequest(null, Object(Config\Cache), false)
 4 FCPATH\index.php(67): CodeIgniter\CodeIgniter->run()
WARNING - 2023-03-21 10:41:55 --> [DEPRECATED] Creation of dynamic property App\Controllers\Owner::$credentials_model is deprecated in APPPATH\Controllers\Owner.php on line 11.
 1 SYSTEMPATH\CodeIgniter.php(906): App\Controllers\Owner->__construct()
 2 SYSTEMPATH\CodeIgniter.php(490): CodeIgniter\CodeIgniter->createController()
 3 SYSTEMPATH\CodeIgniter.php(368): CodeIgniter\CodeIgniter->handleRequest(null, Object(Config\Cache), false)
 4 FCPATH\index.php(67): CodeIgniter\CodeIgniter->run()
WARNING - 2023-03-21 10:41:55 --> [DEPRECATED] Creation of dynamic property App\Controllers\Owner::$Organization_model is deprecated in APPPATH\Controllers\Owner.php on line 12.
 1 SYSTEMPATH\CodeIgniter.php(906): App\Controllers\Owner->__construct()
 2 SYSTEMPATH\CodeIgniter.php(490): CodeIgniter\CodeIgniter->createController()
 3 SYSTEMPATH\CodeIgniter.php(368): CodeIgniter\CodeIgniter->handleRequest(null, Object(Config\Cache), false)
 4 FCPATH\index.php(67): CodeIgniter\CodeIgniter->run()
INFO - 2023-03-21 10:41:55 --> Session: Class initialized using 'CodeIgniter\Session\Handlers\FileHandler' driver.
WARNING - 2023-03-21 10:41:55 --> [DEPRECATED] Creation of dynamic property App\Controllers\Owner::$session is deprecated in APPPATH\Controllers\Owner.php on line 13.
 1 SYSTEMPATH\CodeIgniter.php(906): App\Controllers\Owner->__construct()
 2 SYSTEMPATH\CodeIgniter.php(490): CodeIgniter\CodeIgniter->createController()
 3 SYSTEMPATH\CodeIgniter.php(368): CodeIgniter\CodeIgniter->handleRequest(null, Object(Config\Cache), false)
 4 FCPATH\index.php(67): CodeIgniter\CodeIgniter->run()
WARNING - 2023-03-21 10:41:57 --> [DEPRECATED] Creation of dynamic property App\Controllers\Owner::$credentials_model is deprecated in APPPATH\Controllers\Owner.php on line 11.
 1 SYSTEMPATH\CodeIgniter.php(906): App\Controllers\Owner->__construct()
 2 SYSTEMPATH\CodeIgniter.php(490): CodeIgniter\CodeIgniter->createController()
 3 SYSTEMPATH\CodeIgniter.php(368): CodeIgniter\CodeIgniter->handleRequest(null, Object(Config\Cache), false)
 4 FCPATH\index.php(67): CodeIgniter\CodeIgniter->run()
WARNING - 2023-03-21 10:41:57 --> [DEPRECATED] Creation of dynamic property App\Controllers\Owner::$Organization_model is deprecated in APPPATH\Controllers\Owner.php on line 12.
 1 SYSTEMPATH\CodeIgniter.php(906): App\Controllers\Owner->__construct()
 2 SYSTEMPATH\CodeIgniter.php(490): CodeIgniter\CodeIgniter->createController()
 3 SYSTEMPATH\CodeIgniter.php(368): CodeIgniter\CodeIgniter->handleRequest(null, Object(Config\Cache), false)
 4 FCPATH\index.php(67): CodeIgniter\CodeIgniter->run()
INFO - 2023-03-21 10:41:57 --> Session: Class initialized using 'CodeIgniter\Session\Handlers\FileHandler' driver.
WARNING - 2023-03-21 10:41:57 --> [DEPRECATED] Creation of dynamic property App\Controllers\Owner::$session is deprecated in APPPATH\Controllers\Owner.php on line 13.
 1 SYSTEMPATH\CodeIgniter.php(906): App\Controllers\Owner->__construct()
 2 SYSTEMPATH\CodeIgniter.php(490): CodeIgniter\CodeIgniter->createController()
 3 SYSTEMPATH\CodeIgniter.php(368): CodeIgniter\CodeIgniter->handleRequest(null, Object(Config\Cache), false)
 4 FCPATH\index.php(67): CodeIgniter\CodeIgniter->run()
WARNING - 2023-03-21 10:41:57 --> [DEPRECATED] Creation of dynamic property App\Controllers\Owner::$credentials_model is deprecated in APPPATH\Controllers\Owner.php on line 11.
 1 SYSTEMPATH\CodeIgniter.php(906): App\Controllers\Owner->__construct()
 2 SYSTEMPATH\CodeIgniter.php(490): CodeIgniter\CodeIgniter->createController()
 3 SYSTEMPATH\CodeIgniter.php(368): CodeIgniter\CodeIgniter->handleRequest(null, Object(Config\Cache), false)
 4 FCPATH\index.php(67): CodeIgniter\CodeIgniter->run()
WARNING - 2023-03-21 10:41:57 --> [DEPRECATED] Creation of dynamic property App\Controllers\Owner::$Organization_model is deprecated in APPPATH\Controllers\Owner.php on line 12.
 1 SYSTEMPATH\CodeIgniter.php(906): App\Controllers\Owner->__construct()
 2 SYSTEMPATH\CodeIgniter.php(490): CodeIgniter\CodeIgniter->createController()
 3 SYSTEMPATH\CodeIgniter.php(368): CodeIgniter\CodeIgniter->handleRequest(null, Object(Config\Cache), false)
 4 FCPATH\index.php(67): CodeIgniter\CodeIgniter->run()
INFO - 2023-03-21 10:41:57 --> Session: Class initialized using 'CodeIgniter\Session\Handlers\FileHandler' driver.
WARNING - 2023-03-21 10:41:57 --> [DEPRECATED] Creation of dynamic property App\Controllers\Owner::$session is deprecated in APPPATH\Controllers\Owner.php on line 13.
 1 SYSTEMPATH\CodeIgniter.php(906): App\Controllers\Owner->__construct()
 2 SYSTEMPATH\CodeIgniter.php(490): CodeIgniter\CodeIgniter->createController()
 3 SYSTEMPATH\CodeIgniter.php(368): CodeIgniter\CodeIgniter->handleRequest(null, Object(Config\Cache), false)
 4 FCPATH\index.php(67): CodeIgniter\CodeIgniter->run()
WARNING - 2023-03-21 10:42:04 --> [DEPRECATED] Creation of dynamic property App\Controllers\Owner::$credentials_model is deprecated in APPPATH\Controllers\Owner.php on line 11.
 1 SYSTEMPATH\CodeIgniter.php(906): App\Controllers\Owner->__construct()
 2 SYSTEMPATH\CodeIgniter.php(490): CodeIgniter\CodeIgniter->createController()
 3 SYSTEMPATH\CodeIgniter.php(368): CodeIgniter\CodeIgniter->handleRequest(null, Object(Config\Cache), false)
 4 FCPATH\index.php(67): CodeIgniter\CodeIgniter->run()
WARNING - 2023-03-21 10:42:04 --> [DEPRECATED] Creation of dynamic property App\Controllers\Owner::$Organization_model is deprecated in APPPATH\Controllers\Owner.php on line 12.
 1 SYSTEMPATH\CodeIgniter.php(906): App\Controllers\Owner->__construct()
 2 SYSTEMPATH\CodeIgniter.php(490): CodeIgniter\CodeIgniter->createController()
 3 SYSTEMPATH\CodeIgniter.php(368): CodeIgniter\CodeIgniter->handleRequest(null, Object(Config\Cache), false)
 4 FCPATH\index.php(67): CodeIgniter\CodeIgniter->run()
INFO - 2023-03-21 10:42:04 --> Session: Class initialized using 'CodeIgniter\Session\Handlers\FileHandler' driver.
WARNING - 2023-03-21 10:42:04 --> [DEPRECATED] Creation of dynamic property App\Controllers\Owner::$session is deprecated in APPPATH\Controllers\Owner.php on line 13.
 1 SYSTEMPATH\CodeIgniter.php(906): App\Controllers\Owner->__construct()
 2 SYSTEMPATH\CodeIgniter.php(490): CodeIgniter\CodeIgniter->createController()
 3 SYSTEMPATH\CodeIgniter.php(368): CodeIgniter\CodeIgniter->handleRequest(null, Object(Config\Cache), false)
 4 FCPATH\index.php(67): CodeIgniter\CodeIgniter->run()
WARNING - 2023-03-21 10:43:43 --> [DEPRECATED] Creation of dynamic property App\Controllers\Owner::$credentials_model is deprecated in APPPATH\Controllers\Owner.php on line 11.
 1 SYSTEMPATH\CodeIgniter.php(906): App\Controllers\Owner->__construct()
 2 SYSTEMPATH\CodeIgniter.php(490): CodeIgniter\CodeIgniter->createController()
 3 SYSTEMPATH\CodeIgniter.php(368): CodeIgniter\CodeIgniter->handleRequest(null, Object(Config\Cache), false)
 4 FCPATH\index.php(67): CodeIgniter\CodeIgniter->run()
WARNING - 2023-03-21 10:43:43 --> [DEPRECATED] Creation of dynamic property App\Controllers\Owner::$Organization_model is deprecated in APPPATH\Controllers\Owner.php on line 12.
 1 SYSTEMPATH\CodeIgniter.php(906): App\Controllers\Owner->__construct()
 2 SYSTEMPATH\CodeIgniter.php(490): CodeIgniter\CodeIgniter->createController()
 3 SYSTEMPATH\CodeIgniter.php(368): CodeIgniter\CodeIgniter->handleRequest(null, Object(Config\Cache), false)
 4 FCPATH\index.php(67): CodeIgniter\CodeIgniter->run()
INFO - 2023-03-21 10:43:43 --> Session: Class initialized using 'CodeIgniter\Session\Handlers\FileHandler' driver.
WARNING - 2023-03-21 10:43:43 --> [DEPRECATED] Creation of dynamic property App\Controllers\Owner::$session is deprecated in APPPATH\Controllers\Owner.php on line 13.
 1 SYSTEMPATH\CodeIgniter.php(906): App\Controllers\Owner->__construct()
 2 SYSTEMPATH\CodeIgniter.php(490): CodeIgniter\CodeIgniter->createController()
 3 SYSTEMPATH\CodeIgniter.php(368): CodeIgniter\CodeIgniter->handleRequest(null, Object(Config\Cache), false)
 4 FCPATH\index.php(67): CodeIgniter\CodeIgniter->run()
WARNING - 2023-03-21 10:43:53 --> [DEPRECATED] Creation of dynamic property App\Controllers\Owner::$credentials_model is deprecated in APPPATH\Controllers\Owner.php on line 11.
 1 SYSTEMPATH\CodeIgniter.php(906): App\Controllers\Owner->__construct()
 2 SYSTEMPATH\CodeIgniter.php(490): CodeIgniter\CodeIgniter->createController()
 3 SYSTEMPATH\CodeIgniter.php(368): CodeIgniter\CodeIgniter->handleRequest(null, Object(Config\Cache), false)
 4 FCPATH\index.php(67): CodeIgniter\CodeIgniter->run()
WARNING - 2023-03-21 10:43:53 --> [DEPRECATED] Creation of dynamic property App\Controllers\Owner::$Organization_model is deprecated in APPPATH\Controllers\Owner.php on line 12.
 1 SYSTEMPATH\CodeIgniter.php(906): App\Controllers\Owner->__construct()
 2 SYSTEMPATH\CodeIgniter.php(490): CodeIgniter\CodeIgniter->createController()
 3 SYSTEMPATH\CodeIgniter.php(368): CodeIgniter\CodeIgniter->handleRequest(null, Object(Config\Cache), false)
 4 FCPATH\index.php(67): CodeIgniter\CodeIgniter->run()
INFO - 2023-03-21 10:43:53 --> Session: Class initialized using 'CodeIgniter\Session\Handlers\FileHandler' driver.
WARNING - 2023-03-21 10:43:53 --> [DEPRECATED] Creation of dynamic property App\Controllers\Owner::$session is deprecated in APPPATH\Controllers\Owner.php on line 13.
 1 SYSTEMPATH\CodeIgniter.php(906): App\Controllers\Owner->__construct()
 2 SYSTEMPATH\CodeIgniter.php(490): CodeIgniter\CodeIgniter->createController()
 3 SYSTEMPATH\CodeIgniter.php(368): CodeIgniter\CodeIgniter->handleRequest(null, Object(Config\Cache), false)
 4 FCPATH\index.php(67): CodeIgniter\CodeIgniter->run()
WARNING - 2023-03-21 10:43:55 --> [DEPRECATED] Creation of dynamic property App\Controllers\Billing::$billing_model is deprecated in APPPATH\Controllers\Billing.php on line 8.
 1 SYSTEMPATH\CodeIgniter.php(906): App\Controllers\Billing->__construct()
 2 SYSTEMPATH\CodeIgniter.php(490): CodeIgniter\CodeIgniter->createController()
 3 SYSTEMPATH\CodeIgniter.php(368): CodeIgniter\CodeIgniter->handleRequest(null, Object(Config\Cache), false)
 4 FCPATH\index.php(67): CodeIgniter\CodeIgniter->run()
INFO - 2023-03-21 10:43:55 --> Session: Class initialized using 'CodeIgniter\Session\Handlers\FileHandler' driver.
WARNING - 2023-03-21 10:43:55 --> [DEPRECATED] Creation of dynamic property App\Controllers\Billing::$session is deprecated in APPPATH\Controllers\Billing.php on line 9.
 1 SYSTEMPATH\CodeIgniter.php(906): App\Controllers\Billing->__construct()
 2 SYSTEMPATH\CodeIgniter.php(490): CodeIgniter\CodeIgniter->createController()
 3 SYSTEMPATH\CodeIgniter.php(368): CodeIgniter\CodeIgniter->handleRequest(null, Object(Config\Cache), false)
 4 FCPATH\index.php(67): CodeIgniter\CodeIgniter->run()
CRITICAL - 2023-03-21 10:43:55 --> Unclosed '{' on line 56
in APPPATH\Views\Billing\dashboard.php on line 111.
 1 SYSTEMPATH\View\View.php(216): CodeIgniter\View\View->CodeIgniter\View\{closure}()
 2 SYSTEMPATH\Common.php(1184): CodeIgniter\View\View->render('Billing/dashboard', [], true)
 3 APPPATH\Controllers\Billing.php(15): view('Billing/dashboard', [...])
 4 SYSTEMPATH\CodeIgniter.php(934): App\Controllers\Billing->index()
 5 SYSTEMPATH\CodeIgniter.php(499): CodeIgniter\CodeIgniter->runController(Object(App\Controllers\Billing))
 6 SYSTEMPATH\CodeIgniter.php(368): CodeIgniter\CodeIgniter->handleRequest(null, Object(Config\Cache), false)
 7 FCPATH\index.php(67): CodeIgniter\CodeIgniter->run()
WARNING - 2023-03-21 10:44:21 --> [DEPRECATED] Creation of dynamic property App\Controllers\Billing::$billing_model is deprecated in APPPATH\Controllers\Billing.php on line 8.
 1 SYSTEMPATH\CodeIgniter.php(906): App\Controllers\Billing->__construct()
 2 SYSTEMPATH\CodeIgniter.php(490): CodeIgniter\CodeIgniter->createController()
 3 SYSTEMPATH\CodeIgniter.php(368): CodeIgniter\CodeIgniter->handleRequest(null, Object(Config\Cache), false)
 4 FCPATH\index.php(67): CodeIgniter\CodeIgniter->run()
INFO - 2023-03-21 10:44:21 --> Session: Class initialized using 'CodeIgniter\Session\Handlers\FileHandler' driver.
WARNING - 2023-03-21 10:44:21 --> [DEPRECATED] Creation of dynamic property App\Controllers\Billing::$session is deprecated in APPPATH\Controllers\Billing.php on line 9.
 1 SYSTEMPATH\CodeIgniter.php(906): App\Controllers\Billing->__construct()
 2 SYSTEMPATH\CodeIgniter.php(490): CodeIgniter\CodeIgniter->createController()
 3 SYSTEMPATH\CodeIgniter.php(368): CodeIgniter\CodeIgniter->handleRequest(null, Object(Config\Cache), false)
 4 FCPATH\index.php(67): CodeIgniter\CodeIgniter->run()
CRITICAL - 2023-03-21 10:44:21 --> syntax error, unexpected end of file, expecting "elseif" or "else" or "endif"
in APPPATH\Views\Billing\dashboard.php on line 111.
 1 SYSTEMPATH\View\View.php(216): CodeIgniter\View\View->CodeIgniter\View\{closure}()
 2 SYSTEMPATH\Common.php(1184): CodeIgniter\View\View->render('Billing/dashboard', [], true)
 3 APPPATH\Controllers\Billing.php(15): view('Billing/dashboard', [...])
 4 SYSTEMPATH\CodeIgniter.php(934): App\Controllers\Billing->index()
 5 SYSTEMPATH\CodeIgniter.php(499): CodeIgniter\CodeIgniter->runController(Object(App\Controllers\Billing))
 6 SYSTEMPATH\CodeIgniter.php(368): CodeIgniter\CodeIgniter->handleRequest(null, Object(Config\Cache), false)
 7 FCPATH\index.php(67): CodeIgniter\CodeIgniter->run()
WARNING - 2023-03-21 10:45:11 --> [DEPRECATED] Creation of dynamic property App\Controllers\Billing::$billing_model is deprecated in APPPATH\Controllers\Billing.php on line 8.
 1 SYSTEMPATH\CodeIgniter.php(906): App\Controllers\Billing->__construct()
 2 SYSTEMPATH\CodeIgniter.php(490): CodeIgniter\CodeIgniter->createController()
 3 SYSTEMPATH\CodeIgniter.php(368): CodeIgniter\CodeIgniter->handleRequest(null, Object(Config\Cache), false)
 4 FCPATH\index.php(67): CodeIgniter\CodeIgniter->run()
INFO - 2023-03-21 10:45:11 --> Session: Class initialized using 'CodeIgniter\Session\Handlers\FileHandler' driver.
WARNING - 2023-03-21 10:45:11 --> [DEPRECATED] Creation of dynamic property App\Controllers\Billing::$session is deprecated in APPPATH\Controllers\Billing.php on line 9.
 1 SYSTEMPATH\CodeIgniter.php(906): App\Controllers\Billing->__construct()
 2 SYSTEMPATH\CodeIgniter.php(490): CodeIgniter\CodeIgniter->createController()
 3 SYSTEMPATH\CodeIgniter.php(368): CodeIgniter\CodeIgniter->handleRequest(null, Object(Config\Cache), false)
 4 FCPATH\index.php(67): CodeIgniter\CodeIgniter->run()
CRITICAL - 2023-03-21 10:45:11 --> Unmatched '}'
in APPPATH\Views\Billing\dashboard.php on line 110.
 1 SYSTEMPATH\View\View.php(216): CodeIgniter\View\View->CodeIgniter\View\{closure}()
 2 SYSTEMPATH\Common.php(1184): CodeIgniter\View\View->render('Billing/dashboard', [], true)
 3 APPPATH\Controllers\Billing.php(15): view('Billing/dashboard', [...])
 4 SYSTEMPATH\CodeIgniter.php(934): App\Controllers\Billing->index()
 5 SYSTEMPATH\CodeIgniter.php(499): CodeIgniter\CodeIgniter->runController(Object(App\Controllers\Billing))
 6 SYSTEMPATH\CodeIgniter.php(368): CodeIgniter\CodeIgniter->handleRequest(null, Object(Config\Cache), false)
 7 FCPATH\index.php(67): CodeIgniter\CodeIgniter->run()
WARNING - 2023-03-21 10:45:19 --> [DEPRECATED] Creation of dynamic property App\Controllers\Billing::$billing_model is deprecated in APPPATH\Controllers\Billing.php on line 8.
 1 SYSTEMPATH\CodeIgniter.php(906): App\Controllers\Billing->__construct()
 2 SYSTEMPATH\CodeIgniter.php(490): CodeIgniter\CodeIgniter->createController()
 3 SYSTEMPATH\CodeIgniter.php(368): CodeIgniter\CodeIgniter->handleRequest(null, Object(Config\Cache), false)
 4 FCPATH\index.php(67): CodeIgniter\CodeIgniter->run()
INFO - 2023-03-21 10:45:19 --> Session: Class initialized using 'CodeIgniter\Session\Handlers\FileHandler' driver.
WARNING - 2023-03-21 10:45:19 --> [DEPRECATED] Creation of dynamic property App\Controllers\Billing::$session is deprecated in APPPATH\Controllers\Billing.php on line 9.
 1 SYSTEMPATH\CodeIgniter.php(906): App\Controllers\Billing->__construct()
 2 SYSTEMPATH\CodeIgniter.php(490): CodeIgniter\CodeIgniter->createController()
 3 SYSTEMPATH\CodeIgniter.php(368): CodeIgniter\CodeIgniter->handleRequest(null, Object(Config\Cache), false)
 4 FCPATH\index.php(67): CodeIgniter\CodeIgniter->run()
WARNING - 2023-03-21 10:45:23 --> [DEPRECATED] Creation of dynamic property App\Controllers\Billing::$billing_model is deprecated in APPPATH\Controllers\Billing.php on line 8.
 1 SYSTEMPATH\CodeIgniter.php(906): App\Controllers\Billing->__construct()
 2 SYSTEMPATH\CodeIgniter.php(490): CodeIgniter\CodeIgniter->createController()
 3 SYSTEMPATH\CodeIgniter.php(368): CodeIgniter\CodeIgniter->handleRequest(null, Object(Config\Cache), false)
 4 FCPATH\index.php(67): CodeIgniter\CodeIgniter->run()
INFO - 2023-03-21 10:45:23 --> Session: Class initialized using 'CodeIgniter\Session\Handlers\FileHandler' driver.
WARNING - 2023-03-21 10:45:23 --> [DEPRECATED] Creation of dynamic property App\Controllers\Billing::$session is deprecated in APPPATH\Controllers\Billing.php on line 9.
 1 SYSTEMPATH\CodeIgniter.php(906): App\Controllers\Billing->__construct()
 2 SYSTEMPATH\CodeIgniter.php(490): CodeIgniter\CodeIgniter->createController()
 3 SYSTEMPATH\CodeIgniter.php(368): CodeIgniter\CodeIgniter->handleRequest(null, Object(Config\Cache), false)
 4 FCPATH\index.php(67): CodeIgniter\CodeIgniter->run()
WARNING - 2023-03-21 10:45:34 --> [DEPRECATED] Creation of dynamic property App\Controllers\Billing::$billing_model is deprecated in APPPATH\Controllers\Billing.php on line 8.
 1 SYSTEMPATH\CodeIgniter.php(906): App\Controllers\Billing->__construct()
 2 SYSTEMPATH\CodeIgniter.php(490): CodeIgniter\CodeIgniter->createController()
 3 SYSTEMPATH\CodeIgniter.php(368): CodeIgniter\CodeIgniter->handleRequest(null, Object(Config\Cache), false)
 4 FCPATH\index.php(67): CodeIgniter\CodeIgniter->run()
INFO - 2023-03-21 10:45:34 --> Session: Class initialized using 'CodeIgniter\Session\Handlers\FileHandler' driver.
WARNING - 2023-03-21 10:45:34 --> [DEPRECATED] Creation of dynamic property App\Controllers\Billing::$session is deprecated in APPPATH\Controllers\Billing.php on line 9.
 1 SYSTEMPATH\CodeIgniter.php(906): App\Controllers\Billing->__construct()
 2 SYSTEMPATH\CodeIgniter.php(490): CodeIgniter\CodeIgniter->createController()
 3 SYSTEMPATH\CodeIgniter.php(368): CodeIgniter\CodeIgniter->handleRequest(null, Object(Config\Cache), false)
 4 FCPATH\index.php(67): CodeIgniter\CodeIgniter->run()
WARNING - 2023-03-21 10:48:04 --> [DEPRECATED] Creation of dynamic property App\Controllers\Billing::$billing_model is deprecated in APPPATH\Controllers\Billing.php on line 8.
 1 SYSTEMPATH\CodeIgniter.php(906): App\Controllers\Billing->__construct()
 2 SYSTEMPATH\CodeIgniter.php(490): CodeIgniter\CodeIgniter->createController()
 3 SYSTEMPATH\CodeIgniter.php(368): CodeIgniter\CodeIgniter->handleRequest(null, Object(Config\Cache), false)
 4 FCPATH\index.php(67): CodeIgniter\CodeIgniter->run()
INFO - 2023-03-21 10:48:04 --> Session: Class initialized using 'CodeIgniter\Session\Handlers\FileHandler' driver.
WARNING - 2023-03-21 10:48:04 --> [DEPRECATED] Creation of dynamic property App\Controllers\Billing::$session is deprecated in APPPATH\Controllers\Billing.php on line 9.
 1 SYSTEMPATH\CodeIgniter.php(906): App\Controllers\Billing->__construct()
 2 SYSTEMPATH\CodeIgniter.php(490): CodeIgniter\CodeIgniter->createController()
 3 SYSTEMPATH\CodeIgniter.php(368): CodeIgniter\CodeIgniter->handleRequest(null, Object(Config\Cache), false)
 4 FCPATH\index.php(67): CodeIgniter\CodeIgniter->run()
WARNING - 2023-03-21 10:48:05 --> [DEPRECATED] Creation of dynamic property App\Controllers\Billing::$billing_model is deprecated in APPPATH\Controllers\Billing.php on line 8.
 1 SYSTEMPATH\CodeIgniter.php(906): App\Controllers\Billing->__construct()
 2 SYSTEMPATH\CodeIgniter.php(490): CodeIgniter\CodeIgniter->createController()
 3 SYSTEMPATH\CodeIgniter.php(368): CodeIgniter\CodeIgniter->handleRequest(null, Object(Config\Cache), false)
 4 FCPATH\index.php(67): CodeIgniter\CodeIgniter->run()
INFO - 2023-03-21 10:48:05 --> Session: Class initialized using 'CodeIgniter\Session\Handlers\FileHandler' driver.
WARNING - 2023-03-21 10:48:05 --> [DEPRECATED] Creation of dynamic property App\Controllers\Billing::$session is deprecated in APPPATH\Controllers\Billing.php on line 9.
 1 SYSTEMPATH\CodeIgniter.php(906): App\Controllers\Billing->__construct()
 2 SYSTEMPATH\CodeIgniter.php(490): CodeIgniter\CodeIgniter->createController()
 3 SYSTEMPATH\CodeIgniter.php(368): CodeIgniter\CodeIgniter->handleRequest(null, Object(Config\Cache), false)
 4 FCPATH\index.php(67): CodeIgniter\CodeIgniter->run()
ERROR - 2023-03-21 10:48:05 --> mysqli_sql_exception: Unknown column 'hsn' in 'field list' in C:\xampp\htdocs\databliss\system\Database\MySQLi\Connection.php:295
Stack trace:
#0 C:\xampp\htdocs\databliss\system\Database\MySQLi\Connection.php(295): mysqli->query('SELECT id,produ...', 0)
#1 C:\xampp\htdocs\databliss\system\Database\BaseConnection.php(691): CodeIgniter\Database\MySQLi\Connection->execute('SELECT id,produ...')
#2 C:\xampp\htdocs\databliss\system\Database\BaseConnection.php(605): CodeIgniter\Database\BaseConnection->simpleQuery('SELECT id,produ...')
#3 C:\xampp\htdocs\databliss\app\Models\Billing_model.php(15): CodeIgniter\Database\BaseConnection->query('SELECT id,produ...')
#4 C:\xampp\htdocs\databliss\app\Controllers\Billing.php(29): App\Models\Billing_model->get_products('1')
#5 C:\xampp\htdocs\databliss\system\CodeIgniter.php(934): App\Controllers\Billing->fetch_products()
#6 C:\xampp\htdocs\databliss\system\CodeIgniter.php(499): CodeIgniter\CodeIgniter->runController(Object(App\Controllers\Billing))
#7 C:\xampp\htdocs\databliss\system\CodeIgniter.php(368): CodeIgniter\CodeIgniter->handleRequest(NULL, Object(Config\Cache), false)
#8 C:\xampp\htdocs\databliss\index.php(67): CodeIgniter\CodeIgniter->run()
#9 {main}
CRITICAL - 2023-03-21 10:48:05 --> Unknown column 'hsn' in 'field list'
in SYSTEMPATH\Database\BaseConnection.php on line 645.
 1 APPPATH\Models\Billing_model.php(15): CodeIgniter\Database\BaseConnection->query('SELECT id,product_name,sku_code,hsn,quantity,price FROM product_1 WHERE quantity > 0 ')
 2 APPPATH\Controllers\Billing.php(29): App\Models\Billing_model->get_products('1')
 3 SYSTEMPATH\CodeIgniter.php(934): App\Controllers\Billing->fetch_products()
 4 SYSTEMPATH\CodeIgniter.php(499): CodeIgniter\CodeIgniter->runController(Object(App\Controllers\Billing))
 5 SYSTEMPATH\CodeIgniter.php(368): CodeIgniter\CodeIgniter->handleRequest(null, Object(Config\Cache), false)
 6 FCPATH\index.php(67): CodeIgniter\CodeIgniter->run()
WARNING - 2023-03-21 10:48:12 --> [DEPRECATED] Creation of dynamic property App\Controllers\Billing::$billing_model is deprecated in APPPATH\Controllers\Billing.php on line 8.
 1 SYSTEMPATH\CodeIgniter.php(906): App\Controllers\Billing->__construct()
 2 SYSTEMPATH\CodeIgniter.php(490): CodeIgniter\CodeIgniter->createController()
 3 SYSTEMPATH\CodeIgniter.php(368): CodeIgniter\CodeIgniter->handleRequest(null, Object(Config\Cache), false)
 4 FCPATH\index.php(67): CodeIgniter\CodeIgniter->run()
INFO - 2023-03-21 10:48:12 --> Session: Class initialized using 'CodeIgniter\Session\Handlers\FileHandler' driver.
WARNING - 2023-03-21 10:48:12 --> [DEPRECATED] Creation of dynamic property App\Controllers\Billing::$session is deprecated in APPPATH\Controllers\Billing.php on line 9.
 1 SYSTEMPATH\CodeIgniter.php(906): App\Controllers\Billing->__construct()
 2 SYSTEMPATH\CodeIgniter.php(490): CodeIgniter\CodeIgniter->createController()
 3 SYSTEMPATH\CodeIgniter.php(368): CodeIgniter\CodeIgniter->handleRequest(null, Object(Config\Cache), false)
 4 FCPATH\index.php(67): CodeIgniter\CodeIgniter->run()
WARNING - 2023-03-21 10:48:13 --> [DEPRECATED] Creation of dynamic property App\Controllers\Billing::$billing_model is deprecated in APPPATH\Controllers\Billing.php on line 8.
 1 SYSTEMPATH\CodeIgniter.php(906): App\Controllers\Billing->__construct()
 2 SYSTEMPATH\CodeIgniter.php(490): CodeIgniter\CodeIgniter->createController()
 3 SYSTEMPATH\CodeIgniter.php(368): CodeIgniter\CodeIgniter->handleRequest(null, Object(Config\Cache), false)
 4 FCPATH\index.php(67): CodeIgniter\CodeIgniter->run()
INFO - 2023-03-21 10:48:13 --> Session: Class initialized using 'CodeIgniter\Session\Handlers\FileHandler' driver.
WARNING - 2023-03-21 10:48:13 --> [DEPRECATED] Creation of dynamic property App\Controllers\Billing::$session is deprecated in APPPATH\Controllers\Billing.php on line 9.
 1 SYSTEMPATH\CodeIgniter.php(906): App\Controllers\Billing->__construct()
 2 SYSTEMPATH\CodeIgniter.php(490): CodeIgniter\CodeIgniter->createController()
 3 SYSTEMPATH\CodeIgniter.php(368): CodeIgniter\CodeIgniter->handleRequest(null, Object(Config\Cache), false)
 4 FCPATH\index.php(67): CodeIgniter\CodeIgniter->run()
ERROR - 2023-03-21 10:48:13 --> mysqli_sql_exception: Unknown column 'contact_1.contact_pincode' in 'field list' in C:\xampp\htdocs\databliss\system\Database\MySQLi\Connection.php:295
Stack trace:
#0 C:\xampp\htdocs\databliss\system\Database\MySQLi\Connection.php(295): mysqli->query('SELECT sales_1....', 0)
#1 C:\xampp\htdocs\databliss\system\Database\BaseConnection.php(691): CodeIgniter\Database\MySQLi\Connection->execute('SELECT sales_1....')
#2 C:\xampp\htdocs\databliss\system\Database\BaseConnection.php(605): CodeIgniter\Database\BaseConnection->simpleQuery('SELECT sales_1....')
#3 C:\xampp\htdocs\databliss\app\Models\Billing_model.php(47): CodeIgniter\Database\BaseConnection->query('SELECT sales_1....')
#4 C:\xampp\htdocs\databliss\app\Controllers\Billing.php(59): App\Models\Billing_model->fetch_bill('1')
#5 C:\xampp\htdocs\databliss\system\CodeIgniter.php(934): App\Controllers\Billing->invoice_history()
#6 C:\xampp\htdocs\databliss\system\CodeIgniter.php(499): CodeIgniter\CodeIgniter->runController(Object(App\Controllers\Billing))
#7 C:\xampp\htdocs\databliss\system\CodeIgniter.php(368): CodeIgniter\CodeIgniter->handleRequest(NULL, Object(Config\Cache), false)
#8 C:\xampp\htdocs\databliss\index.php(67): CodeIgniter\CodeIgniter->run()
#9 {main}
CRITICAL - 2023-03-21 10:48:13 --> Unknown column 'contact_1.contact_pincode' in 'field list'
in SYSTEMPATH\Database\BaseConnection.php on line 645.
 1 APPPATH\Models\Billing_model.php(47): CodeIgniter\Database\BaseConnection->query('SELECT sales_1.id,contact_1.contact_name,contact_1.contact_phone,contact_1.gst_number,contact_1.contact_pincode,sales_1.discount,sales_1.taxable_amount,sales_1.amount,sales_1.payment_method,sales_1.sales_date FROM sales_1 LEFT JOIN contact_1 ON contact_1.contact_id = sales_1.contact_id ')
 2 APPPATH\Controllers\Billing.php(59): App\Models\Billing_model->fetch_bill('1')
 3 SYSTEMPATH\CodeIgniter.php(934): App\Controllers\Billing->invoice_history()
 4 SYSTEMPATH\CodeIgniter.php(499): CodeIgniter\CodeIgniter->runController(Object(App\Controllers\Billing))
 5 SYSTEMPATH\CodeIgniter.php(368): CodeIgniter\CodeIgniter->handleRequest(null, Object(Config\Cache), false)
 6 FCPATH\index.php(67): CodeIgniter\CodeIgniter->run()
WARNING - 2023-03-21 10:49:50 --> [DEPRECATED] Creation of dynamic property App\Controllers\Credentials::$credentials_model is deprecated in APPPATH\Controllers\Credentials.php on line 9.
 1 SYSTEMPATH\CodeIgniter.php(906): App\Controllers\Credentials->__construct()
 2 SYSTEMPATH\CodeIgniter.php(490): CodeIgniter\CodeIgniter->createController()
 3 SYSTEMPATH\CodeIgniter.php(368): CodeIgniter\CodeIgniter->handleRequest(null, Object(Config\Cache), false)
 4 FCPATH\index.php(67): CodeIgniter\CodeIgniter->run()
INFO - 2023-03-21 10:49:50 --> Session: Class initialized using 'CodeIgniter\Session\Handlers\FileHandler' driver.
WARNING - 2023-03-21 10:49:50 --> [DEPRECATED] Creation of dynamic property App\Controllers\Credentials::$session is deprecated in APPPATH\Controllers\Credentials.php on line 10.
 1 SYSTEMPATH\CodeIgniter.php(906): App\Controllers\Credentials->__construct()
 2 SYSTEMPATH\CodeIgniter.php(490): CodeIgniter\CodeIgniter->createController()
 3 SYSTEMPATH\CodeIgniter.php(368): CodeIgniter\CodeIgniter->handleRequest(null, Object(Config\Cache), false)
 4 FCPATH\index.php(67): CodeIgniter\CodeIgniter->run()
WARNING - 2023-03-21 10:50:09 --> [DEPRECATED] Creation of dynamic property App\Controllers\Credentials::$credentials_model is deprecated in APPPATH\Controllers\Credentials.php on line 9.
 1 SYSTEMPATH\CodeIgniter.php(906): App\Controllers\Credentials->__construct()
 2 SYSTEMPATH\CodeIgniter.php(490): CodeIgniter\CodeIgniter->createController()
 3 SYSTEMPATH\CodeIgniter.php(368): CodeIgniter\CodeIgniter->handleRequest(null, Object(Config\Cache), false)
 4 FCPATH\index.php(67): CodeIgniter\CodeIgniter->run()
INFO - 2023-03-21 10:50:09 --> Session: Class initialized using 'CodeIgniter\Session\Handlers\FileHandler' driver.
WARNING - 2023-03-21 10:50:09 --> [DEPRECATED] Creation of dynamic property App\Controllers\Credentials::$session is deprecated in APPPATH\Controllers\Credentials.php on line 10.
 1 SYSTEMPATH\CodeIgniter.php(906): App\Controllers\Credentials->__construct()
 2 SYSTEMPATH\CodeIgniter.php(490): CodeIgniter\CodeIgniter->createController()
 3 SYSTEMPATH\CodeIgniter.php(368): CodeIgniter\CodeIgniter->handleRequest(null, Object(Config\Cache), false)
 4 FCPATH\index.php(67): CodeIgniter\CodeIgniter->run()
CRITICAL - 2023-03-21 10:50:09 --> mysqli::query(): Argument #1 ($query) cannot be empty
in SYSTEMPATH\Database\MySQLi\Connection.php on line 295.
 1 SYSTEMPATH\Database\MySQLi\Connection.php(295): mysqli->query('C:\\xampp\\htdocs\\databliss', 0)
 2 SYSTEMPATH\Database\BaseConnection.php(691): CodeIgniter\Database\MySQLi\Connection->execute('C:\\xampp\\htdocs\\databliss')
 3 SYSTEMPATH\Database\BaseConnection.php(605): CodeIgniter\Database\BaseConnection->simpleQuery('C:\\xampp\\htdocs\\databliss')
 4 APPPATH\Models\Credentials_model.php(22): CodeIgniter\Database\BaseConnection->query('C:\\xampp\\htdocs\\databliss')
 5 APPPATH\Controllers\Credentials.php(32): App\Models\Credentials_model->register_user([...])
 6 SYSTEMPATH\CodeIgniter.php(934): App\Controllers\Credentials->register()
 7 SYSTEMPATH\CodeIgniter.php(499): CodeIgniter\CodeIgniter->runController(Object(App\Controllers\Credentials))
 8 SYSTEMPATH\CodeIgniter.php(368): CodeIgniter\CodeIgniter->handleRequest(null, Object(Config\Cache), false)
 9 FCPATH\index.php(67): CodeIgniter\CodeIgniter->run()
WARNING - 2023-03-21 10:52:37 --> [DEPRECATED] Creation of dynamic property App\Controllers\Credentials::$credentials_model is deprecated in APPPATH\Controllers\Credentials.php on line 9.
 1 SYSTEMPATH\CodeIgniter.php(906): App\Controllers\Credentials->__construct()
 2 SYSTEMPATH\CodeIgniter.php(490): CodeIgniter\CodeIgniter->createController()
 3 SYSTEMPATH\CodeIgniter.php(368): CodeIgniter\CodeIgniter->handleRequest(null, Object(Config\Cache), false)
 4 FCPATH\index.php(67): CodeIgniter\CodeIgniter->run()
INFO - 2023-03-21 10:52:37 --> Session: Class initialized using 'CodeIgniter\Session\Handlers\FileHandler' driver.
WARNING - 2023-03-21 10:52:37 --> [DEPRECATED] Creation of dynamic property App\Controllers\Credentials::$session is deprecated in APPPATH\Controllers\Credentials.php on line 10.
 1 SYSTEMPATH\CodeIgniter.php(906): App\Controllers\Credentials->__construct()
 2 SYSTEMPATH\CodeIgniter.php(490): CodeIgniter\CodeIgniter->createController()
 3 SYSTEMPATH\CodeIgniter.php(368): CodeIgniter\CodeIgniter->handleRequest(null, Object(Config\Cache), false)
 4 FCPATH\index.php(67): CodeIgniter\CodeIgniter->run()
WARNING - 2023-03-21 10:52:37 --> [DEPRECATED] Creation of dynamic property App\Controllers\Credentials::$credentials_model is deprecated in APPPATH\Controllers\Credentials.php on line 9.
 1 SYSTEMPATH\CodeIgniter.php(906): App\Controllers\Credentials->__construct()
 2 SYSTEMPATH\CodeIgniter.php(490): CodeIgniter\CodeIgniter->createController()
 3 SYSTEMPATH\CodeIgniter.php(368): CodeIgniter\CodeIgniter->handleRequest(null, Object(Config\Cache), false)
 4 FCPATH\index.php(67): CodeIgniter\CodeIgniter->run()
INFO - 2023-03-21 10:52:37 --> Session: Class initialized using 'CodeIgniter\Session\Handlers\FileHandler' driver.
WARNING - 2023-03-21 10:52:37 --> [DEPRECATED] Creation of dynamic property App\Controllers\Credentials::$session is deprecated in APPPATH\Controllers\Credentials.php on line 10.
 1 SYSTEMPATH\CodeIgniter.php(906): App\Controllers\Credentials->__construct()
 2 SYSTEMPATH\CodeIgniter.php(490): CodeIgniter\CodeIgniter->createController()
 3 SYSTEMPATH\CodeIgniter.php(368): CodeIgniter\CodeIgniter->handleRequest(null, Object(Config\Cache), false)
 4 FCPATH\index.php(67): CodeIgniter\CodeIgniter->run()
CRITICAL - 2023-03-21 10:52:37 --> Attempt to read property "uid" on null
in APPPATH\Views\Templates\header.php on line 44.
 1 APPPATH\Views\Templates\header.php(44): CodeIgniter\Debug\Exceptions->errorHandler(2, 'Attempt to read property "uid" on null', 'APPPATH\\Views\\Templates\\header.php', 44)
 2 SYSTEMPATH\View\View.php(213): include('APPPATH\\Views\\Templates\\header.php')
 3 SYSTEMPATH\View\View.php(216): CodeIgniter\View\View->CodeIgniter\View\{closure}()
 4 SYSTEMPATH\Common.php(1184): CodeIgniter\View\View->render('Templates/header', [], true)
 5 APPPATH\Controllers\Credentials.php(50): view('Templates/header', [...])
 6 SYSTEMPATH\CodeIgniter.php(934): App\Controllers\Credentials->organization_verify('daksh')
 7 SYSTEMPATH\CodeIgniter.php(499): CodeIgniter\CodeIgniter->runController(Object(App\Controllers\Credentials))
 8 SYSTEMPATH\CodeIgniter.php(368): CodeIgniter\CodeIgniter->handleRequest(null, Object(Config\Cache), false)
 9 FCPATH\index.php(67): CodeIgniter\CodeIgniter->run()
