CRITICAL - 2023-03-02 09:19:43 --> Invalid file: "login.php"
in SYSTEMPATH\Exceptions\FrameworkException.php on line 33.
 1 SYSTEMPATH\View\View.php(201): CodeIgniter\Exceptions\FrameworkException::forInvalidFile('login.php')
 2 SYSTEMPATH\Common.php(1184): CodeIgniter\View\View->render('login', [], true)
 3 APPPATH\Controllers\Credentials.php(9): view('login')
 4 SYSTEMPATH\CodeIgniter.php(934): App\Controllers\Credentials->index()
 5 SYSTEMPATH\CodeIgniter.php(499): CodeIgniter\CodeIgniter->runController(Object(App\Controllers\Credentials))
 6 SYSTEMPATH\CodeIgniter.php(368): CodeIgniter\CodeIgniter->handleRequest(null, Object(Config\Cache), false)
 7 FCPATH\index.php(67): CodeIgniter\CodeIgniter->run()
CRITICAL - 2023-03-02 09:21:40 --> Call to undefined function form_error()
in APPPATH\Views\Credentials\login.php on line 383.
 1 SYSTEMPATH\View\View.php(213): include()
 2 SYSTEMPATH\View\View.php(216): CodeIgniter\View\View->CodeIgniter\View\{closure}()
 3 SYSTEMPATH\Common.php(1184): CodeIgniter\View\View->render('Credentials/login', [], true)
 4 APPPATH\Controllers\Credentials.php(9): view('Credentials/login')
 5 SYSTEMPATH\CodeIgniter.php(934): App\Controllers\Credentials->index()
 6 SYSTEMPATH\CodeIgniter.php(499): CodeIgniter\CodeIgniter->runController(Object(App\Controllers\Credentials))
 7 SYSTEMPATH\CodeIgniter.php(368): CodeIgniter\CodeIgniter->handleRequest(null, Object(Config\Cache), false)
 8 FCPATH\index.php(67): CodeIgniter\CodeIgniter->run()
CRITICAL - 2023-03-02 09:27:15 --> Undefined property: App\Controllers\Credentials::$load
in APPPATH\Controllers\Credentials.php on line 9.
 1 APPPATH\Controllers\Credentials.php(9): CodeIgniter\Debug\Exceptions->errorHandler(2, 'Undefined property: App\\Controllers\\Credentials::$load', 'APPPATH\\Controllers\\Credentials.php', 9)
 2 SYSTEMPATH\CodeIgniter.php(934): App\Controllers\Credentials->index()
 3 SYSTEMPATH\CodeIgniter.php(499): CodeIgniter\CodeIgniter->runController(Object(App\Controllers\Credentials))
 4 SYSTEMPATH\CodeIgniter.php(368): CodeIgniter\CodeIgniter->handleRequest(null, Object(Config\Cache), false)
 5 FCPATH\index.php(67): CodeIgniter\CodeIgniter->run()
CRITICAL - 2023-03-02 09:30:20 --> Undefined property: App\Controllers\Credentials::$load
in APPPATH\Controllers\Credentials.php on line 9.
 1 APPPATH\Controllers\Credentials.php(9): CodeIgniter\Debug\Exceptions->errorHandler(2, 'Undefined property: App\\Controllers\\Credentials::$load', 'APPPATH\\Controllers\\Credentials.php', 9)
 2 SYSTEMPATH\CodeIgniter.php(934): App\Controllers\Credentials->index()
 3 SYSTEMPATH\CodeIgniter.php(499): CodeIgniter\CodeIgniter->runController(Object(App\Controllers\Credentials))
 4 SYSTEMPATH\CodeIgniter.php(368): CodeIgniter\CodeIgniter->handleRequest(null, Object(Config\Cache), false)
 5 FCPATH\index.php(67): CodeIgniter\CodeIgniter->run()
CRITICAL - 2023-03-02 09:30:21 --> Undefined property: App\Controllers\Credentials::$load
in APPPATH\Controllers\Credentials.php on line 9.
 1 APPPATH\Controllers\Credentials.php(9): CodeIgniter\Debug\Exceptions->errorHandler(2, 'Undefined property: App\\Controllers\\Credentials::$load', 'APPPATH\\Controllers\\Credentials.php', 9)
 2 SYSTEMPATH\CodeIgniter.php(934): App\Controllers\Credentials->index()
 3 SYSTEMPATH\CodeIgniter.php(499): CodeIgniter\CodeIgniter->runController(Object(App\Controllers\Credentials))
 4 SYSTEMPATH\CodeIgniter.php(368): CodeIgniter\CodeIgniter->handleRequest(null, Object(Config\Cache), false)
 5 FCPATH\index.php(67): CodeIgniter\CodeIgniter->run()
CRITICAL - 2023-03-02 09:46:49 --> Array to string conversion
in APPPATH\Controllers\Credentials.php on line 14.
 1 APPPATH\Controllers\Credentials.php(14): CodeIgniter\Debug\Exceptions->errorHandler(2, 'Array to string conversion', 'APPPATH\\Controllers\\Credentials.php', 14)
 2 SYSTEMPATH\CodeIgniter.php(934): App\Controllers\Credentials->login_check()
 3 SYSTEMPATH\CodeIgniter.php(499): CodeIgniter\CodeIgniter->runController(Object(App\Controllers\Credentials))
 4 SYSTEMPATH\CodeIgniter.php(368): CodeIgniter\CodeIgniter->handleRequest(null, Object(Config\Cache), false)
 5 FCPATH\index.php(67): CodeIgniter\CodeIgniter->run()
CRITICAL - 2023-03-02 09:47:50 --> Array to string conversion
in APPPATH\Controllers\Credentials.php on line 15.
 1 APPPATH\Controllers\Credentials.php(15): CodeIgniter\Debug\Exceptions->errorHandler(2, 'Array to string conversion', 'APPPATH\\Controllers\\Credentials.php', 15)
 2 SYSTEMPATH\CodeIgniter.php(934): App\Controllers\Credentials->login_check()
 3 SYSTEMPATH\CodeIgniter.php(499): CodeIgniter\CodeIgniter->runController(Object(App\Controllers\Credentials))
 4 SYSTEMPATH\CodeIgniter.php(368): CodeIgniter\CodeIgniter->handleRequest(null, Object(Config\Cache), false)
 5 FCPATH\index.php(67): CodeIgniter\CodeIgniter->run()
CRITICAL - 2023-03-02 09:47:51 --> Array to string conversion
in APPPATH\Controllers\Credentials.php on line 15.
 1 APPPATH\Controllers\Credentials.php(15): CodeIgniter\Debug\Exceptions->errorHandler(2, 'Array to string conversion', 'APPPATH\\Controllers\\Credentials.php', 15)
 2 SYSTEMPATH\CodeIgniter.php(934): App\Controllers\Credentials->login_check()
 3 SYSTEMPATH\CodeIgniter.php(499): CodeIgniter\CodeIgniter->runController(Object(App\Controllers\Credentials))
 4 SYSTEMPATH\CodeIgniter.php(368): CodeIgniter\CodeIgniter->handleRequest(null, Object(Config\Cache), false)
 5 FCPATH\index.php(67): CodeIgniter\CodeIgniter->run()
CRITICAL - 2023-03-02 10:40:13 --> Undefined property: App\Controllers\Credentials::$load
in APPPATH\Controllers\Credentials.php on line 9.
 1 APPPATH\Controllers\Credentials.php(9): CodeIgniter\Debug\Exceptions->errorHandler(2, 'Undefined property: App\\Controllers\\Credentials::$load', 'APPPATH\\Controllers\\Credentials.php', 9)
 2 SYSTEMPATH\CodeIgniter.php(906): App\Controllers\Credentials->__construct()
 3 SYSTEMPATH\CodeIgniter.php(490): CodeIgniter\CodeIgniter->createController()
 4 SYSTEMPATH\CodeIgniter.php(368): CodeIgniter\CodeIgniter->handleRequest(null, Object(Config\Cache), false)
 5 FCPATH\index.php(67): CodeIgniter\CodeIgniter->run()
CRITICAL - 2023-03-02 10:42:26 --> Undefined variable $encryption
in APPPATH\Controllers\Credentials.php on line 29.
 1 APPPATH\Controllers\Credentials.php(29): CodeIgniter\Debug\Exceptions->errorHandler(2, 'Undefined variable $encryption', 'APPPATH\\Controllers\\Credentials.php', 29)
 2 SYSTEMPATH\CodeIgniter.php(934): App\Controllers\Credentials->register()
 3 SYSTEMPATH\CodeIgniter.php(499): CodeIgniter\CodeIgniter->runController(Object(App\Controllers\Credentials))
 4 SYSTEMPATH\CodeIgniter.php(368): CodeIgniter\CodeIgniter->handleRequest(null, Object(Config\Cache), false)
 5 FCPATH\index.php(67): CodeIgniter\CodeIgniter->run()
CRITICAL - 2023-03-02 10:42:37 --> Call to a member function encrypt() on null
in APPPATH\Controllers\Credentials.php on line 30.
 1 SYSTEMPATH\CodeIgniter.php(934): App\Controllers\Credentials->register()
 2 SYSTEMPATH\CodeIgniter.php(499): CodeIgniter\CodeIgniter->runController(Object(App\Controllers\Credentials))
 3 SYSTEMPATH\CodeIgniter.php(368): CodeIgniter\CodeIgniter->handleRequest(null, Object(Config\Cache), false)
 4 FCPATH\index.php(67): CodeIgniter\CodeIgniter->run()
CRITICAL - 2023-03-02 10:42:44 --> Call to a member function encrypt() on null
in APPPATH\Controllers\Credentials.php on line 30.
 1 SYSTEMPATH\CodeIgniter.php(934): App\Controllers\Credentials->register()
 2 SYSTEMPATH\CodeIgniter.php(499): CodeIgniter\CodeIgniter->runController(Object(App\Controllers\Credentials))
 3 SYSTEMPATH\CodeIgniter.php(368): CodeIgniter\CodeIgniter->handleRequest(null, Object(Config\Cache), false)
 4 FCPATH\index.php(67): CodeIgniter\CodeIgniter->run()
CRITICAL - 2023-03-02 10:43:42 --> Call to a member function encrypt() on null
in APPPATH\Controllers\Credentials.php on line 31.
 1 SYSTEMPATH\CodeIgniter.php(934): App\Controllers\Credentials->register()
 2 SYSTEMPATH\CodeIgniter.php(499): CodeIgniter\CodeIgniter->runController(Object(App\Controllers\Credentials))
 3 SYSTEMPATH\CodeIgniter.php(368): CodeIgniter\CodeIgniter->handleRequest(null, Object(Config\Cache), false)
 4 FCPATH\index.php(67): CodeIgniter\CodeIgniter->run()
CRITICAL - 2023-03-02 10:44:09 --> Call to a member function encrypt() on null
in APPPATH\Controllers\Credentials.php on line 32.
 1 SYSTEMPATH\CodeIgniter.php(934): App\Controllers\Credentials->register()
 2 SYSTEMPATH\CodeIgniter.php(499): CodeIgniter\CodeIgniter->runController(Object(App\Controllers\Credentials))
 3 SYSTEMPATH\CodeIgniter.php(368): CodeIgniter\CodeIgniter->handleRequest(null, Object(Config\Cache), false)
 4 FCPATH\index.php(67): CodeIgniter\CodeIgniter->run()
CRITICAL - 2023-03-02 13:02:35 --> Class "App\Model\Credentials_Model" not found
in APPPATH\Controllers\Credentials.php on line 10.
 1 SYSTEMPATH\CodeIgniter.php(906): App\Controllers\Credentials->__construct()
 2 SYSTEMPATH\CodeIgniter.php(490): CodeIgniter\CodeIgniter->createController()
 3 SYSTEMPATH\CodeIgniter.php(368): CodeIgniter\CodeIgniter->handleRequest(null, Object(Config\Cache), false)
 4 FCPATH\index.php(67): CodeIgniter\CodeIgniter->run()
CRITICAL - 2023-03-02 13:04:53 --> Class "App\Model\Credentials_Model" not found
in APPPATH\Controllers\Credentials.php on line 10.
 1 SYSTEMPATH\CodeIgniter.php(906): App\Controllers\Credentials->__construct()
 2 SYSTEMPATH\CodeIgniter.php(490): CodeIgniter\CodeIgniter->createController()
 3 SYSTEMPATH\CodeIgniter.php(368): CodeIgniter\CodeIgniter->handleRequest(null, Object(Config\Cache), false)
 4 FCPATH\index.php(67): CodeIgniter\CodeIgniter->run()
CRITICAL - 2023-03-02 13:06:58 --> Class "App\Model\Credentials_Model" not found
in APPPATH\Controllers\Credentials.php on line 10.
 1 SYSTEMPATH\CodeIgniter.php(906): App\Controllers\Credentials->__construct()
 2 SYSTEMPATH\CodeIgniter.php(490): CodeIgniter\CodeIgniter->createController()
 3 SYSTEMPATH\CodeIgniter.php(368): CodeIgniter\CodeIgniter->handleRequest(null, Object(Config\Cache), false)
 4 FCPATH\index.php(67): CodeIgniter\CodeIgniter->run()
CRITICAL - 2023-03-02 13:07:06 --> Class "App\Model\Credentials_Model" not found
in APPPATH\Controllers\Credentials.php on line 10.
 1 SYSTEMPATH\CodeIgniter.php(906): App\Controllers\Credentials->__construct()
 2 SYSTEMPATH\CodeIgniter.php(490): CodeIgniter\CodeIgniter->createController()
 3 SYSTEMPATH\CodeIgniter.php(368): CodeIgniter\CodeIgniter->handleRequest(null, Object(Config\Cache), false)
 4 FCPATH\index.php(67): CodeIgniter\CodeIgniter->run()
CRITICAL - 2023-03-02 13:08:01 --> Class "App\Model\Credentials_model" not found
in APPPATH\Controllers\Credentials.php on line 10.
 1 SYSTEMPATH\CodeIgniter.php(906): App\Controllers\Credentials->__construct()
 2 SYSTEMPATH\CodeIgniter.php(490): CodeIgniter\CodeIgniter->createController()
 3 SYSTEMPATH\CodeIgniter.php(368): CodeIgniter\CodeIgniter->handleRequest(null, Object(Config\Cache), false)
 4 FCPATH\index.php(67): CodeIgniter\CodeIgniter->run()
CRITICAL - 2023-03-02 13:08:02 --> Class "App\Model\Credentials_model" not found
in APPPATH\Controllers\Credentials.php on line 10.
 1 SYSTEMPATH\CodeIgniter.php(906): App\Controllers\Credentials->__construct()
 2 SYSTEMPATH\CodeIgniter.php(490): CodeIgniter\CodeIgniter->createController()
 3 SYSTEMPATH\CodeIgniter.php(368): CodeIgniter\CodeIgniter->handleRequest(null, Object(Config\Cache), false)
 4 FCPATH\index.php(67): CodeIgniter\CodeIgniter->run()
CRITICAL - 2023-03-02 13:09:47 --> Class "App\Model\Credentials_model" not found
in APPPATH\Controllers\Credentials.php on line 10.
 1 SYSTEMPATH\CodeIgniter.php(906): App\Controllers\Credentials->__construct()
 2 SYSTEMPATH\CodeIgniter.php(490): CodeIgniter\CodeIgniter->createController()
 3 SYSTEMPATH\CodeIgniter.php(368): CodeIgniter\CodeIgniter->handleRequest(null, Object(Config\Cache), false)
 4 FCPATH\index.php(67): CodeIgniter\CodeIgniter->run()
CRITICAL - 2023-03-02 13:09:48 --> Class "App\Model\Credentials_model" not found
in APPPATH\Controllers\Credentials.php on line 10.
 1 SYSTEMPATH\CodeIgniter.php(906): App\Controllers\Credentials->__construct()
 2 SYSTEMPATH\CodeIgniter.php(490): CodeIgniter\CodeIgniter->createController()
 3 SYSTEMPATH\CodeIgniter.php(368): CodeIgniter\CodeIgniter->handleRequest(null, Object(Config\Cache), false)
 4 FCPATH\index.php(67): CodeIgniter\CodeIgniter->run()
CRITICAL - 2023-03-02 13:09:48 --> Class "App\Model\Credentials_model" not found
in APPPATH\Controllers\Credentials.php on line 10.
 1 SYSTEMPATH\CodeIgniter.php(906): App\Controllers\Credentials->__construct()
 2 SYSTEMPATH\CodeIgniter.php(490): CodeIgniter\CodeIgniter->createController()
 3 SYSTEMPATH\CodeIgniter.php(368): CodeIgniter\CodeIgniter->handleRequest(null, Object(Config\Cache), false)
 4 FCPATH\index.php(67): CodeIgniter\CodeIgniter->run()
CRITICAL - 2023-03-02 13:09:48 --> Class "App\Model\Credentials_model" not found
in APPPATH\Controllers\Credentials.php on line 10.
 1 SYSTEMPATH\CodeIgniter.php(906): App\Controllers\Credentials->__construct()
 2 SYSTEMPATH\CodeIgniter.php(490): CodeIgniter\CodeIgniter->createController()
 3 SYSTEMPATH\CodeIgniter.php(368): CodeIgniter\CodeIgniter->handleRequest(null, Object(Config\Cache), false)
 4 FCPATH\index.php(67): CodeIgniter\CodeIgniter->run()
CRITICAL - 2023-03-02 13:18:05 --> Class "App\Model\Credentials_model" not found
in APPPATH\Controllers\Credentials.php on line 9.
 1 SYSTEMPATH\CodeIgniter.php(906): App\Controllers\Credentials->__construct()
 2 SYSTEMPATH\CodeIgniter.php(490): CodeIgniter\CodeIgniter->createController()
 3 SYSTEMPATH\CodeIgniter.php(368): CodeIgniter\CodeIgniter->handleRequest(null, Object(Config\Cache), false)
 4 FCPATH\index.php(67): CodeIgniter\CodeIgniter->run()
WARNING - 2023-03-02 13:20:25 --> [DEPRECATED] Creation of dynamic property App\Controllers\Credentials::$credentials_model is deprecated in APPPATH\Controllers\Credentials.php on line 9.
 1 SYSTEMPATH\CodeIgniter.php(906): App\Controllers\Credentials->__construct()
 2 SYSTEMPATH\CodeIgniter.php(490): CodeIgniter\CodeIgniter->createController()
 3 SYSTEMPATH\CodeIgniter.php(368): CodeIgniter\CodeIgniter->handleRequest(null, Object(Config\Cache), false)
 4 FCPATH\index.php(67): CodeIgniter\CodeIgniter->run()
WARNING - 2023-03-02 13:20:34 --> [DEPRECATED] Creation of dynamic property App\Controllers\Credentials::$credentials_model is deprecated in APPPATH\Controllers\Credentials.php on line 9.
 1 SYSTEMPATH\CodeIgniter.php(906): App\Controllers\Credentials->__construct()
 2 SYSTEMPATH\CodeIgniter.php(490): CodeIgniter\CodeIgniter->createController()
 3 SYSTEMPATH\CodeIgniter.php(368): CodeIgniter\CodeIgniter->handleRequest(null, Object(Config\Cache), false)
 4 FCPATH\index.php(67): CodeIgniter\CodeIgniter->run()
CRITICAL - 2023-03-02 13:20:34 --> Undefined variable $encryption
in APPPATH\Controllers\Credentials.php on line 20.
 1 APPPATH\Controllers\Credentials.php(20): CodeIgniter\Debug\Exceptions->errorHandler(2, 'Undefined variable $encryption', 'APPPATH\\Controllers\\Credentials.php', 20)
 2 SYSTEMPATH\CodeIgniter.php(934): App\Controllers\Credentials->login_check()
 3 SYSTEMPATH\CodeIgniter.php(499): CodeIgniter\CodeIgniter->runController(Object(App\Controllers\Credentials))
 4 SYSTEMPATH\CodeIgniter.php(368): CodeIgniter\CodeIgniter->handleRequest(null, Object(Config\Cache), false)
 5 FCPATH\index.php(67): CodeIgniter\CodeIgniter->run()
WARNING - 2023-03-02 13:22:13 --> [DEPRECATED] Creation of dynamic property App\Controllers\Credentials::$credentials_model is deprecated in APPPATH\Controllers\Credentials.php on line 9.
 1 SYSTEMPATH\CodeIgniter.php(906): App\Controllers\Credentials->__construct()
 2 SYSTEMPATH\CodeIgniter.php(490): CodeIgniter\CodeIgniter->createController()
 3 SYSTEMPATH\CodeIgniter.php(368): CodeIgniter\CodeIgniter->handleRequest(null, Object(Config\Cache), false)
 4 FCPATH\index.php(67): CodeIgniter\CodeIgniter->run()
CRITICAL - 2023-03-02 13:22:13 --> Undefined variable $encryption
in APPPATH\Controllers\Credentials.php on line 20.
 1 APPPATH\Controllers\Credentials.php(20): CodeIgniter\Debug\Exceptions->errorHandler(2, 'Undefined variable $encryption', 'APPPATH\\Controllers\\Credentials.php', 20)
 2 SYSTEMPATH\CodeIgniter.php(934): App\Controllers\Credentials->login_check()
 3 SYSTEMPATH\CodeIgniter.php(499): CodeIgniter\CodeIgniter->runController(Object(App\Controllers\Credentials))
 4 SYSTEMPATH\CodeIgniter.php(368): CodeIgniter\CodeIgniter->handleRequest(null, Object(Config\Cache), false)
 5 FCPATH\index.php(67): CodeIgniter\CodeIgniter->run()
WARNING - 2023-03-02 13:22:15 --> [DEPRECATED] Creation of dynamic property App\Controllers\Credentials::$credentials_model is deprecated in APPPATH\Controllers\Credentials.php on line 9.
 1 SYSTEMPATH\CodeIgniter.php(906): App\Controllers\Credentials->__construct()
 2 SYSTEMPATH\CodeIgniter.php(490): CodeIgniter\CodeIgniter->createController()
 3 SYSTEMPATH\CodeIgniter.php(368): CodeIgniter\CodeIgniter->handleRequest(null, Object(Config\Cache), false)
 4 FCPATH\index.php(67): CodeIgniter\CodeIgniter->run()
WARNING - 2023-03-02 13:22:18 --> [DEPRECATED] Creation of dynamic property App\Controllers\Credentials::$credentials_model is deprecated in APPPATH\Controllers\Credentials.php on line 9.
 1 SYSTEMPATH\CodeIgniter.php(906): App\Controllers\Credentials->__construct()
 2 SYSTEMPATH\CodeIgniter.php(490): CodeIgniter\CodeIgniter->createController()
 3 SYSTEMPATH\CodeIgniter.php(368): CodeIgniter\CodeIgniter->handleRequest(null, Object(Config\Cache), false)
 4 FCPATH\index.php(67): CodeIgniter\CodeIgniter->run()
CRITICAL - 2023-03-02 13:22:18 --> Undefined variable $encryption
in APPPATH\Controllers\Credentials.php on line 20.
 1 APPPATH\Controllers\Credentials.php(20): CodeIgniter\Debug\Exceptions->errorHandler(2, 'Undefined variable $encryption', 'APPPATH\\Controllers\\Credentials.php', 20)
 2 SYSTEMPATH\CodeIgniter.php(934): App\Controllers\Credentials->login_check()
 3 SYSTEMPATH\CodeIgniter.php(499): CodeIgniter\CodeIgniter->runController(Object(App\Controllers\Credentials))
 4 SYSTEMPATH\CodeIgniter.php(368): CodeIgniter\CodeIgniter->handleRequest(null, Object(Config\Cache), false)
 5 FCPATH\index.php(67): CodeIgniter\CodeIgniter->run()
WARNING - 2023-03-02 13:22:35 --> [DEPRECATED] Creation of dynamic property App\Controllers\Credentials::$credentials_model is deprecated in APPPATH\Controllers\Credentials.php on line 9.
 1 SYSTEMPATH\CodeIgniter.php(906): App\Controllers\Credentials->__construct()
 2 SYSTEMPATH\CodeIgniter.php(490): CodeIgniter\CodeIgniter->createController()
 3 SYSTEMPATH\CodeIgniter.php(368): CodeIgniter\CodeIgniter->handleRequest(null, Object(Config\Cache), false)
 4 FCPATH\index.php(67): CodeIgniter\CodeIgniter->run()
WARNING - 2023-03-02 13:22:35 --> [DEPRECATED] Creation of dynamic property App\Controllers\Credentials::$encryption is deprecated in APPPATH\Controllers\Credentials.php on line 10.
 1 SYSTEMPATH\CodeIgniter.php(906): App\Controllers\Credentials->__construct()
 2 SYSTEMPATH\CodeIgniter.php(490): CodeIgniter\CodeIgniter->createController()
 3 SYSTEMPATH\CodeIgniter.php(368): CodeIgniter\CodeIgniter->handleRequest(null, Object(Config\Cache), false)
 4 FCPATH\index.php(67): CodeIgniter\CodeIgniter->run()
CRITICAL - 2023-03-02 13:22:35 --> Undefined variable $encryption
in APPPATH\Controllers\Credentials.php on line 21.
 1 APPPATH\Controllers\Credentials.php(21): CodeIgniter\Debug\Exceptions->errorHandler(2, 'Undefined variable $encryption', 'APPPATH\\Controllers\\Credentials.php', 21)
 2 SYSTEMPATH\CodeIgniter.php(934): App\Controllers\Credentials->login_check()
 3 SYSTEMPATH\CodeIgniter.php(499): CodeIgniter\CodeIgniter->runController(Object(App\Controllers\Credentials))
 4 SYSTEMPATH\CodeIgniter.php(368): CodeIgniter\CodeIgniter->handleRequest(null, Object(Config\Cache), false)
 5 FCPATH\index.php(67): CodeIgniter\CodeIgniter->run()
WARNING - 2023-03-02 13:22:54 --> [DEPRECATED] Creation of dynamic property App\Controllers\Credentials::$credentials_model is deprecated in APPPATH\Controllers\Credentials.php on line 9.
 1 SYSTEMPATH\CodeIgniter.php(906): App\Controllers\Credentials->__construct()
 2 SYSTEMPATH\CodeIgniter.php(490): CodeIgniter\CodeIgniter->createController()
 3 SYSTEMPATH\CodeIgniter.php(368): CodeIgniter\CodeIgniter->handleRequest(null, Object(Config\Cache), false)
 4 FCPATH\index.php(67): CodeIgniter\CodeIgniter->run()
CRITICAL - 2023-03-02 13:22:54 --> Call to a member function check() on null
in APPPATH\Controllers\Credentials.php on line 20.
 1 SYSTEMPATH\CodeIgniter.php(934): App\Controllers\Credentials->login_check()
 2 SYSTEMPATH\CodeIgniter.php(499): CodeIgniter\CodeIgniter->runController(Object(App\Controllers\Credentials))
 3 SYSTEMPATH\CodeIgniter.php(368): CodeIgniter\CodeIgniter->handleRequest(null, Object(Config\Cache), false)
 4 FCPATH\index.php(67): CodeIgniter\CodeIgniter->run()
WARNING - 2023-03-02 13:24:32 --> [DEPRECATED] Creation of dynamic property App\Controllers\Credentials::$credentials_model is deprecated in APPPATH\Controllers\Credentials.php on line 9.
 1 SYSTEMPATH\CodeIgniter.php(906): App\Controllers\Credentials->__construct()
 2 SYSTEMPATH\CodeIgniter.php(490): CodeIgniter\CodeIgniter->createController()
 3 SYSTEMPATH\CodeIgniter.php(368): CodeIgniter\CodeIgniter->handleRequest(null, Object(Config\Cache), false)
 4 FCPATH\index.php(67): CodeIgniter\CodeIgniter->run()
CRITICAL - 2023-03-02 13:24:32 --> Undefined property: App\Controllers\Credentials::$credential_model
in APPPATH\Controllers\Credentials.php on line 19.
 1 APPPATH\Controllers\Credentials.php(19): CodeIgniter\Debug\Exceptions->errorHandler(2, 'Undefined property: App\\Controllers\\Credentials::$credential_model', 'APPPATH\\Controllers\\Credentials.php', 19)
 2 SYSTEMPATH\CodeIgniter.php(934): App\Controllers\Credentials->login_check()
 3 SYSTEMPATH\CodeIgniter.php(499): CodeIgniter\CodeIgniter->runController(Object(App\Controllers\Credentials))
 4 SYSTEMPATH\CodeIgniter.php(368): CodeIgniter\CodeIgniter->handleRequest(null, Object(Config\Cache), false)
 5 FCPATH\index.php(67): CodeIgniter\CodeIgniter->run()
CRITICAL - 2023-03-02 13:24:54 --> syntax error, unexpected identifier "var_dump"
in APPPATH\Controllers\Credentials.php on line 20.
 1 SYSTEMPATH\Autoloader\Autoloader.php(289): CodeIgniter\Autoloader\Autoloader->includeFile('APPPATH\\Controllers\\Credentials.php')
 2 SYSTEMPATH\Autoloader\Autoloader.php(267): CodeIgniter\Autoloader\Autoloader->loadInNamespace('App\\Controllers\\Credentials')
 3 [internal function]: CodeIgniter\Autoloader\Autoloader->loadClass('App\\Controllers\\Credentials')
 4 SYSTEMPATH\CodeIgniter.php(892): class_exists('\\App\\Controllers\\Credentials', true)
 5 SYSTEMPATH\CodeIgniter.php(486): CodeIgniter\CodeIgniter->startController()
 6 SYSTEMPATH\CodeIgniter.php(368): CodeIgniter\CodeIgniter->handleRequest(null, Object(Config\Cache), false)
 7 FCPATH\index.php(67): CodeIgniter\CodeIgniter->run()
WARNING - 2023-03-02 13:25:02 --> [DEPRECATED] Creation of dynamic property App\Controllers\Credentials::$credentials_model is deprecated in APPPATH\Controllers\Credentials.php on line 9.
 1 SYSTEMPATH\CodeIgniter.php(906): App\Controllers\Credentials->__construct()
 2 SYSTEMPATH\CodeIgniter.php(490): CodeIgniter\CodeIgniter->createController()
 3 SYSTEMPATH\CodeIgniter.php(368): CodeIgniter\CodeIgniter->handleRequest(null, Object(Config\Cache), false)
 4 FCPATH\index.php(67): CodeIgniter\CodeIgniter->run()
CRITICAL - 2023-03-02 13:25:02 --> Undefined property: App\Controllers\Credentials::$credential_model
in APPPATH\Controllers\Credentials.php on line 19.
 1 APPPATH\Controllers\Credentials.php(19): CodeIgniter\Debug\Exceptions->errorHandler(2, 'Undefined property: App\\Controllers\\Credentials::$credential_model', 'APPPATH\\Controllers\\Credentials.php', 19)
 2 SYSTEMPATH\CodeIgniter.php(934): App\Controllers\Credentials->login_check()
 3 SYSTEMPATH\CodeIgniter.php(499): CodeIgniter\CodeIgniter->runController(Object(App\Controllers\Credentials))
 4 SYSTEMPATH\CodeIgniter.php(368): CodeIgniter\CodeIgniter->handleRequest(null, Object(Config\Cache), false)
 5 FCPATH\index.php(67): CodeIgniter\CodeIgniter->run()
WARNING - 2023-03-02 13:25:57 --> [DEPRECATED] Creation of dynamic property App\Controllers\Credentials::$credentials_model is deprecated in APPPATH\Controllers\Credentials.php on line 9.
 1 SYSTEMPATH\CodeIgniter.php(906): App\Controllers\Credentials->__construct()
 2 SYSTEMPATH\CodeIgniter.php(490): CodeIgniter\CodeIgniter->createController()
 3 SYSTEMPATH\CodeIgniter.php(368): CodeIgniter\CodeIgniter->handleRequest(null, Object(Config\Cache), false)
 4 FCPATH\index.php(67): CodeIgniter\CodeIgniter->run()
CRITICAL - 2023-03-02 13:25:57 --> Undefined variable $credential_model
in APPPATH\Controllers\Credentials.php on line 20.
 1 APPPATH\Controllers\Credentials.php(20): CodeIgniter\Debug\Exceptions->errorHandler(2, 'Undefined variable $credential_model', 'APPPATH\\Controllers\\Credentials.php', 20)
 2 SYSTEMPATH\CodeIgniter.php(934): App\Controllers\Credentials->login_check()
 3 SYSTEMPATH\CodeIgniter.php(499): CodeIgniter\CodeIgniter->runController(Object(App\Controllers\Credentials))
 4 SYSTEMPATH\CodeIgniter.php(368): CodeIgniter\CodeIgniter->handleRequest(null, Object(Config\Cache), false)
 5 FCPATH\index.php(67): CodeIgniter\CodeIgniter->run()
WARNING - 2023-03-02 13:26:17 --> [DEPRECATED] Creation of dynamic property App\Controllers\Credentials::$credentials_model is deprecated in APPPATH\Controllers\Credentials.php on line 9.
 1 SYSTEMPATH\CodeIgniter.php(906): App\Controllers\Credentials->__construct()
 2 SYSTEMPATH\CodeIgniter.php(490): CodeIgniter\CodeIgniter->createController()
 3 SYSTEMPATH\CodeIgniter.php(368): CodeIgniter\CodeIgniter->handleRequest(null, Object(Config\Cache), false)
 4 FCPATH\index.php(67): CodeIgniter\CodeIgniter->run()
CRITICAL - 2023-03-02 13:26:17 --> Undefined variable $credential_model
in APPPATH\Controllers\Credentials.php on line 20.
 1 APPPATH\Controllers\Credentials.php(20): CodeIgniter\Debug\Exceptions->errorHandler(2, 'Undefined variable $credential_model', 'APPPATH\\Controllers\\Credentials.php', 20)
 2 SYSTEMPATH\CodeIgniter.php(934): App\Controllers\Credentials->login_check()
 3 SYSTEMPATH\CodeIgniter.php(499): CodeIgniter\CodeIgniter->runController(Object(App\Controllers\Credentials))
 4 SYSTEMPATH\CodeIgniter.php(368): CodeIgniter\CodeIgniter->handleRequest(null, Object(Config\Cache), false)
 5 FCPATH\index.php(67): CodeIgniter\CodeIgniter->run()
WARNING - 2023-03-02 13:27:21 --> [DEPRECATED] Creation of dynamic property App\Controllers\Credentials::$credentials_model is deprecated in APPPATH\Controllers\Credentials.php on line 9.
 1 SYSTEMPATH\CodeIgniter.php(906): App\Controllers\Credentials->__construct()
 2 SYSTEMPATH\CodeIgniter.php(490): CodeIgniter\CodeIgniter->createController()
 3 SYSTEMPATH\CodeIgniter.php(368): CodeIgniter\CodeIgniter->handleRequest(null, Object(Config\Cache), false)
 4 FCPATH\index.php(67): CodeIgniter\CodeIgniter->run()
CRITICAL - 2023-03-02 13:27:21 --> Call to a member function check() on null
in APPPATH\Controllers\Credentials.php on line 21.
 1 SYSTEMPATH\CodeIgniter.php(934): App\Controllers\Credentials->login_check()
 2 SYSTEMPATH\CodeIgniter.php(499): CodeIgniter\CodeIgniter->runController(Object(App\Controllers\Credentials))
 3 SYSTEMPATH\CodeIgniter.php(368): CodeIgniter\CodeIgniter->handleRequest(null, Object(Config\Cache), false)
 4 FCPATH\index.php(67): CodeIgniter\CodeIgniter->run()
WARNING - 2023-03-02 13:28:00 --> [DEPRECATED] Creation of dynamic property App\Controllers\Credentials::$credentials_model is deprecated in APPPATH\Controllers\Credentials.php on line 9.
 1 SYSTEMPATH\CodeIgniter.php(906): App\Controllers\Credentials->__construct()
 2 SYSTEMPATH\CodeIgniter.php(490): CodeIgniter\CodeIgniter->createController()
 3 SYSTEMPATH\CodeIgniter.php(368): CodeIgniter\CodeIgniter->handleRequest(null, Object(Config\Cache), false)
 4 FCPATH\index.php(67): CodeIgniter\CodeIgniter->run()
CRITICAL - 2023-03-02 13:28:00 --> Call to a member function check() on null
in APPPATH\Controllers\Credentials.php on line 21.
 1 SYSTEMPATH\CodeIgniter.php(934): App\Controllers\Credentials->login_check()
 2 SYSTEMPATH\CodeIgniter.php(499): CodeIgniter\CodeIgniter->runController(Object(App\Controllers\Credentials))
 3 SYSTEMPATH\CodeIgniter.php(368): CodeIgniter\CodeIgniter->handleRequest(null, Object(Config\Cache), false)
 4 FCPATH\index.php(67): CodeIgniter\CodeIgniter->run()
WARNING - 2023-03-02 13:28:10 --> [DEPRECATED] Creation of dynamic property App\Controllers\Credentials::$credentials_model is deprecated in APPPATH\Controllers\Credentials.php on line 9.
 1 SYSTEMPATH\CodeIgniter.php(906): App\Controllers\Credentials->__construct()
 2 SYSTEMPATH\CodeIgniter.php(490): CodeIgniter\CodeIgniter->createController()
 3 SYSTEMPATH\CodeIgniter.php(368): CodeIgniter\CodeIgniter->handleRequest(null, Object(Config\Cache), false)
 4 FCPATH\index.php(67): CodeIgniter\CodeIgniter->run()
CRITICAL - 2023-03-02 13:28:43 --> syntax error, unexpected token "{"
in APPPATH\Controllers\Credentials.php on line 21.
 1 SYSTEMPATH\Autoloader\Autoloader.php(289): CodeIgniter\Autoloader\Autoloader->includeFile('APPPATH\\Controllers\\Credentials.php')
 2 SYSTEMPATH\Autoloader\Autoloader.php(267): CodeIgniter\Autoloader\Autoloader->loadInNamespace('App\\Controllers\\Credentials')
 3 [internal function]: CodeIgniter\Autoloader\Autoloader->loadClass('App\\Controllers\\Credentials')
 4 SYSTEMPATH\CodeIgniter.php(892): class_exists('\\App\\Controllers\\Credentials', true)
 5 SYSTEMPATH\CodeIgniter.php(486): CodeIgniter\CodeIgniter->startController()
 6 SYSTEMPATH\CodeIgniter.php(368): CodeIgniter\CodeIgniter->handleRequest(null, Object(Config\Cache), false)
 7 FCPATH\index.php(67): CodeIgniter\CodeIgniter->run()
WARNING - 2023-03-02 13:29:08 --> [DEPRECATED] Creation of dynamic property App\Controllers\Credentials::$credentials_model is deprecated in APPPATH\Controllers\Credentials.php on line 9.
 1 SYSTEMPATH\CodeIgniter.php(906): App\Controllers\Credentials->__construct()
 2 SYSTEMPATH\CodeIgniter.php(490): CodeIgniter\CodeIgniter->createController()
 3 SYSTEMPATH\CodeIgniter.php(368): CodeIgniter\CodeIgniter->handleRequest(null, Object(Config\Cache), false)
 4 FCPATH\index.php(67): CodeIgniter\CodeIgniter->run()
CRITICAL - 2023-03-02 13:29:08 --> Call to undefined function App\Controllers\is_empty()
in APPPATH\Controllers\Credentials.php on line 21.
 1 SYSTEMPATH\CodeIgniter.php(934): App\Controllers\Credentials->login_check()
 2 SYSTEMPATH\CodeIgniter.php(499): CodeIgniter\CodeIgniter->runController(Object(App\Controllers\Credentials))
 3 SYSTEMPATH\CodeIgniter.php(368): CodeIgniter\CodeIgniter->handleRequest(null, Object(Config\Cache), false)
 4 FCPATH\index.php(67): CodeIgniter\CodeIgniter->run()
WARNING - 2023-03-02 13:29:26 --> [DEPRECATED] Creation of dynamic property App\Controllers\Credentials::$credentials_model is deprecated in APPPATH\Controllers\Credentials.php on line 9.
 1 SYSTEMPATH\CodeIgniter.php(906): App\Controllers\Credentials->__construct()
 2 SYSTEMPATH\CodeIgniter.php(490): CodeIgniter\CodeIgniter->createController()
 3 SYSTEMPATH\CodeIgniter.php(368): CodeIgniter\CodeIgniter->handleRequest(null, Object(Config\Cache), false)
 4 FCPATH\index.php(67): CodeIgniter\CodeIgniter->run()
WARNING - 2023-03-02 13:29:37 --> [DEPRECATED] Creation of dynamic property App\Controllers\Credentials::$credentials_model is deprecated in APPPATH\Controllers\Credentials.php on line 9.
 1 SYSTEMPATH\CodeIgniter.php(906): App\Controllers\Credentials->__construct()
 2 SYSTEMPATH\CodeIgniter.php(490): CodeIgniter\CodeIgniter->createController()
 3 SYSTEMPATH\CodeIgniter.php(368): CodeIgniter\CodeIgniter->handleRequest(null, Object(Config\Cache), false)
 4 FCPATH\index.php(67): CodeIgniter\CodeIgniter->run()
CRITICAL - 2023-03-02 13:29:37 --> Call to a member function check() on null
in APPPATH\Controllers\Credentials.php on line 21.
 1 SYSTEMPATH\CodeIgniter.php(934): App\Controllers\Credentials->login_check()
 2 SYSTEMPATH\CodeIgniter.php(499): CodeIgniter\CodeIgniter->runController(Object(App\Controllers\Credentials))
 3 SYSTEMPATH\CodeIgniter.php(368): CodeIgniter\CodeIgniter->handleRequest(null, Object(Config\Cache), false)
 4 FCPATH\index.php(67): CodeIgniter\CodeIgniter->run()
WARNING - 2023-03-02 13:30:04 --> [DEPRECATED] Creation of dynamic property App\Controllers\Credentials::$credentials_model is deprecated in APPPATH\Controllers\Credentials.php on line 9.
 1 SYSTEMPATH\CodeIgniter.php(906): App\Controllers\Credentials->__construct()
 2 SYSTEMPATH\CodeIgniter.php(490): CodeIgniter\CodeIgniter->createController()
 3 SYSTEMPATH\CodeIgniter.php(368): CodeIgniter\CodeIgniter->handleRequest(null, Object(Config\Cache), false)
 4 FCPATH\index.php(67): CodeIgniter\CodeIgniter->run()
WARNING - 2023-03-02 13:30:16 --> [DEPRECATED] Creation of dynamic property App\Controllers\Credentials::$credentials_model is deprecated in APPPATH\Controllers\Credentials.php on line 9.
 1 SYSTEMPATH\CodeIgniter.php(906): App\Controllers\Credentials->__construct()
 2 SYSTEMPATH\CodeIgniter.php(490): CodeIgniter\CodeIgniter->createController()
 3 SYSTEMPATH\CodeIgniter.php(368): CodeIgniter\CodeIgniter->handleRequest(null, Object(Config\Cache), false)
 4 FCPATH\index.php(67): CodeIgniter\CodeIgniter->run()
WARNING - 2023-03-02 13:30:19 --> [DEPRECATED] Creation of dynamic property App\Controllers\Credentials::$credentials_model is deprecated in APPPATH\Controllers\Credentials.php on line 9.
 1 SYSTEMPATH\CodeIgniter.php(906): App\Controllers\Credentials->__construct()
 2 SYSTEMPATH\CodeIgniter.php(490): CodeIgniter\CodeIgniter->createController()
 3 SYSTEMPATH\CodeIgniter.php(368): CodeIgniter\CodeIgniter->handleRequest(null, Object(Config\Cache), false)
 4 FCPATH\index.php(67): CodeIgniter\CodeIgniter->run()
WARNING - 2023-03-02 13:30:34 --> [DEPRECATED] Creation of dynamic property App\Controllers\Credentials::$credentials_model is deprecated in APPPATH\Controllers\Credentials.php on line 9.
 1 SYSTEMPATH\CodeIgniter.php(906): App\Controllers\Credentials->__construct()
 2 SYSTEMPATH\CodeIgniter.php(490): CodeIgniter\CodeIgniter->createController()
 3 SYSTEMPATH\CodeIgniter.php(368): CodeIgniter\CodeIgniter->handleRequest(null, Object(Config\Cache), false)
 4 FCPATH\index.php(67): CodeIgniter\CodeIgniter->run()
CRITICAL - 2023-03-02 13:31:19 --> syntax error, unexpected variable "$_POST"
in APPPATH\Controllers\Credentials.php on line 30.
 1 SYSTEMPATH\Autoloader\Autoloader.php(289): CodeIgniter\Autoloader\Autoloader->includeFile('APPPATH\\Controllers\\Credentials.php')
 2 SYSTEMPATH\Autoloader\Autoloader.php(267): CodeIgniter\Autoloader\Autoloader->loadInNamespace('App\\Controllers\\Credentials')
 3 [internal function]: CodeIgniter\Autoloader\Autoloader->loadClass('App\\Controllers\\Credentials')
 4 SYSTEMPATH\CodeIgniter.php(892): class_exists('\\App\\Controllers\\Credentials', true)
 5 SYSTEMPATH\CodeIgniter.php(486): CodeIgniter\CodeIgniter->startController()
 6 SYSTEMPATH\CodeIgniter.php(368): CodeIgniter\CodeIgniter->handleRequest(null, Object(Config\Cache), false)
 7 FCPATH\index.php(67): CodeIgniter\CodeIgniter->run()
CRITICAL - 2023-03-02 13:31:34 --> syntax error, unexpected variable "$_POST"
in APPPATH\Controllers\Credentials.php on line 30.
 1 SYSTEMPATH\Autoloader\Autoloader.php(289): CodeIgniter\Autoloader\Autoloader->includeFile('APPPATH\\Controllers\\Credentials.php')
 2 SYSTEMPATH\Autoloader\Autoloader.php(267): CodeIgniter\Autoloader\Autoloader->loadInNamespace('App\\Controllers\\Credentials')
 3 [internal function]: CodeIgniter\Autoloader\Autoloader->loadClass('App\\Controllers\\Credentials')
 4 SYSTEMPATH\CodeIgniter.php(892): class_exists('\\App\\Controllers\\Credentials', true)
 5 SYSTEMPATH\CodeIgniter.php(486): CodeIgniter\CodeIgniter->startController()
 6 SYSTEMPATH\CodeIgniter.php(368): CodeIgniter\CodeIgniter->handleRequest(null, Object(Config\Cache), false)
 7 FCPATH\index.php(67): CodeIgniter\CodeIgniter->run()
WARNING - 2023-03-02 13:31:44 --> [DEPRECATED] Creation of dynamic property App\Controllers\Credentials::$credentials_model is deprecated in APPPATH\Controllers\Credentials.php on line 9.
 1 SYSTEMPATH\CodeIgniter.php(906): App\Controllers\Credentials->__construct()
 2 SYSTEMPATH\CodeIgniter.php(490): CodeIgniter\CodeIgniter->createController()
 3 SYSTEMPATH\CodeIgniter.php(368): CodeIgniter\CodeIgniter->handleRequest(null, Object(Config\Cache), false)
 4 FCPATH\index.php(67): CodeIgniter\CodeIgniter->run()
CRITICAL - 2023-03-02 13:39:48 --> syntax error, unexpected string content "", expecting "-" or identifier or variable or number
in APPPATH\Models\Credentials_model.php on line 18.
 1 SYSTEMPATH\Autoloader\Autoloader.php(289): CodeIgniter\Autoloader\Autoloader->includeFile('APPPATH\\Models\\Credentials_model.php')
 2 SYSTEMPATH\Autoloader\Autoloader.php(267): CodeIgniter\Autoloader\Autoloader->loadInNamespace('App\\Models\\Credentials_model')
 3 APPPATH\Controllers\Credentials.php(9): CodeIgniter\Autoloader\Autoloader->loadClass('App\\Models\\Credentials_model')
 4 SYSTEMPATH\CodeIgniter.php(906): App\Controllers\Credentials->__construct()
 5 SYSTEMPATH\CodeIgniter.php(490): CodeIgniter\CodeIgniter->createController()
 6 SYSTEMPATH\CodeIgniter.php(368): CodeIgniter\CodeIgniter->handleRequest(null, Object(Config\Cache), false)
 7 FCPATH\index.php(67): CodeIgniter\CodeIgniter->run()
CRITICAL - 2023-03-02 13:39:59 --> syntax error, unexpected string content "", expecting "-" or identifier or variable or number
in APPPATH\Models\Credentials_model.php on line 18.
 1 SYSTEMPATH\Autoloader\Autoloader.php(289): CodeIgniter\Autoloader\Autoloader->includeFile('APPPATH\\Models\\Credentials_model.php')
 2 SYSTEMPATH\Autoloader\Autoloader.php(267): CodeIgniter\Autoloader\Autoloader->loadInNamespace('App\\Models\\Credentials_model')
 3 APPPATH\Controllers\Credentials.php(9): CodeIgniter\Autoloader\Autoloader->loadClass('App\\Models\\Credentials_model')
 4 SYSTEMPATH\CodeIgniter.php(906): App\Controllers\Credentials->__construct()
 5 SYSTEMPATH\CodeIgniter.php(490): CodeIgniter\CodeIgniter->createController()
 6 SYSTEMPATH\CodeIgniter.php(368): CodeIgniter\CodeIgniter->handleRequest(null, Object(Config\Cache), false)
 7 FCPATH\index.php(67): CodeIgniter\CodeIgniter->run()
CRITICAL - 2023-03-02 13:40:59 --> syntax error, unexpected string content "", expecting "-" or identifier or variable or number
in APPPATH\Models\Credentials_model.php on line 18.
 1 SYSTEMPATH\Autoloader\Autoloader.php(289): CodeIgniter\Autoloader\Autoloader->includeFile('APPPATH\\Models\\Credentials_model.php')
 2 SYSTEMPATH\Autoloader\Autoloader.php(267): CodeIgniter\Autoloader\Autoloader->loadInNamespace('App\\Models\\Credentials_model')
 3 APPPATH\Controllers\Credentials.php(9): CodeIgniter\Autoloader\Autoloader->loadClass('App\\Models\\Credentials_model')
 4 SYSTEMPATH\CodeIgniter.php(906): App\Controllers\Credentials->__construct()
 5 SYSTEMPATH\CodeIgniter.php(490): CodeIgniter\CodeIgniter->createController()
 6 SYSTEMPATH\CodeIgniter.php(368): CodeIgniter\CodeIgniter->handleRequest(null, Object(Config\Cache), false)
 7 FCPATH\index.php(67): CodeIgniter\CodeIgniter->run()
CRITICAL - 2023-03-02 13:42:24 --> syntax error, unexpected string content "", expecting "-" or identifier or variable or number
in APPPATH\Models\Credentials_model.php on line 18.
 1 SYSTEMPATH\Autoloader\Autoloader.php(289): CodeIgniter\Autoloader\Autoloader->includeFile('APPPATH\\Models\\Credentials_model.php')
 2 SYSTEMPATH\Autoloader\Autoloader.php(267): CodeIgniter\Autoloader\Autoloader->loadInNamespace('App\\Models\\Credentials_model')
 3 APPPATH\Controllers\Credentials.php(9): CodeIgniter\Autoloader\Autoloader->loadClass('App\\Models\\Credentials_model')
 4 SYSTEMPATH\CodeIgniter.php(906): App\Controllers\Credentials->__construct()
 5 SYSTEMPATH\CodeIgniter.php(490): CodeIgniter\CodeIgniter->createController()
 6 SYSTEMPATH\CodeIgniter.php(368): CodeIgniter\CodeIgniter->handleRequest(null, Object(Config\Cache), false)
 7 FCPATH\index.php(67): CodeIgniter\CodeIgniter->run()
CRITICAL - 2023-03-02 13:43:41 --> syntax error, unexpected string content "", expecting "-" or identifier or variable or number
in APPPATH\Models\Credentials_model.php on line 18.
 1 SYSTEMPATH\Autoloader\Autoloader.php(289): CodeIgniter\Autoloader\Autoloader->includeFile('APPPATH\\Models\\Credentials_model.php')
 2 SYSTEMPATH\Autoloader\Autoloader.php(267): CodeIgniter\Autoloader\Autoloader->loadInNamespace('App\\Models\\Credentials_model')
 3 APPPATH\Controllers\Credentials.php(9): CodeIgniter\Autoloader\Autoloader->loadClass('App\\Models\\Credentials_model')
 4 SYSTEMPATH\CodeIgniter.php(906): App\Controllers\Credentials->__construct()
 5 SYSTEMPATH\CodeIgniter.php(490): CodeIgniter\CodeIgniter->createController()
 6 SYSTEMPATH\CodeIgniter.php(368): CodeIgniter\CodeIgniter->handleRequest(null, Object(Config\Cache), false)
 7 FCPATH\index.php(67): CodeIgniter\CodeIgniter->run()
CRITICAL - 2023-03-02 13:43:58 --> syntax error, unexpected string content "", expecting "-" or identifier or variable or number
in APPPATH\Models\Credentials_model.php on line 20.
 1 SYSTEMPATH\Autoloader\Autoloader.php(289): CodeIgniter\Autoloader\Autoloader->includeFile('APPPATH\\Models\\Credentials_model.php')
 2 SYSTEMPATH\Autoloader\Autoloader.php(267): CodeIgniter\Autoloader\Autoloader->loadInNamespace('App\\Models\\Credentials_model')
 3 APPPATH\Controllers\Credentials.php(9): CodeIgniter\Autoloader\Autoloader->loadClass('App\\Models\\Credentials_model')
 4 SYSTEMPATH\CodeIgniter.php(906): App\Controllers\Credentials->__construct()
 5 SYSTEMPATH\CodeIgniter.php(490): CodeIgniter\CodeIgniter->createController()
 6 SYSTEMPATH\CodeIgniter.php(368): CodeIgniter\CodeIgniter->handleRequest(null, Object(Config\Cache), false)
 7 FCPATH\index.php(67): CodeIgniter\CodeIgniter->run()
CRITICAL - 2023-03-02 13:43:59 --> syntax error, unexpected string content "", expecting "-" or identifier or variable or number
in APPPATH\Models\Credentials_model.php on line 20.
 1 SYSTEMPATH\Autoloader\Autoloader.php(289): CodeIgniter\Autoloader\Autoloader->includeFile('APPPATH\\Models\\Credentials_model.php')
 2 SYSTEMPATH\Autoloader\Autoloader.php(267): CodeIgniter\Autoloader\Autoloader->loadInNamespace('App\\Models\\Credentials_model')
 3 APPPATH\Controllers\Credentials.php(9): CodeIgniter\Autoloader\Autoloader->loadClass('App\\Models\\Credentials_model')
 4 SYSTEMPATH\CodeIgniter.php(906): App\Controllers\Credentials->__construct()
 5 SYSTEMPATH\CodeIgniter.php(490): CodeIgniter\CodeIgniter->createController()
 6 SYSTEMPATH\CodeIgniter.php(368): CodeIgniter\CodeIgniter->handleRequest(null, Object(Config\Cache), false)
 7 FCPATH\index.php(67): CodeIgniter\CodeIgniter->run()
CRITICAL - 2023-03-02 13:44:00 --> syntax error, unexpected string content "", expecting "-" or identifier or variable or number
in APPPATH\Models\Credentials_model.php on line 20.
 1 SYSTEMPATH\Autoloader\Autoloader.php(289): CodeIgniter\Autoloader\Autoloader->includeFile('APPPATH\\Models\\Credentials_model.php')
 2 SYSTEMPATH\Autoloader\Autoloader.php(267): CodeIgniter\Autoloader\Autoloader->loadInNamespace('App\\Models\\Credentials_model')
 3 APPPATH\Controllers\Credentials.php(9): CodeIgniter\Autoloader\Autoloader->loadClass('App\\Models\\Credentials_model')
 4 SYSTEMPATH\CodeIgniter.php(906): App\Controllers\Credentials->__construct()
 5 SYSTEMPATH\CodeIgniter.php(490): CodeIgniter\CodeIgniter->createController()
 6 SYSTEMPATH\CodeIgniter.php(368): CodeIgniter\CodeIgniter->handleRequest(null, Object(Config\Cache), false)
 7 FCPATH\index.php(67): CodeIgniter\CodeIgniter->run()
CRITICAL - 2023-03-02 13:44:00 --> syntax error, unexpected string content "", expecting "-" or identifier or variable or number
in APPPATH\Models\Credentials_model.php on line 20.
 1 SYSTEMPATH\Autoloader\Autoloader.php(289): CodeIgniter\Autoloader\Autoloader->includeFile('APPPATH\\Models\\Credentials_model.php')
 2 SYSTEMPATH\Autoloader\Autoloader.php(267): CodeIgniter\Autoloader\Autoloader->loadInNamespace('App\\Models\\Credentials_model')
 3 APPPATH\Controllers\Credentials.php(9): CodeIgniter\Autoloader\Autoloader->loadClass('App\\Models\\Credentials_model')
 4 SYSTEMPATH\CodeIgniter.php(906): App\Controllers\Credentials->__construct()
 5 SYSTEMPATH\CodeIgniter.php(490): CodeIgniter\CodeIgniter->createController()
 6 SYSTEMPATH\CodeIgniter.php(368): CodeIgniter\CodeIgniter->handleRequest(null, Object(Config\Cache), false)
 7 FCPATH\index.php(67): CodeIgniter\CodeIgniter->run()
CRITICAL - 2023-03-02 13:44:00 --> syntax error, unexpected string content "", expecting "-" or identifier or variable or number
in APPPATH\Models\Credentials_model.php on line 20.
 1 SYSTEMPATH\Autoloader\Autoloader.php(289): CodeIgniter\Autoloader\Autoloader->includeFile('APPPATH\\Models\\Credentials_model.php')
 2 SYSTEMPATH\Autoloader\Autoloader.php(267): CodeIgniter\Autoloader\Autoloader->loadInNamespace('App\\Models\\Credentials_model')
 3 APPPATH\Controllers\Credentials.php(9): CodeIgniter\Autoloader\Autoloader->loadClass('App\\Models\\Credentials_model')
 4 SYSTEMPATH\CodeIgniter.php(906): App\Controllers\Credentials->__construct()
 5 SYSTEMPATH\CodeIgniter.php(490): CodeIgniter\CodeIgniter->createController()
 6 SYSTEMPATH\CodeIgniter.php(368): CodeIgniter\CodeIgniter->handleRequest(null, Object(Config\Cache), false)
 7 FCPATH\index.php(67): CodeIgniter\CodeIgniter->run()
WARNING - 2023-03-02 13:44:52 --> [DEPRECATED] Creation of dynamic property App\Controllers\Credentials::$credentials_model is deprecated in APPPATH\Controllers\Credentials.php on line 9.
 1 SYSTEMPATH\CodeIgniter.php(906): App\Controllers\Credentials->__construct()
 2 SYSTEMPATH\CodeIgniter.php(490): CodeIgniter\CodeIgniter->createController()
 3 SYSTEMPATH\CodeIgniter.php(368): CodeIgniter\CodeIgniter->handleRequest(null, Object(Config\Cache), false)
 4 FCPATH\index.php(67): CodeIgniter\CodeIgniter->run()
WARNING - 2023-03-02 13:45:01 --> [DEPRECATED] Creation of dynamic property App\Controllers\Credentials::$credentials_model is deprecated in APPPATH\Controllers\Credentials.php on line 9.
 1 SYSTEMPATH\CodeIgniter.php(906): App\Controllers\Credentials->__construct()
 2 SYSTEMPATH\CodeIgniter.php(490): CodeIgniter\CodeIgniter->createController()
 3 SYSTEMPATH\CodeIgniter.php(368): CodeIgniter\CodeIgniter->handleRequest(null, Object(Config\Cache), false)
 4 FCPATH\index.php(67): CodeIgniter\CodeIgniter->run()
CRITICAL - 2023-03-02 13:45:01 --> Array to string conversion
in APPPATH\Models\Credentials_model.php on line 18.
 1 APPPATH\Models\Credentials_model.php(18): CodeIgniter\Debug\Exceptions->errorHandler(2, 'Array to string conversion', 'APPPATH\\Models\\Credentials_model.php', 18)
 2 APPPATH\Controllers\Credentials.php(30): App\Models\Credentials_model->register_user([...])
 3 SYSTEMPATH\CodeIgniter.php(934): App\Controllers\Credentials->register()
 4 SYSTEMPATH\CodeIgniter.php(499): CodeIgniter\CodeIgniter->runController(Object(App\Controllers\Credentials))
 5 SYSTEMPATH\CodeIgniter.php(368): CodeIgniter\CodeIgniter->handleRequest(null, Object(Config\Cache), false)
 6 FCPATH\index.php(67): CodeIgniter\CodeIgniter->run()
